[1.141s] Invoking command in '/home/jin/AB_Jin_Tao/simulation/simulation_ros2/src/run_simulation': PYTHONPATH=/home/jin/AB_Jin_Tao/simulation/simulation_ros2/build/run_simulation/prefix_override:/home/jin/AB_Jin_Tao/simulation/simulation_ros2/install/run_simulation/lib/python3.10/site-packages:${PYTHONPATH} /usr/bin/python3 setup.py egg_info --egg-base ../../build/run_simulation build --build-base /home/jin/AB_Jin_Tao/simulation/simulation_ros2/build/run_simulation/build install --record /home/jin/AB_Jin_Tao/simulation/simulation_ros2/build/run_simulation/install.log --single-version-externally-managed
[1.305s] running egg_info
[1.306s] writing ../../build/run_simulation/run_simulation.egg-info/PKG-INFO
[1.306s] writing dependency_links to ../../build/run_simulation/run_simulation.egg-info/dependency_links.txt
[1.306s] writing entry points to ../../build/run_simulation/run_simulation.egg-info/entry_points.txt
[1.306s] writing requirements to ../../build/run_simulation/run_simulation.egg-info/requires.txt
[1.307s] writing top-level names to ../../build/run_simulation/run_simulation.egg-info/top_level.txt
[1.307s] reading manifest file '../../build/run_simulation/run_simulation.egg-info/SOURCES.txt'
[1.307s] adding license file 'LICENSE'
[1.308s] writing manifest file '../../build/run_simulation/run_simulation.egg-info/SOURCES.txt'
[1.308s] running build
[1.308s] running build_py
[1.308s] copying run_simulation/run_simulation_node.py -> /home/jin/AB_Jin_Tao/simulation/simulation_ros2/build/run_simulation/build/lib/run_simulation
[1.308s] running install
[1.309s] running install_lib
[1.309s] /usr/lib/python3/dist-packages/setuptools/command/install.py:34: SetuptoolsDeprecationWarning: setup.py install is deprecated. Use build and pip and other standards-based tools.
[1.309s]   warnings.warn(
[1.310s] copying /home/jin/AB_Jin_Tao/simulation/simulation_ros2/build/run_simulation/build/lib/run_simulation/run_simulation_node.py -> /home/jin/AB_Jin_Tao/simulation/simulation_ros2/install/run_simulation/lib/python3.10/site-packages/run_simulation
[1.310s] byte-compiling /home/jin/AB_Jin_Tao/simulation/simulation_ros2/install/run_simulation/lib/python3.10/site-packages/run_simulation/run_simulation_node.py to run_simulation_node.cpython-310.pyc
[1.311s] running install_data
[1.311s] running install_egg_info
[1.312s] removing '/home/jin/AB_Jin_Tao/simulation/simulation_ros2/install/run_simulation/lib/python3.10/site-packages/run_simulation-0.0.0-py3.10.egg-info' (and everything under it)
[1.313s] Copying ../../build/run_simulation/run_simulation.egg-info to /home/jin/AB_Jin_Tao/simulation/simulation_ros2/install/run_simulation/lib/python3.10/site-packages/run_simulation-0.0.0-py3.10.egg-info
[1.313s] running install_scripts
[1.330s] Installing run_simulation_exec script to /home/jin/AB_Jin_Tao/simulation/simulation_ros2/install/run_simulation/lib/run_simulation
[1.330s] writing list of installed files to '/home/jin/AB_Jin_Tao/simulation/simulation_ros2/build/run_simulation/install.log'
[1.394s] Invoked command in '/home/jin/AB_Jin_Tao/simulation/simulation_ros2/src/run_simulation' returned '0': PYTHONPATH=/home/jin/AB_Jin_Tao/simulation/simulation_ros2/build/run_simulation/prefix_override:/home/jin/AB_Jin_Tao/simulation/simulation_ros2/install/run_simulation/lib/python3.10/site-packages:${PYTHONPATH} /usr/bin/python3 setup.py egg_info --egg-base ../../build/run_simulation build --build-base /home/jin/AB_Jin_Tao/simulation/simulation_ros2/build/run_simulation/build install --record /home/jin/AB_Jin_Tao/simulation/simulation_ros2/build/run_simulation/install.log --single-version-externally-managed
