[1.422s] Invoking command in '/home/jin/AB_Jin_Tao/simulation/simulation_ros2/src/simulation_launch': PYTHONPATH=/home/jin/AB_Jin_Tao/simulation/simulation_ros2/build/simulation_launch/prefix_override:/home/jin/AB_Jin_Tao/simulation/simulation_ros2/install/simulation_launch/lib/python3.10/site-packages:${PYTHONPATH} /usr/bin/python3 setup.py egg_info --egg-base ../../build/simulation_launch build --build-base /home/jin/AB_Jin_Tao/simulation/simulation_ros2/build/simulation_launch/build install --record /home/jin/AB_Jin_Tao/simulation/simulation_ros2/build/simulation_launch/install.log --single-version-externally-managed
[1.582s] running egg_info
[1.584s] creating ../../build/simulation_launch/simulation_launch.egg-info
[1.584s] writing ../../build/simulation_launch/simulation_launch.egg-info/PKG-INFO
[1.584s] writing dependency_links to ../../build/simulation_launch/simulation_launch.egg-info/dependency_links.txt
[1.584s] writing entry points to ../../build/simulation_launch/simulation_launch.egg-info/entry_points.txt
[1.584s] writing requirements to ../../build/simulation_launch/simulation_launch.egg-info/requires.txt
[1.584s] writing top-level names to ../../build/simulation_launch/simulation_launch.egg-info/top_level.txt
[1.584s] writing manifest file '../../build/simulation_launch/simulation_launch.egg-info/SOURCES.txt'
[1.584s] reading manifest file '../../build/simulation_launch/simulation_launch.egg-info/SOURCES.txt'
[1.585s] writing manifest file '../../build/simulation_launch/simulation_launch.egg-info/SOURCES.txt'
[1.585s] running build
[1.585s] running build_py
[1.585s] creating /home/jin/AB_Jin_Tao/simulation/simulation_ros2/build/simulation_launch/build
[1.585s] creating /home/jin/AB_Jin_Tao/simulation/simulation_ros2/build/simulation_launch/build/lib
[1.585s] creating /home/jin/AB_Jin_Tao/simulation/simulation_ros2/build/simulation_launch/build/lib/simulation_launch
[1.585s] copying simulation_launch/__init__.py -> /home/jin/AB_Jin_Tao/simulation/simulation_ros2/build/simulation_launch/build/lib/simulation_launch
[1.585s] running install
[1.586s] running install_lib
[1.586s] creating /home/jin/AB_Jin_Tao/simulation/simulation_ros2/install/simulation_launch/lib/python3.10/site-packages/simulation_launch
[1.586s] copying /home/jin/AB_Jin_Tao/simulation/simulation_ros2/build/simulation_launch/build/lib/simulation_launch/__init__.py -> /home/jin/AB_Jin_Tao/simulation/simulation_ros2/install/simulation_launch/lib/python3.10/site-packages/simulation_launch
[1.586s] /usr/lib/python3/dist-packages/setuptools/command/install.py:34: SetuptoolsDeprecationWarning: setup.py install is deprecated. Use build and pip and other standards-based tools.
[1.586s]   warnings.warn(
[1.586s] byte-compiling /home/jin/AB_Jin_Tao/simulation/simulation_ros2/install/simulation_launch/lib/python3.10/site-packages/simulation_launch/__init__.py to __init__.cpython-310.pyc
[1.586s] running install_data
[1.587s] creating /home/jin/AB_Jin_Tao/simulation/simulation_ros2/install/simulation_launch/share/ament_index
[1.587s] creating /home/jin/AB_Jin_Tao/simulation/simulation_ros2/install/simulation_launch/share/ament_index/resource_index
[1.587s] creating /home/jin/AB_Jin_Tao/simulation/simulation_ros2/install/simulation_launch/share/ament_index/resource_index/packages
[1.587s] copying resource/simulation_launch -> /home/jin/AB_Jin_Tao/simulation/simulation_ros2/install/simulation_launch/share/ament_index/resource_index/packages
[1.587s] copying package.xml -> /home/jin/AB_Jin_Tao/simulation/simulation_ros2/install/simulation_launch/share/simulation_launch
[1.587s] running install_egg_info
[1.588s] Copying ../../build/simulation_launch/simulation_launch.egg-info to /home/jin/AB_Jin_Tao/simulation/simulation_ros2/install/simulation_launch/lib/python3.10/site-packages/simulation_launch-0.0.0-py3.10.egg-info
[1.588s] running install_scripts
[1.604s] writing list of installed files to '/home/jin/AB_Jin_Tao/simulation/simulation_ros2/build/simulation_launch/install.log'
[1.627s] Invoked command in '/home/jin/AB_Jin_Tao/simulation/simulation_ros2/src/simulation_launch' returned '0': PYTHONPATH=/home/jin/AB_Jin_Tao/simulation/simulation_ros2/build/simulation_launch/prefix_override:/home/jin/AB_Jin_Tao/simulation/simulation_ros2/install/simulation_launch/lib/python3.10/site-packages:${PYTHONPATH} /usr/bin/python3 setup.py egg_info --egg-base ../../build/simulation_launch build --build-base /home/jin/AB_Jin_Tao/simulation/simulation_ros2/build/simulation_launch/build install --record /home/jin/AB_Jin_Tao/simulation/simulation_ros2/build/simulation_launch/install.log --single-version-externally-managed
