[1.726s] Invoking command in '/home/jin/AB_Jin_Tao/simulation/simulation_ros2/src/driving_decision': PYTHONPATH=/home/jin/AB_Jin_Tao/simulation/simulation_ros2/build/driving_decision/prefix_override:/home/jin/AB_Jin_Tao/simulation/simulation_ros2/install/driving_decision/lib/python3.10/site-packages:${PYTHONPATH} /usr/bin/python3 setup.py egg_info --egg-base ../../build/driving_decision build --build-base /home/jin/AB_Jin_Tao/simulation/simulation_ros2/build/driving_decision/build install --record /home/jin/AB_Jin_Tao/simulation/simulation_ros2/build/driving_decision/install.log --single-version-externally-managed
[1.895s] running egg_info
[1.896s] writing ../../build/driving_decision/driving_decision.egg-info/PKG-INFO
[1.896s] writing dependency_links to ../../build/driving_decision/driving_decision.egg-info/dependency_links.txt
[1.896s] writing entry points to ../../build/driving_decision/driving_decision.egg-info/entry_points.txt
[1.896s] writing requirements to ../../build/driving_decision/driving_decision.egg-info/requires.txt
[1.896s] writing top-level names to ../../build/driving_decision/driving_decision.egg-info/top_level.txt
[1.897s] reading manifest file '../../build/driving_decision/driving_decision.egg-info/SOURCES.txt'
[1.898s] adding license file 'LICENSE'
[1.898s] writing manifest file '../../build/driving_decision/driving_decision.egg-info/SOURCES.txt'
[1.898s] running build
[1.898s] running build_py
[1.898s] copying driving_decision/driving_decision_node.py -> /home/jin/AB_Jin_Tao/simulation/simulation_ros2/build/driving_decision/build/lib/driving_decision
[1.899s] running install
[1.899s] /usr/lib/python3/dist-packages/setuptools/command/install.py:34: SetuptoolsDeprecationWarning: setup.py install is deprecated. Use build and pip and other standards-based tools.
[1.899s]   warnings.warn(
[1.899s] running install_lib
[1.900s] copying /home/jin/AB_Jin_Tao/simulation/simulation_ros2/build/driving_decision/build/lib/driving_decision/driving_decision_node.py -> /home/jin/AB_Jin_Tao/simulation/simulation_ros2/install/driving_decision/lib/python3.10/site-packages/driving_decision
[1.900s] byte-compiling /home/jin/AB_Jin_Tao/simulation/simulation_ros2/install/driving_decision/lib/python3.10/site-packages/driving_decision/driving_decision_node.py to driving_decision_node.cpython-310.pyc
[1.901s] running install_data
[1.901s] running install_egg_info
[1.903s] removing '/home/jin/AB_Jin_Tao/simulation/simulation_ros2/install/driving_decision/lib/python3.10/site-packages/driving_decision-0.0.0-py3.10.egg-info' (and everything under it)
[1.903s] Copying ../../build/driving_decision/driving_decision.egg-info to /home/jin/AB_Jin_Tao/simulation/simulation_ros2/install/driving_decision/lib/python3.10/site-packages/driving_decision-0.0.0-py3.10.egg-info
[1.903s] running install_scripts
[1.919s] Installing driving_decision_exec script to /home/jin/AB_Jin_Tao/simulation/simulation_ros2/install/driving_decision/lib/driving_decision
[1.920s] writing list of installed files to '/home/jin/AB_Jin_Tao/simulation/simulation_ros2/build/driving_decision/install.log'
[1.965s] Invoked command in '/home/jin/AB_Jin_Tao/simulation/simulation_ros2/src/driving_decision' returned '0': PYTHONPATH=/home/jin/AB_Jin_Tao/simulation/simulation_ros2/build/driving_decision/prefix_override:/home/jin/AB_Jin_Tao/simulation/simulation_ros2/install/driving_decision/lib/python3.10/site-packages:${PYTHONPATH} /usr/bin/python3 setup.py egg_info --egg-base ../../build/driving_decision build --build-base /home/jin/AB_Jin_Tao/simulation/simulation_ros2/build/driving_decision/build install --record /home/jin/AB_Jin_Tao/simulation/simulation_ros2/build/driving_decision/install.log --single-version-externally-managed
