[0.618s] Invoking command in '/home/jin/AB_Jin_Tao/simulation/simulation_ros2/src/get_pedestrian_position_current': PYTHONPATH=/home/jin/AB_Jin_Tao/simulation/simulation_ros2/build/get_pedestrian_position_current/prefix_override:/home/jin/AB_Jin_Tao/simulation/simulation_ros2/install/get_pedestrian_position_current/lib/python3.10/site-packages:${PYTHONPATH} /usr/bin/python3 setup.py egg_info --egg-base ../../build/get_pedestrian_position_current build --build-base /home/jin/AB_Jin_Tao/simulation/simulation_ros2/build/get_pedestrian_position_current/build install --record /home/jin/AB_Jin_Tao/simulation/simulation_ros2/build/get_pedestrian_position_current/install.log --single-version-externally-managed
[0.759s] running egg_info
[0.759s] writing ../../build/get_pedestrian_position_current/get_pedestrian_position_current.egg-info/PKG-INFO
[0.760s] writing dependency_links to ../../build/get_pedestrian_position_current/get_pedestrian_position_current.egg-info/dependency_links.txt
[0.760s] writing entry points to ../../build/get_pedestrian_position_current/get_pedestrian_position_current.egg-info/entry_points.txt
[0.760s] writing requirements to ../../build/get_pedestrian_position_current/get_pedestrian_position_current.egg-info/requires.txt
[0.760s] writing top-level names to ../../build/get_pedestrian_position_current/get_pedestrian_position_current.egg-info/top_level.txt
[0.761s] reading manifest file '../../build/get_pedestrian_position_current/get_pedestrian_position_current.egg-info/SOURCES.txt'
[0.762s] adding license file 'LICENSE'
[0.762s] writing manifest file '../../build/get_pedestrian_position_current/get_pedestrian_position_current.egg-info/SOURCES.txt'
[0.762s] running build
[0.763s] running build_py
[0.763s] running install
[0.763s] /usr/lib/python3/dist-packages/setuptools/command/install.py:34: SetuptoolsDeprecationWarning: setup.py install is deprecated. Use build and pip and other standards-based tools.
[0.763s]   warnings.warn(
[0.763s] running install_lib
[0.764s] running install_data
[0.764s] running install_egg_info
[0.766s] removing '/home/jin/AB_Jin_Tao/simulation/simulation_ros2/install/get_pedestrian_position_current/lib/python3.10/site-packages/get_pedestrian_position_current-0.0.0-py3.10.egg-info' (and everything under it)
[0.766s] Copying ../../build/get_pedestrian_position_current/get_pedestrian_position_current.egg-info to /home/jin/AB_Jin_Tao/simulation/simulation_ros2/install/get_pedestrian_position_current/lib/python3.10/site-packages/get_pedestrian_position_current-0.0.0-py3.10.egg-info
[0.766s] running install_scripts
[0.780s] Installing pedestrain_pos_current script to /home/jin/AB_Jin_Tao/simulation/simulation_ros2/install/get_pedestrian_position_current/lib/get_pedestrian_position_current
[0.780s] writing list of installed files to '/home/jin/AB_Jin_Tao/simulation/simulation_ros2/build/get_pedestrian_position_current/install.log'
[0.832s] Invoked command in '/home/jin/AB_Jin_Tao/simulation/simulation_ros2/src/get_pedestrian_position_current' returned '0': PYTHONPATH=/home/jin/AB_Jin_Tao/simulation/simulation_ros2/build/get_pedestrian_position_current/prefix_override:/home/jin/AB_Jin_Tao/simulation/simulation_ros2/install/get_pedestrian_position_current/lib/python3.10/site-packages:${PYTHONPATH} /usr/bin/python3 setup.py egg_info --egg-base ../../build/get_pedestrian_position_current build --build-base /home/jin/AB_Jin_Tao/simulation/simulation_ros2/build/get_pedestrian_position_current/build install --record /home/jin/AB_Jin_Tao/simulation/simulation_ros2/build/get_pedestrian_position_current/install.log --single-version-externally-managed
