[1.089s] Invoking command in '/home/jin/AB_Jin_Tao/simulation/simulation_ros2/src/update_vehicle_state': PYTHONPATH=/home/jin/AB_Jin_Tao/simulation/simulation_ros2/build/update_vehicle_state/prefix_override:/home/jin/AB_Jin_Tao/simulation/simulation_ros2/install/update_vehicle_state/lib/python3.10/site-packages:${PYTHONPATH} /usr/bin/python3 setup.py egg_info --egg-base ../../build/update_vehicle_state build --build-base /home/jin/AB_Jin_Tao/simulation/simulation_ros2/build/update_vehicle_state/build install --record /home/jin/AB_Jin_Tao/simulation/simulation_ros2/build/update_vehicle_state/install.log --single-version-externally-managed
[1.248s] running egg_info
[1.248s] writing ../../build/update_vehicle_state/update_vehicle_state.egg-info/PKG-INFO
[1.248s] writing dependency_links to ../../build/update_vehicle_state/update_vehicle_state.egg-info/dependency_links.txt
[1.248s] writing entry points to ../../build/update_vehicle_state/update_vehicle_state.egg-info/entry_points.txt
[1.248s] writing requirements to ../../build/update_vehicle_state/update_vehicle_state.egg-info/requires.txt
[1.249s] writing top-level names to ../../build/update_vehicle_state/update_vehicle_state.egg-info/top_level.txt
[1.250s] reading manifest file '../../build/update_vehicle_state/update_vehicle_state.egg-info/SOURCES.txt'
[1.250s] adding license file 'LICENSE'
[1.251s] writing manifest file '../../build/update_vehicle_state/update_vehicle_state.egg-info/SOURCES.txt'
[1.251s] running build
[1.251s] running build_py
[1.252s] copying update_vehicle_state/update_vehicle_state_node.py -> /home/jin/AB_Jin_Tao/simulation/simulation_ros2/build/update_vehicle_state/build/lib/update_vehicle_state
[1.252s] running install
[1.252s] /usr/lib/python3/dist-packages/setuptools/command/install.py:34: SetuptoolsDeprecationWarning: setup.py install is deprecated. Use build and pip and other standards-based tools.
[1.252s]   warnings.warn(
[1.252s] running install_lib
[1.253s] copying /home/jin/AB_Jin_Tao/simulation/simulation_ros2/build/update_vehicle_state/build/lib/update_vehicle_state/update_vehicle_state_node.py -> /home/jin/AB_Jin_Tao/simulation/simulation_ros2/install/update_vehicle_state/lib/python3.10/site-packages/update_vehicle_state
[1.253s] byte-compiling /home/jin/AB_Jin_Tao/simulation/simulation_ros2/install/update_vehicle_state/lib/python3.10/site-packages/update_vehicle_state/update_vehicle_state_node.py to update_vehicle_state_node.cpython-310.pyc
[1.254s] running install_data
[1.255s] running install_egg_info
[1.255s] removing '/home/jin/AB_Jin_Tao/simulation/simulation_ros2/install/update_vehicle_state/lib/python3.10/site-packages/update_vehicle_state-0.0.0-py3.10.egg-info' (and everything under it)
[1.255s] Copying ../../build/update_vehicle_state/update_vehicle_state.egg-info to /home/jin/AB_Jin_Tao/simulation/simulation_ros2/install/update_vehicle_state/lib/python3.10/site-packages/update_vehicle_state-0.0.0-py3.10.egg-info
[1.255s] running install_scripts
[1.271s] Installing update_vehicle_state_exec script to /home/jin/AB_Jin_Tao/simulation/simulation_ros2/install/update_vehicle_state/lib/update_vehicle_state
[1.271s] writing list of installed files to '/home/jin/AB_Jin_Tao/simulation/simulation_ros2/build/update_vehicle_state/install.log'
[1.297s] Invoked command in '/home/jin/AB_Jin_Tao/simulation/simulation_ros2/src/update_vehicle_state' returned '0': PYTHONPATH=/home/jin/AB_Jin_Tao/simulation/simulation_ros2/build/update_vehicle_state/prefix_override:/home/jin/AB_Jin_Tao/simulation/simulation_ros2/install/update_vehicle_state/lib/python3.10/site-packages:${PYTHONPATH} /usr/bin/python3 setup.py egg_info --egg-base ../../build/update_vehicle_state build --build-base /home/jin/AB_Jin_Tao/simulation/simulation_ros2/build/update_vehicle_state/build install --record /home/jin/AB_Jin_Tao/simulation/simulation_ros2/build/update_vehicle_state/install.log --single-version-externally-managed
