[1.205s] Invoking command in '/home/jin/AB_Jin_Tao/simulation/simulation_ros2/src/get_pedestrian_position_current': PYTHONPATH=/home/jin/AB_Jin_Tao/simulation/simulation_ros2/build/get_pedestrian_position_current/prefix_override:/home/jin/AB_Jin_Tao/simulation/simulation_ros2/install/get_pedestrian_position_current/lib/python3.10/site-packages:${PYTHONPATH} /usr/bin/python3 setup.py egg_info --egg-base ../../build/get_pedestrian_position_current build --build-base /home/jin/AB_Jin_Tao/simulation/simulation_ros2/build/get_pedestrian_position_current/build install --record /home/jin/AB_Jin_Tao/simulation/simulation_ros2/build/get_pedestrian_position_current/install.log --single-version-externally-managed
[1.366s] running egg_info
[1.367s] writing ../../build/get_pedestrian_position_current/get_pedestrian_position_current.egg-info/PKG-INFO
[1.367s] writing dependency_links to ../../build/get_pedestrian_position_current/get_pedestrian_position_current.egg-info/dependency_links.txt
[1.367s] writing entry points to ../../build/get_pedestrian_position_current/get_pedestrian_position_current.egg-info/entry_points.txt
[1.367s] writing requirements to ../../build/get_pedestrian_position_current/get_pedestrian_position_current.egg-info/requires.txt
[1.367s] writing top-level names to ../../build/get_pedestrian_position_current/get_pedestrian_position_current.egg-info/top_level.txt
[1.368s] reading manifest file '../../build/get_pedestrian_position_current/get_pedestrian_position_current.egg-info/SOURCES.txt'
[1.368s] adding license file 'LICENSE'
[1.369s] writing manifest file '../../build/get_pedestrian_position_current/get_pedestrian_position_current.egg-info/SOURCES.txt'
[1.369s] running build
[1.369s] running build_py
[1.370s] running install
[1.370s] /usr/lib/python3/dist-packages/setuptools/command/install.py:34: SetuptoolsDeprecationWarning: setup.py install is deprecated. Use build and pip and other standards-based tools.
[1.370s]   warnings.warn(
[1.371s] running install_lib
[1.371s] running install_data
[1.372s] running install_egg_info
[1.373s] removing '/home/jin/AB_Jin_Tao/simulation/simulation_ros2/install/get_pedestrian_position_current/lib/python3.10/site-packages/get_pedestrian_position_current-0.0.0-py3.10.egg-info' (and everything under it)
[1.373s] Copying ../../build/get_pedestrian_position_current/get_pedestrian_position_current.egg-info to /home/jin/AB_Jin_Tao/simulation/simulation_ros2/install/get_pedestrian_position_current/lib/python3.10/site-packages/get_pedestrian_position_current-0.0.0-py3.10.egg-info
[1.373s] running install_scripts
[1.389s] Installing pedestrain_pos_current script to /home/jin/AB_Jin_Tao/simulation/simulation_ros2/install/get_pedestrian_position_current/lib/get_pedestrian_position_current
[1.389s] writing list of installed files to '/home/jin/AB_Jin_Tao/simulation/simulation_ros2/build/get_pedestrian_position_current/install.log'
[1.516s] Invoked command in '/home/jin/AB_Jin_Tao/simulation/simulation_ros2/src/get_pedestrian_position_current' returned '0': PYTHONPATH=/home/jin/AB_Jin_Tao/simulation/simulation_ros2/build/get_pedestrian_position_current/prefix_override:/home/jin/AB_Jin_Tao/simulation/simulation_ros2/install/get_pedestrian_position_current/lib/python3.10/site-packages:${PYTHONPATH} /usr/bin/python3 setup.py egg_info --egg-base ../../build/get_pedestrian_position_current build --build-base /home/jin/AB_Jin_Tao/simulation/simulation_ros2/build/get_pedestrian_position_current/build install --record /home/jin/AB_Jin_Tao/simulation/simulation_ros2/build/get_pedestrian_position_current/install.log --single-version-externally-managed
