running egg_info
writing ../../build/run_simulation/run_simulation.egg-info/PKG-INFO
writing dependency_links to ../../build/run_simulation/run_simulation.egg-info/dependency_links.txt
writing entry points to ../../build/run_simulation/run_simulation.egg-info/entry_points.txt
writing requirements to ../../build/run_simulation/run_simulation.egg-info/requires.txt
writing top-level names to ../../build/run_simulation/run_simulation.egg-info/top_level.txt
reading manifest file '../../build/run_simulation/run_simulation.egg-info/SOURCES.txt'
adding license file 'LICENSE'
writing manifest file '../../build/run_simulation/run_simulation.egg-info/SOURCES.txt'
running build
running build_py
/usr/lib/python3/dist-packages/setuptools/command/install.py:34: SetuptoolsDeprecationWarning: setup.py install is deprecated. Use build and pip and other standards-based tools.
  warnings.warn(
copying run_simulation/run_simulation_node.py -> /home/jin/AB_Jin_Tao/simulation/simulation_ros2/build/run_simulation/build/lib/run_simulation
running install
running install_lib
copying /home/jin/AB_Jin_Tao/simulation/simulation_ros2/build/run_simulation/build/lib/run_simulation/run_simulation_node.py -> /home/jin/AB_Jin_Tao/simulation/simulation_ros2/install/run_simulation/lib/python3.10/site-packages/run_simulation
byte-compiling /home/jin/AB_Jin_Tao/simulation/simulation_ros2/install/run_simulation/lib/python3.10/site-packages/run_simulation/run_simulation_node.py to run_simulation_node.cpython-310.pyc
running install_data
running install_egg_info
removing '/home/jin/AB_Jin_Tao/simulation/simulation_ros2/install/run_simulation/lib/python3.10/site-packages/run_simulation-0.0.0-py3.10.egg-info' (and everything under it)
Copying ../../build/run_simulation/run_simulation.egg-info to /home/jin/AB_Jin_Tao/simulation/simulation_ros2/install/run_simulation/lib/python3.10/site-packages/run_simulation-0.0.0-py3.10.egg-info
running install_scripts
Installing run_simulation_exec script to /home/jin/AB_Jin_Tao/simulation/simulation_ros2/install/run_simulation/lib/run_simulation
writing list of installed files to '/home/jin/AB_Jin_Tao/simulation/simulation_ros2/build/run_simulation/install.log'
