[1.210s] Invoking command in '/home/jin/AB_Jin_Tao/simulation/simulation_ros2/src/get_pedestrian_position_current': PYTHONPATH=/home/jin/AB_Jin_Tao/simulation/simulation_ros2/build/get_pedestrian_position_current/prefix_override:/home/jin/AB_Jin_Tao/simulation/simulation_ros2/install/get_pedestrian_position_current/lib/python3.10/site-packages:${PYTHONPATH} /usr/bin/python3 setup.py egg_info --egg-base ../../build/get_pedestrian_position_current build --build-base /home/jin/AB_Jin_Tao/simulation/simulation_ros2/build/get_pedestrian_position_current/build install --record /home/jin/AB_Jin_Tao/simulation/simulation_ros2/build/get_pedestrian_position_current/install.log --single-version-externally-managed
[1.369s] running egg_info
[1.369s] writing ../../build/get_pedestrian_position_current/get_pedestrian_position_current.egg-info/PKG-INFO
[1.370s] writing dependency_links to ../../build/get_pedestrian_position_current/get_pedestrian_position_current.egg-info/dependency_links.txt
[1.370s] writing entry points to ../../build/get_pedestrian_position_current/get_pedestrian_position_current.egg-info/entry_points.txt
[1.370s] writing requirements to ../../build/get_pedestrian_position_current/get_pedestrian_position_current.egg-info/requires.txt
[1.370s] writing top-level names to ../../build/get_pedestrian_position_current/get_pedestrian_position_current.egg-info/top_level.txt
[1.371s] reading manifest file '../../build/get_pedestrian_position_current/get_pedestrian_position_current.egg-info/SOURCES.txt'
[1.371s] adding license file 'LICENSE'
[1.372s] writing manifest file '../../build/get_pedestrian_position_current/get_pedestrian_position_current.egg-info/SOURCES.txt'
[1.372s] running build
[1.372s] running build_py
[1.372s] copying get_pedestrian_position_current/pedestrian_position_node.py -> /home/jin/AB_Jin_Tao/simulation/simulation_ros2/build/get_pedestrian_position_current/build/lib/get_pedestrian_position_current
[1.372s] running install
[1.372s] running install_lib
[1.373s] /usr/lib/python3/dist-packages/setuptools/command/install.py:34: SetuptoolsDeprecationWarning: setup.py install is deprecated. Use build and pip and other standards-based tools.
[1.373s]   warnings.warn(
[1.373s] copying /home/jin/AB_Jin_Tao/simulation/simulation_ros2/build/get_pedestrian_position_current/build/lib/get_pedestrian_position_current/pedestrian_position_node.py -> /home/jin/AB_Jin_Tao/simulation/simulation_ros2/install/get_pedestrian_position_current/lib/python3.10/site-packages/get_pedestrian_position_current
[1.373s] byte-compiling /home/jin/AB_Jin_Tao/simulation/simulation_ros2/install/get_pedestrian_position_current/lib/python3.10/site-packages/get_pedestrian_position_current/pedestrian_position_node.py to pedestrian_position_node.cpython-310.pyc
[1.374s] running install_data
[1.375s] running install_egg_info
[1.376s] removing '/home/jin/AB_Jin_Tao/simulation/simulation_ros2/install/get_pedestrian_position_current/lib/python3.10/site-packages/get_pedestrian_position_current-0.0.0-py3.10.egg-info' (and everything under it)
[1.376s] Copying ../../build/get_pedestrian_position_current/get_pedestrian_position_current.egg-info to /home/jin/AB_Jin_Tao/simulation/simulation_ros2/install/get_pedestrian_position_current/lib/python3.10/site-packages/get_pedestrian_position_current-0.0.0-py3.10.egg-info
[1.377s] running install_scripts
[1.393s] Installing pedestrain_pos_current script to /home/jin/AB_Jin_Tao/simulation/simulation_ros2/install/get_pedestrian_position_current/lib/get_pedestrian_position_current
[1.393s] writing list of installed files to '/home/jin/AB_Jin_Tao/simulation/simulation_ros2/build/get_pedestrian_position_current/install.log'
[1.489s] Invoked command in '/home/jin/AB_Jin_Tao/simulation/simulation_ros2/src/get_pedestrian_position_current' returned '0': PYTHONPATH=/home/jin/AB_Jin_Tao/simulation/simulation_ros2/build/get_pedestrian_position_current/prefix_override:/home/jin/AB_Jin_Tao/simulation/simulation_ros2/install/get_pedestrian_position_current/lib/python3.10/site-packages:${PYTHONPATH} /usr/bin/python3 setup.py egg_info --egg-base ../../build/get_pedestrian_position_current build --build-base /home/jin/AB_Jin_Tao/simulation/simulation_ros2/build/get_pedestrian_position_current/build install --record /home/jin/AB_Jin_Tao/simulation/simulation_ros2/build/get_pedestrian_position_current/install.log --single-version-externally-managed
