[1.558s] Invoking command in '/home/jin/AB_Jin_Tao/simulation/simulation_ros2/src/run_simulation': PYTHONPATH=/home/jin/AB_Jin_Tao/simulation/simulation_ros2/build/run_simulation/prefix_override:/home/jin/AB_Jin_Tao/simulation/simulation_ros2/install/run_simulation/lib/python3.10/site-packages:${PYTHONPATH} /usr/bin/python3 setup.py egg_info --egg-base ../../build/run_simulation build --build-base /home/jin/AB_Jin_Tao/simulation/simulation_ros2/build/run_simulation/build install --record /home/jin/AB_Jin_Tao/simulation/simulation_ros2/build/run_simulation/install.log --single-version-externally-managed
[1.768s] running egg_info
[1.768s] writing ../../build/run_simulation/run_simulation.egg-info/PKG-INFO
[1.768s] writing dependency_links to ../../build/run_simulation/run_simulation.egg-info/dependency_links.txt
[1.768s] writing entry points to ../../build/run_simulation/run_simulation.egg-info/entry_points.txt
[1.768s] writing requirements to ../../build/run_simulation/run_simulation.egg-info/requires.txt
[1.768s] writing top-level names to ../../build/run_simulation/run_simulation.egg-info/top_level.txt
[1.769s] reading manifest file '../../build/run_simulation/run_simulation.egg-info/SOURCES.txt'
[1.769s] adding license file 'LICENSE'
[1.770s] writing manifest file '../../build/run_simulation/run_simulation.egg-info/SOURCES.txt'
[1.770s] running build
[1.770s] running build_py
[1.770s] running install
[1.770s] /usr/lib/python3/dist-packages/setuptools/command/install.py:34: SetuptoolsDeprecationWarning: setup.py install is deprecated. Use build and pip and other standards-based tools.
[1.771s]   warnings.warn(
[1.771s] running install_lib
[1.772s] running install_data
[1.772s] running install_egg_info
[1.773s] removing '/home/jin/AB_Jin_Tao/simulation/simulation_ros2/install/run_simulation/lib/python3.10/site-packages/run_simulation-0.0.0-py3.10.egg-info' (and everything under it)
[1.773s] Copying ../../build/run_simulation/run_simulation.egg-info to /home/jin/AB_Jin_Tao/simulation/simulation_ros2/install/run_simulation/lib/python3.10/site-packages/run_simulation-0.0.0-py3.10.egg-info
[1.774s] running install_scripts
[1.788s] Installing run_simulation_exec script to /home/jin/AB_Jin_Tao/simulation/simulation_ros2/install/run_simulation/lib/run_simulation
[1.788s] writing list of installed files to '/home/jin/AB_Jin_Tao/simulation/simulation_ros2/build/run_simulation/install.log'
[1.838s] Invoked command in '/home/jin/AB_Jin_Tao/simulation/simulation_ros2/src/run_simulation' returned '0': PYTHONPATH=/home/jin/AB_Jin_Tao/simulation/simulation_ros2/build/run_simulation/prefix_override:/home/jin/AB_Jin_Tao/simulation/simulation_ros2/install/run_simulation/lib/python3.10/site-packages:${PYTHONPATH} /usr/bin/python3 setup.py egg_info --egg-base ../../build/run_simulation build --build-base /home/jin/AB_Jin_Tao/simulation/simulation_ros2/build/run_simulation/build install --record /home/jin/AB_Jin_Tao/simulation/simulation_ros2/build/run_simulation/install.log --single-version-externally-managed
