[0.634s] Invoking command in '/home/jin/AB_Jin_Tao/simulation/simulation_ros2/src/get_pedestrian_position_current': PYTHONPATH=/home/jin/AB_Jin_Tao/simulation/simulation_ros2/build/get_pedestrian_position_current/prefix_override:/home/jin/AB_Jin_Tao/simulation/simulation_ros2/install/get_pedestrian_position_current/lib/python3.10/site-packages:${PYTHONPATH} /usr/bin/python3 setup.py egg_info --egg-base ../../build/get_pedestrian_position_current build --build-base /home/jin/AB_Jin_Tao/simulation/simulation_ros2/build/get_pedestrian_position_current/build install --record /home/jin/AB_Jin_Tao/simulation/simulation_ros2/build/get_pedestrian_position_current/install.log --single-version-externally-managed
[0.777s] running egg_info
[0.777s] writing ../../build/get_pedestrian_position_current/get_pedestrian_position_current.egg-info/PKG-INFO
[0.777s] writing dependency_links to ../../build/get_pedestrian_position_current/get_pedestrian_position_current.egg-info/dependency_links.txt
[0.778s] writing entry points to ../../build/get_pedestrian_position_current/get_pedestrian_position_current.egg-info/entry_points.txt
[0.778s] writing requirements to ../../build/get_pedestrian_position_current/get_pedestrian_position_current.egg-info/requires.txt
[0.778s] writing top-level names to ../../build/get_pedestrian_position_current/get_pedestrian_position_current.egg-info/top_level.txt
[0.779s] reading manifest file '../../build/get_pedestrian_position_current/get_pedestrian_position_current.egg-info/SOURCES.txt'
[0.779s] adding license file 'LICENSE'
[0.779s] writing manifest file '../../build/get_pedestrian_position_current/get_pedestrian_position_current.egg-info/SOURCES.txt'
[0.779s] running build
[0.779s] running build_py
[0.779s] running install
[0.780s] /usr/lib/python3/dist-packages/setuptools/command/install.py:34: SetuptoolsDeprecationWarning: setup.py install is deprecated. Use build and pip and other standards-based tools.
[0.780s]   warnings.warn(
[0.780s] running install_lib
[0.781s] running install_data
[0.781s] running install_egg_info
[0.783s] removing '/home/jin/AB_Jin_Tao/simulation/simulation_ros2/install/get_pedestrian_position_current/lib/python3.10/site-packages/get_pedestrian_position_current-0.0.0-py3.10.egg-info' (and everything under it)
[0.783s] Copying ../../build/get_pedestrian_position_current/get_pedestrian_position_current.egg-info to /home/jin/AB_Jin_Tao/simulation/simulation_ros2/install/get_pedestrian_position_current/lib/python3.10/site-packages/get_pedestrian_position_current-0.0.0-py3.10.egg-info
[0.783s] running install_scripts
[0.798s] Installing pedestrain_pos_current script to /home/jin/AB_Jin_Tao/simulation/simulation_ros2/install/get_pedestrian_position_current/lib/get_pedestrian_position_current
[0.798s] writing list of installed files to '/home/jin/AB_Jin_Tao/simulation/simulation_ros2/build/get_pedestrian_position_current/install.log'
[0.819s] Invoked command in '/home/jin/AB_Jin_Tao/simulation/simulation_ros2/src/get_pedestrian_position_current' returned '0': PYTHONPATH=/home/jin/AB_Jin_Tao/simulation/simulation_ros2/build/get_pedestrian_position_current/prefix_override:/home/jin/AB_Jin_Tao/simulation/simulation_ros2/install/get_pedestrian_position_current/lib/python3.10/site-packages:${PYTHONPATH} /usr/bin/python3 setup.py egg_info --egg-base ../../build/get_pedestrian_position_current build --build-base /home/jin/AB_Jin_Tao/simulation/simulation_ros2/build/get_pedestrian_position_current/build install --record /home/jin/AB_Jin_Tao/simulation/simulation_ros2/build/get_pedestrian_position_current/install.log --single-version-externally-managed
