running egg_info
writing ../../build/update_vehicle_state/update_vehicle_state.egg-info/PKG-INFO
writing dependency_links to ../../build/update_vehicle_state/update_vehicle_state.egg-info/dependency_links.txt
writing entry points to ../../build/update_vehicle_state/update_vehicle_state.egg-info/entry_points.txt
writing requirements to ../../build/update_vehicle_state/update_vehicle_state.egg-info/requires.txt
writing top-level names to ../../build/update_vehicle_state/update_vehicle_state.egg-info/top_level.txt
reading manifest file '../../build/update_vehicle_state/update_vehicle_state.egg-info/SOURCES.txt'
adding license file 'LICENSE'
writing manifest file '../../build/update_vehicle_state/update_vehicle_state.egg-info/SOURCES.txt'
running build
running build_py
running install
running install_lib
running install_data
running install_egg_info
removing '/home/jin/AB_Jin_Tao/simulation/simulation_ros2/install/update_vehicle_state/lib/python3.10/site-packages/update_vehicle_state-0.0.0-py3.10.egg-info' (and everything under it)
Copying ../../build/update_vehicle_state/update_vehicle_state.egg-info to /home/jin/AB_Jin_Tao/simulation/simulation_ros2/install/update_vehicle_state/lib/python3.10/site-packages/update_vehicle_state-0.0.0-py3.10.egg-info
running install_scripts
Installing update_vehicle_state_exec script to /home/jin/AB_Jin_Tao/simulation/simulation_ros2/install/update_vehicle_state/lib/update_vehicle_state
writing list of installed files to '/home/jin/AB_Jin_Tao/simulation/simulation_ros2/build/update_vehicle_state/install.log'
