[0.615s] DEBUG:colcon:Command line arguments: ['/usr/bin/colcon', 'build']
[0.615s] DEBUG:colcon:Parsed command line arguments: Namespace(log_base=None, log_level=None, verb_name='build', build_base='build', install_base='install', merge_install=False, symlink_install=False, test_result_base=None, continue_on_error=False, executor='parallel', parallel_workers=8, event_handlers=None, ignore_user_meta=False, metas=['./colcon.meta'], base_paths=['.'], packages_ignore=None, packages_ignore_regex=None, paths=None, packages_up_to=None, packages_up_to_regex=None, packages_above=None, packages_above_and_dependencies=None, packages_above_depth=None, packages_select_by_dep=None, packages_skip_by_dep=None, packages_skip_up_to=None, packages_select_build_failed=False, packages_skip_build_finished=False, packages_select_test_failures=False, packages_skip_test_passed=False, packages_select=None, packages_skip=None, packages_select_regex=None, packages_skip_regex=None, packages_start=None, packages_end=None, allow_overriding=[], cmake_args=None, cmake_target=None, cmake_target_skip_unavailable=False, cmake_clean_cache=False, cmake_clean_first=False, cmake_force_configure=False, ament_cmake_args=None, catkin_cmake_args=None, catkin_skip_building_tests=False, verb_parser=<colcon_defaults.argument_parser.defaults.DefaultArgumentsDecorator object at 0x7f5fc6ebb250>, verb_extension=<colcon_core.verb.build.BuildVerb object at 0x7f5fc6ebac80>, main=<bound method BuildVerb.main of <colcon_core.verb.build.BuildVerb object at 0x7f5fc6ebac80>>)
[0.653s] Level 1:colcon.colcon_core.package_discovery:discover_packages(colcon_meta) check parameters
[0.653s] Level 1:colcon.colcon_core.package_discovery:discover_packages(recursive) check parameters
[0.653s] Level 1:colcon.colcon_core.package_discovery:discover_packages(ignore) check parameters
[0.653s] Level 1:colcon.colcon_core.package_discovery:discover_packages(path) check parameters
[0.653s] Level 1:colcon.colcon_core.package_discovery:discover_packages(colcon_meta) discover
[0.653s] Level 1:colcon.colcon_core.package_discovery:discover_packages(recursive) discover
[0.653s] INFO:colcon.colcon_core.package_discovery:Crawling recursively for packages in '/home/jin/AB_Jin_Tao/simulation/simulation_ros2'
[0.653s] Level 1:colcon.colcon_core.package_identification:_identify(.) by extensions ['ignore', 'ignore_ament_install']
[0.653s] Level 1:colcon.colcon_core.package_identification:_identify(.) by extension 'ignore'
[0.653s] Level 1:colcon.colcon_core.package_identification:_identify(.) by extension 'ignore_ament_install'
[0.653s] Level 1:colcon.colcon_core.package_identification:_identify(.) by extensions ['colcon_pkg']
[0.653s] Level 1:colcon.colcon_core.package_identification:_identify(.) by extension 'colcon_pkg'
[0.653s] Level 1:colcon.colcon_core.package_identification:_identify(.) by extensions ['colcon_meta']
[0.653s] Level 1:colcon.colcon_core.package_identification:_identify(.) by extension 'colcon_meta'
[0.653s] Level 1:colcon.colcon_core.package_identification:_identify(.) by extensions ['ros']
[0.653s] Level 1:colcon.colcon_core.package_identification:_identify(.) by extension 'ros'
[0.660s] Level 1:colcon.colcon_core.package_identification:_identify(.) by extensions ['cmake', 'python']
[0.660s] Level 1:colcon.colcon_core.package_identification:_identify(.) by extension 'cmake'
[0.660s] Level 1:colcon.colcon_core.package_identification:_identify(.) by extension 'python'
[0.660s] Level 1:colcon.colcon_core.package_identification:_identify(.) by extensions ['python_setup_py']
[0.660s] Level 1:colcon.colcon_core.package_identification:_identify(.) by extension 'python_setup_py'
[0.660s] Level 1:colcon.colcon_core.package_identification:_identify(build) by extensions ['ignore', 'ignore_ament_install']
[0.661s] Level 1:colcon.colcon_core.package_identification:_identify(build) by extension 'ignore'
[0.661s] Level 1:colcon.colcon_core.package_identification:_identify(build) ignored
[0.661s] Level 1:colcon.colcon_core.package_identification:_identify(install) by extensions ['ignore', 'ignore_ament_install']
[0.661s] Level 1:colcon.colcon_core.package_identification:_identify(install) by extension 'ignore'
[0.661s] Level 1:colcon.colcon_core.package_identification:_identify(install) ignored
[0.661s] Level 1:colcon.colcon_core.package_identification:_identify(log) by extensions ['ignore', 'ignore_ament_install']
[0.661s] Level 1:colcon.colcon_core.package_identification:_identify(log) by extension 'ignore'
[0.661s] Level 1:colcon.colcon_core.package_identification:_identify(log) ignored
[0.661s] Level 1:colcon.colcon_core.package_identification:_identify(src) by extensions ['ignore', 'ignore_ament_install']
[0.661s] Level 1:colcon.colcon_core.package_identification:_identify(src) by extension 'ignore'
[0.661s] Level 1:colcon.colcon_core.package_identification:_identify(src) by extension 'ignore_ament_install'
[0.661s] Level 1:colcon.colcon_core.package_identification:_identify(src) by extensions ['colcon_pkg']
[0.661s] Level 1:colcon.colcon_core.package_identification:_identify(src) by extension 'colcon_pkg'
[0.661s] Level 1:colcon.colcon_core.package_identification:_identify(src) by extensions ['colcon_meta']
[0.661s] Level 1:colcon.colcon_core.package_identification:_identify(src) by extension 'colcon_meta'
[0.661s] Level 1:colcon.colcon_core.package_identification:_identify(src) by extensions ['ros']
[0.661s] Level 1:colcon.colcon_core.package_identification:_identify(src) by extension 'ros'
[0.661s] Level 1:colcon.colcon_core.package_identification:_identify(src) by extensions ['cmake', 'python']
[0.661s] Level 1:colcon.colcon_core.package_identification:_identify(src) by extension 'cmake'
[0.661s] Level 1:colcon.colcon_core.package_identification:_identify(src) by extension 'python'
[0.661s] Level 1:colcon.colcon_core.package_identification:_identify(src) by extensions ['python_setup_py']
[0.661s] Level 1:colcon.colcon_core.package_identification:_identify(src) by extension 'python_setup_py'
[0.661s] Level 1:colcon.colcon_core.package_identification:_identify(src/build) by extensions ['ignore', 'ignore_ament_install']
[0.661s] Level 1:colcon.colcon_core.package_identification:_identify(src/build) by extension 'ignore'
[0.661s] Level 1:colcon.colcon_core.package_identification:_identify(src/build) ignored
[0.661s] Level 1:colcon.colcon_core.package_identification:_identify(src/driving_decision) by extensions ['ignore', 'ignore_ament_install']
[0.662s] Level 1:colcon.colcon_core.package_identification:_identify(src/driving_decision) by extension 'ignore'
[0.662s] Level 1:colcon.colcon_core.package_identification:_identify(src/driving_decision) by extension 'ignore_ament_install'
[0.662s] Level 1:colcon.colcon_core.package_identification:_identify(src/driving_decision) by extensions ['colcon_pkg']
[0.662s] Level 1:colcon.colcon_core.package_identification:_identify(src/driving_decision) by extension 'colcon_pkg'
[0.662s] Level 1:colcon.colcon_core.package_identification:_identify(src/driving_decision) by extensions ['colcon_meta']
[0.662s] Level 1:colcon.colcon_core.package_identification:_identify(src/driving_decision) by extension 'colcon_meta'
[0.662s] Level 1:colcon.colcon_core.package_identification:_identify(src/driving_decision) by extensions ['ros']
[0.662s] Level 1:colcon.colcon_core.package_identification:_identify(src/driving_decision) by extension 'ros'
[0.664s] DEBUG:colcon.colcon_core.package_identification:Package 'src/driving_decision' with type 'ros.ament_python' and name 'driving_decision'
[0.664s] Level 1:colcon.colcon_core.package_identification:_identify(src/get_pedestrian_position_current) by extensions ['ignore', 'ignore_ament_install']
[0.664s] Level 1:colcon.colcon_core.package_identification:_identify(src/get_pedestrian_position_current) by extension 'ignore'
[0.664s] Level 1:colcon.colcon_core.package_identification:_identify(src/get_pedestrian_position_current) by extension 'ignore_ament_install'
[0.664s] Level 1:colcon.colcon_core.package_identification:_identify(src/get_pedestrian_position_current) by extensions ['colcon_pkg']
[0.664s] Level 1:colcon.colcon_core.package_identification:_identify(src/get_pedestrian_position_current) by extension 'colcon_pkg'
[0.664s] Level 1:colcon.colcon_core.package_identification:_identify(src/get_pedestrian_position_current) by extensions ['colcon_meta']
[0.664s] Level 1:colcon.colcon_core.package_identification:_identify(src/get_pedestrian_position_current) by extension 'colcon_meta'
[0.664s] Level 1:colcon.colcon_core.package_identification:_identify(src/get_pedestrian_position_current) by extensions ['ros']
[0.664s] Level 1:colcon.colcon_core.package_identification:_identify(src/get_pedestrian_position_current) by extension 'ros'
[0.665s] DEBUG:colcon.colcon_core.package_identification:Package 'src/get_pedestrian_position_current' with type 'ros.ament_python' and name 'get_pedestrian_position_current'
[0.665s] Level 1:colcon.colcon_core.package_identification:_identify(src/install) by extensions ['ignore', 'ignore_ament_install']
[0.665s] Level 1:colcon.colcon_core.package_identification:_identify(src/install) by extension 'ignore'
[0.665s] Level 1:colcon.colcon_core.package_identification:_identify(src/install) ignored
[0.665s] Level 1:colcon.colcon_core.package_identification:_identify(src/log) by extensions ['ignore', 'ignore_ament_install']
[0.665s] Level 1:colcon.colcon_core.package_identification:_identify(src/log) by extension 'ignore'
[0.665s] Level 1:colcon.colcon_core.package_identification:_identify(src/log) ignored
[0.665s] Level 1:colcon.colcon_core.package_identification:_identify(src/run_simulation) by extensions ['ignore', 'ignore_ament_install']
[0.665s] Level 1:colcon.colcon_core.package_identification:_identify(src/run_simulation) by extension 'ignore'
[0.665s] Level 1:colcon.colcon_core.package_identification:_identify(src/run_simulation) by extension 'ignore_ament_install'
[0.665s] Level 1:colcon.colcon_core.package_identification:_identify(src/run_simulation) by extensions ['colcon_pkg']
[0.665s] Level 1:colcon.colcon_core.package_identification:_identify(src/run_simulation) by extension 'colcon_pkg'
[0.665s] Level 1:colcon.colcon_core.package_identification:_identify(src/run_simulation) by extensions ['colcon_meta']
[0.665s] Level 1:colcon.colcon_core.package_identification:_identify(src/run_simulation) by extension 'colcon_meta'
[0.665s] Level 1:colcon.colcon_core.package_identification:_identify(src/run_simulation) by extensions ['ros']
[0.665s] Level 1:colcon.colcon_core.package_identification:_identify(src/run_simulation) by extension 'ros'
[0.666s] DEBUG:colcon.colcon_core.package_identification:Package 'src/run_simulation' with type 'ros.ament_python' and name 'run_simulation'
[0.666s] Level 1:colcon.colcon_core.package_identification:_identify(src/simulation_launch) by extensions ['ignore', 'ignore_ament_install']
[0.666s] Level 1:colcon.colcon_core.package_identification:_identify(src/simulation_launch) by extension 'ignore'
[0.666s] Level 1:colcon.colcon_core.package_identification:_identify(src/simulation_launch) by extension 'ignore_ament_install'
[0.666s] Level 1:colcon.colcon_core.package_identification:_identify(src/simulation_launch) by extensions ['colcon_pkg']
[0.666s] Level 1:colcon.colcon_core.package_identification:_identify(src/simulation_launch) by extension 'colcon_pkg'
[0.666s] Level 1:colcon.colcon_core.package_identification:_identify(src/simulation_launch) by extensions ['colcon_meta']
[0.666s] Level 1:colcon.colcon_core.package_identification:_identify(src/simulation_launch) by extension 'colcon_meta'
[0.666s] Level 1:colcon.colcon_core.package_identification:_identify(src/simulation_launch) by extensions ['ros']
[0.666s] Level 1:colcon.colcon_core.package_identification:_identify(src/simulation_launch) by extension 'ros'
[0.666s] DEBUG:colcon.colcon_core.package_identification:Package 'src/simulation_launch' with type 'ros.ament_python' and name 'simulation_launch'
[0.666s] Level 1:colcon.colcon_core.package_identification:_identify(src/update_vehicle_state) by extensions ['ignore', 'ignore_ament_install']
[0.666s] Level 1:colcon.colcon_core.package_identification:_identify(src/update_vehicle_state) by extension 'ignore'
[0.667s] Level 1:colcon.colcon_core.package_identification:_identify(src/update_vehicle_state) by extension 'ignore_ament_install'
[0.667s] Level 1:colcon.colcon_core.package_identification:_identify(src/update_vehicle_state) by extensions ['colcon_pkg']
[0.667s] Level 1:colcon.colcon_core.package_identification:_identify(src/update_vehicle_state) by extension 'colcon_pkg'
[0.667s] Level 1:colcon.colcon_core.package_identification:_identify(src/update_vehicle_state) by extensions ['colcon_meta']
[0.667s] Level 1:colcon.colcon_core.package_identification:_identify(src/update_vehicle_state) by extension 'colcon_meta'
[0.667s] Level 1:colcon.colcon_core.package_identification:_identify(src/update_vehicle_state) by extensions ['ros']
[0.667s] Level 1:colcon.colcon_core.package_identification:_identify(src/update_vehicle_state) by extension 'ros'
[0.667s] DEBUG:colcon.colcon_core.package_identification:Package 'src/update_vehicle_state' with type 'ros.ament_python' and name 'update_vehicle_state'
[0.667s] Level 1:colcon.colcon_core.package_discovery:discover_packages(recursive) using defaults
[0.667s] Level 1:colcon.colcon_core.package_discovery:discover_packages(ignore) discover
[0.667s] Level 1:colcon.colcon_core.package_discovery:discover_packages(ignore) using defaults
[0.667s] Level 1:colcon.colcon_core.package_discovery:discover_packages(path) discover
[0.667s] Level 1:colcon.colcon_core.package_discovery:discover_packages(path) using defaults
[0.727s] Level 1:colcon.colcon_core.package_discovery:discover_packages(prefix_path) check parameters
[0.727s] Level 1:colcon.colcon_core.package_discovery:discover_packages(prefix_path) discover
[0.746s] DEBUG:colcon.colcon_installed_package_information.package_discovery:Found 5 installed packages in /home/jin/AB_Jin_Tao/simulation/simulation_ros2/install
[0.754s] DEBUG:colcon.colcon_installed_package_information.package_discovery:Found 3 installed packages in /home/jin/AB_Jin_Tao/simulation/simulation_ros2/src/install
[0.763s] DEBUG:colcon.colcon_installed_package_information.package_discovery:Found 289 installed packages in /opt/ros/humble
[0.772s] Level 1:colcon.colcon_core.package_discovery:discover_packages(prefix_path) using defaults
[0.828s] Level 5:colcon.colcon_core.verb:set package 'driving_decision' build argument 'cmake_args' from command line to 'None'
[0.828s] Level 5:colcon.colcon_core.verb:set package 'driving_decision' build argument 'cmake_target' from command line to 'None'
[0.828s] Level 5:colcon.colcon_core.verb:set package 'driving_decision' build argument 'cmake_target_skip_unavailable' from command line to 'False'
[0.828s] Level 5:colcon.colcon_core.verb:set package 'driving_decision' build argument 'cmake_clean_cache' from command line to 'False'
[0.828s] Level 5:colcon.colcon_core.verb:set package 'driving_decision' build argument 'cmake_clean_first' from command line to 'False'
[0.828s] Level 5:colcon.colcon_core.verb:set package 'driving_decision' build argument 'cmake_force_configure' from command line to 'False'
[0.828s] Level 5:colcon.colcon_core.verb:set package 'driving_decision' build argument 'ament_cmake_args' from command line to 'None'
[0.828s] Level 5:colcon.colcon_core.verb:set package 'driving_decision' build argument 'catkin_cmake_args' from command line to 'None'
[0.828s] Level 5:colcon.colcon_core.verb:set package 'driving_decision' build argument 'catkin_skip_building_tests' from command line to 'False'
[0.828s] DEBUG:colcon.colcon_core.verb:Building package 'driving_decision' with the following arguments: {'ament_cmake_args': None, 'build_base': '/home/jin/AB_Jin_Tao/simulation/simulation_ros2/build/driving_decision', 'catkin_cmake_args': None, 'catkin_skip_building_tests': False, 'cmake_args': None, 'cmake_clean_cache': False, 'cmake_clean_first': False, 'cmake_force_configure': False, 'cmake_target': None, 'cmake_target_skip_unavailable': False, 'install_base': '/home/jin/AB_Jin_Tao/simulation/simulation_ros2/install/driving_decision', 'merge_install': False, 'path': '/home/jin/AB_Jin_Tao/simulation/simulation_ros2/src/driving_decision', 'symlink_install': False, 'test_result_base': None}
[0.836s] Level 5:colcon.colcon_core.verb:set package 'get_pedestrian_position_current' build argument 'cmake_args' from command line to 'None'
[0.836s] Level 5:colcon.colcon_core.verb:set package 'get_pedestrian_position_current' build argument 'cmake_target' from command line to 'None'
[0.836s] Level 5:colcon.colcon_core.verb:set package 'get_pedestrian_position_current' build argument 'cmake_target_skip_unavailable' from command line to 'False'
[0.836s] Level 5:colcon.colcon_core.verb:set package 'get_pedestrian_position_current' build argument 'cmake_clean_cache' from command line to 'False'
[0.836s] Level 5:colcon.colcon_core.verb:set package 'get_pedestrian_position_current' build argument 'cmake_clean_first' from command line to 'False'
[0.836s] Level 5:colcon.colcon_core.verb:set package 'get_pedestrian_position_current' build argument 'cmake_force_configure' from command line to 'False'
[0.836s] Level 5:colcon.colcon_core.verb:set package 'get_pedestrian_position_current' build argument 'ament_cmake_args' from command line to 'None'
[0.837s] Level 5:colcon.colcon_core.verb:set package 'get_pedestrian_position_current' build argument 'catkin_cmake_args' from command line to 'None'
[0.837s] Level 5:colcon.colcon_core.verb:set package 'get_pedestrian_position_current' build argument 'catkin_skip_building_tests' from command line to 'False'
[0.837s] DEBUG:colcon.colcon_core.verb:Building package 'get_pedestrian_position_current' with the following arguments: {'ament_cmake_args': None, 'build_base': '/home/jin/AB_Jin_Tao/simulation/simulation_ros2/build/get_pedestrian_position_current', 'catkin_cmake_args': None, 'catkin_skip_building_tests': False, 'cmake_args': None, 'cmake_clean_cache': False, 'cmake_clean_first': False, 'cmake_force_configure': False, 'cmake_target': None, 'cmake_target_skip_unavailable': False, 'install_base': '/home/jin/AB_Jin_Tao/simulation/simulation_ros2/install/get_pedestrian_position_current', 'merge_install': False, 'path': '/home/jin/AB_Jin_Tao/simulation/simulation_ros2/src/get_pedestrian_position_current', 'symlink_install': False, 'test_result_base': None}
[0.845s] Level 5:colcon.colcon_core.verb:set package 'run_simulation' build argument 'cmake_args' from command line to 'None'
[0.845s] Level 5:colcon.colcon_core.verb:set package 'run_simulation' build argument 'cmake_target' from command line to 'None'
[0.845s] Level 5:colcon.colcon_core.verb:set package 'run_simulation' build argument 'cmake_target_skip_unavailable' from command line to 'False'
[0.845s] Level 5:colcon.colcon_core.verb:set package 'run_simulation' build argument 'cmake_clean_cache' from command line to 'False'
[0.845s] Level 5:colcon.colcon_core.verb:set package 'run_simulation' build argument 'cmake_clean_first' from command line to 'False'
[0.845s] Level 5:colcon.colcon_core.verb:set package 'run_simulation' build argument 'cmake_force_configure' from command line to 'False'
[0.845s] Level 5:colcon.colcon_core.verb:set package 'run_simulation' build argument 'ament_cmake_args' from command line to 'None'
[0.845s] Level 5:colcon.colcon_core.verb:set package 'run_simulation' build argument 'catkin_cmake_args' from command line to 'None'
[0.845s] Level 5:colcon.colcon_core.verb:set package 'run_simulation' build argument 'catkin_skip_building_tests' from command line to 'False'
[0.845s] DEBUG:colcon.colcon_core.verb:Building package 'run_simulation' with the following arguments: {'ament_cmake_args': None, 'build_base': '/home/jin/AB_Jin_Tao/simulation/simulation_ros2/build/run_simulation', 'catkin_cmake_args': None, 'catkin_skip_building_tests': False, 'cmake_args': None, 'cmake_clean_cache': False, 'cmake_clean_first': False, 'cmake_force_configure': False, 'cmake_target': None, 'cmake_target_skip_unavailable': False, 'install_base': '/home/jin/AB_Jin_Tao/simulation/simulation_ros2/install/run_simulation', 'merge_install': False, 'path': '/home/jin/AB_Jin_Tao/simulation/simulation_ros2/src/run_simulation', 'symlink_install': False, 'test_result_base': None}
[0.853s] Level 5:colcon.colcon_core.verb:set package 'simulation_launch' build argument 'cmake_args' from command line to 'None'
[0.853s] Level 5:colcon.colcon_core.verb:set package 'simulation_launch' build argument 'cmake_target' from command line to 'None'
[0.854s] Level 5:colcon.colcon_core.verb:set package 'simulation_launch' build argument 'cmake_target_skip_unavailable' from command line to 'False'
[0.854s] Level 5:colcon.colcon_core.verb:set package 'simulation_launch' build argument 'cmake_clean_cache' from command line to 'False'
[0.854s] Level 5:colcon.colcon_core.verb:set package 'simulation_launch' build argument 'cmake_clean_first' from command line to 'False'
[0.854s] Level 5:colcon.colcon_core.verb:set package 'simulation_launch' build argument 'cmake_force_configure' from command line to 'False'
[0.854s] Level 5:colcon.colcon_core.verb:set package 'simulation_launch' build argument 'ament_cmake_args' from command line to 'None'
[0.854s] Level 5:colcon.colcon_core.verb:set package 'simulation_launch' build argument 'catkin_cmake_args' from command line to 'None'
[0.854s] Level 5:colcon.colcon_core.verb:set package 'simulation_launch' build argument 'catkin_skip_building_tests' from command line to 'False'
[0.854s] DEBUG:colcon.colcon_core.verb:Building package 'simulation_launch' with the following arguments: {'ament_cmake_args': None, 'build_base': '/home/jin/AB_Jin_Tao/simulation/simulation_ros2/build/simulation_launch', 'catkin_cmake_args': None, 'catkin_skip_building_tests': False, 'cmake_args': None, 'cmake_clean_cache': False, 'cmake_clean_first': False, 'cmake_force_configure': False, 'cmake_target': None, 'cmake_target_skip_unavailable': False, 'install_base': '/home/jin/AB_Jin_Tao/simulation/simulation_ros2/install/simulation_launch', 'merge_install': False, 'path': '/home/jin/AB_Jin_Tao/simulation/simulation_ros2/src/simulation_launch', 'symlink_install': False, 'test_result_base': None}
[0.862s] Level 5:colcon.colcon_core.verb:set package 'update_vehicle_state' build argument 'cmake_args' from command line to 'None'
[0.862s] Level 5:colcon.colcon_core.verb:set package 'update_vehicle_state' build argument 'cmake_target' from command line to 'None'
[0.862s] Level 5:colcon.colcon_core.verb:set package 'update_vehicle_state' build argument 'cmake_target_skip_unavailable' from command line to 'False'
[0.862s] Level 5:colcon.colcon_core.verb:set package 'update_vehicle_state' build argument 'cmake_clean_cache' from command line to 'False'
[0.862s] Level 5:colcon.colcon_core.verb:set package 'update_vehicle_state' build argument 'cmake_clean_first' from command line to 'False'
[0.862s] Level 5:colcon.colcon_core.verb:set package 'update_vehicle_state' build argument 'cmake_force_configure' from command line to 'False'
[0.862s] Level 5:colcon.colcon_core.verb:set package 'update_vehicle_state' build argument 'ament_cmake_args' from command line to 'None'
[0.862s] Level 5:colcon.colcon_core.verb:set package 'update_vehicle_state' build argument 'catkin_cmake_args' from command line to 'None'
[0.862s] Level 5:colcon.colcon_core.verb:set package 'update_vehicle_state' build argument 'catkin_skip_building_tests' from command line to 'False'
[0.862s] DEBUG:colcon.colcon_core.verb:Building package 'update_vehicle_state' with the following arguments: {'ament_cmake_args': None, 'build_base': '/home/jin/AB_Jin_Tao/simulation/simulation_ros2/build/update_vehicle_state', 'catkin_cmake_args': None, 'catkin_skip_building_tests': False, 'cmake_args': None, 'cmake_clean_cache': False, 'cmake_clean_first': False, 'cmake_force_configure': False, 'cmake_target': None, 'cmake_target_skip_unavailable': False, 'install_base': '/home/jin/AB_Jin_Tao/simulation/simulation_ros2/install/update_vehicle_state', 'merge_install': False, 'path': '/home/jin/AB_Jin_Tao/simulation/simulation_ros2/src/update_vehicle_state', 'symlink_install': False, 'test_result_base': None}
[0.870s] INFO:colcon.colcon_core.executor:Executing jobs using 'parallel' executor
[0.879s] DEBUG:colcon.colcon_parallel_executor.executor.parallel:run_until_complete
[0.879s] INFO:colcon.colcon_ros.task.ament_python.build:Building ROS package in '/home/jin/AB_Jin_Tao/simulation/simulation_ros2/src/driving_decision' with build type 'ament_python'
[0.879s] Level 1:colcon.colcon_core.shell:create_environment_hook('driving_decision', 'ament_prefix_path')
[0.891s] INFO:colcon.colcon_core.plugin_system:Skipping extension 'colcon_core.shell.bat': Not used on non-Windows systems
[0.891s] INFO:colcon.colcon_core.shell:Creating environment hook '/home/jin/AB_Jin_Tao/simulation/simulation_ros2/install/driving_decision/share/driving_decision/hook/ament_prefix_path.ps1'
[0.892s] INFO:colcon.colcon_core.shell:Creating environment descriptor '/home/jin/AB_Jin_Tao/simulation/simulation_ros2/install/driving_decision/share/driving_decision/hook/ament_prefix_path.dsv'
[0.893s] INFO:colcon.colcon_core.shell:Creating environment hook '/home/jin/AB_Jin_Tao/simulation/simulation_ros2/install/driving_decision/share/driving_decision/hook/ament_prefix_path.sh'
[0.902s] INFO:colcon.colcon_core.shell:Skip shell extension 'powershell' for command environment: Not usable outside of PowerShell
[0.902s] DEBUG:colcon.colcon_core.shell:Skip shell extension 'dsv' for command environment
[0.939s] INFO:colcon.colcon_ros.task.ament_python.build:Building ROS package in '/home/jin/AB_Jin_Tao/simulation/simulation_ros2/src/get_pedestrian_position_current' with build type 'ament_python'
[0.939s] Level 1:colcon.colcon_core.shell:create_environment_hook('get_pedestrian_position_current', 'ament_prefix_path')
[0.948s] INFO:colcon.colcon_core.shell:Creating environment hook '/home/jin/AB_Jin_Tao/simulation/simulation_ros2/install/get_pedestrian_position_current/share/get_pedestrian_position_current/hook/ament_prefix_path.ps1'
[0.948s] INFO:colcon.colcon_core.shell:Creating environment descriptor '/home/jin/AB_Jin_Tao/simulation/simulation_ros2/install/get_pedestrian_position_current/share/get_pedestrian_position_current/hook/ament_prefix_path.dsv'
[0.948s] INFO:colcon.colcon_core.shell:Creating environment hook '/home/jin/AB_Jin_Tao/simulation/simulation_ros2/install/get_pedestrian_position_current/share/get_pedestrian_position_current/hook/ament_prefix_path.sh'
[0.957s] INFO:colcon.colcon_core.shell:Skip shell extension 'powershell' for command environment: Not usable outside of PowerShell
[0.958s] DEBUG:colcon.colcon_core.shell:Skip shell extension 'dsv' for command environment
[0.994s] INFO:colcon.colcon_ros.task.ament_python.build:Building ROS package in '/home/jin/AB_Jin_Tao/simulation/simulation_ros2/src/run_simulation' with build type 'ament_python'
[0.995s] Level 1:colcon.colcon_core.shell:create_environment_hook('run_simulation', 'ament_prefix_path')
[1.004s] INFO:colcon.colcon_core.shell:Creating environment hook '/home/jin/AB_Jin_Tao/simulation/simulation_ros2/install/run_simulation/share/run_simulation/hook/ament_prefix_path.ps1'
[1.005s] INFO:colcon.colcon_core.shell:Creating environment descriptor '/home/jin/AB_Jin_Tao/simulation/simulation_ros2/install/run_simulation/share/run_simulation/hook/ament_prefix_path.dsv'
[1.005s] INFO:colcon.colcon_core.shell:Creating environment hook '/home/jin/AB_Jin_Tao/simulation/simulation_ros2/install/run_simulation/share/run_simulation/hook/ament_prefix_path.sh'
[1.014s] INFO:colcon.colcon_core.shell:Skip shell extension 'powershell' for command environment: Not usable outside of PowerShell
[1.014s] DEBUG:colcon.colcon_core.shell:Skip shell extension 'dsv' for command environment
[1.049s] INFO:colcon.colcon_ros.task.ament_python.build:Building ROS package in '/home/jin/AB_Jin_Tao/simulation/simulation_ros2/src/simulation_launch' with build type 'ament_python'
[1.050s] Level 1:colcon.colcon_core.shell:create_environment_hook('simulation_launch', 'ament_prefix_path')
[1.059s] INFO:colcon.colcon_core.shell:Creating environment hook '/home/jin/AB_Jin_Tao/simulation/simulation_ros2/install/simulation_launch/share/simulation_launch/hook/ament_prefix_path.ps1'
[1.059s] INFO:colcon.colcon_core.shell:Creating environment descriptor '/home/jin/AB_Jin_Tao/simulation/simulation_ros2/install/simulation_launch/share/simulation_launch/hook/ament_prefix_path.dsv'
[1.059s] INFO:colcon.colcon_core.shell:Creating environment hook '/home/jin/AB_Jin_Tao/simulation/simulation_ros2/install/simulation_launch/share/simulation_launch/hook/ament_prefix_path.sh'
[1.068s] INFO:colcon.colcon_core.shell:Skip shell extension 'powershell' for command environment: Not usable outside of PowerShell
[1.068s] DEBUG:colcon.colcon_core.shell:Skip shell extension 'dsv' for command environment
[1.104s] INFO:colcon.colcon_ros.task.ament_python.build:Building ROS package in '/home/jin/AB_Jin_Tao/simulation/simulation_ros2/src/update_vehicle_state' with build type 'ament_python'
[1.104s] Level 1:colcon.colcon_core.shell:create_environment_hook('update_vehicle_state', 'ament_prefix_path')
[1.113s] INFO:colcon.colcon_core.shell:Creating environment hook '/home/jin/AB_Jin_Tao/simulation/simulation_ros2/install/update_vehicle_state/share/update_vehicle_state/hook/ament_prefix_path.ps1'
[1.114s] INFO:colcon.colcon_core.shell:Creating environment descriptor '/home/jin/AB_Jin_Tao/simulation/simulation_ros2/install/update_vehicle_state/share/update_vehicle_state/hook/ament_prefix_path.dsv'
[1.114s] INFO:colcon.colcon_core.shell:Creating environment hook '/home/jin/AB_Jin_Tao/simulation/simulation_ros2/install/update_vehicle_state/share/update_vehicle_state/hook/ament_prefix_path.sh'
[1.123s] INFO:colcon.colcon_core.shell:Skip shell extension 'powershell' for command environment: Not usable outside of PowerShell
[1.123s] DEBUG:colcon.colcon_core.shell:Skip shell extension 'dsv' for command environment
[1.329s] INFO:colcon.colcon_core.task.python.build:Building Python package in '/home/jin/AB_Jin_Tao/simulation/simulation_ros2/src/driving_decision'
[1.339s] INFO:colcon.colcon_core.shell:Skip shell extension 'powershell' for command environment: Not usable outside of PowerShell
[1.339s] DEBUG:colcon.colcon_core.shell:Skip shell extension 'dsv' for command environment
[1.537s] INFO:colcon.colcon_core.task.python.build:Building Python package in '/home/jin/AB_Jin_Tao/simulation/simulation_ros2/src/get_pedestrian_position_current'
[1.546s] INFO:colcon.colcon_core.shell:Skip shell extension 'powershell' for command environment: Not usable outside of PowerShell
[1.546s] DEBUG:colcon.colcon_core.shell:Skip shell extension 'dsv' for command environment
[1.746s] INFO:colcon.colcon_core.task.python.build:Building Python package in '/home/jin/AB_Jin_Tao/simulation/simulation_ros2/src/run_simulation'
[1.755s] INFO:colcon.colcon_core.shell:Skip shell extension 'powershell' for command environment: Not usable outside of PowerShell
[1.755s] DEBUG:colcon.colcon_core.shell:Skip shell extension 'dsv' for command environment
[1.963s] INFO:colcon.colcon_core.task.python.build:Building Python package in '/home/jin/AB_Jin_Tao/simulation/simulation_ros2/src/simulation_launch'
[1.972s] INFO:colcon.colcon_core.shell:Skip shell extension 'powershell' for command environment: Not usable outside of PowerShell
[1.972s] DEBUG:colcon.colcon_core.shell:Skip shell extension 'dsv' for command environment
[2.173s] INFO:colcon.colcon_core.task.python.build:Building Python package in '/home/jin/AB_Jin_Tao/simulation/simulation_ros2/src/update_vehicle_state'
[2.183s] INFO:colcon.colcon_core.shell:Skip shell extension 'powershell' for command environment: Not usable outside of PowerShell
[2.183s] DEBUG:colcon.colcon_core.shell:Skip shell extension 'dsv' for command environment
[2.478s] DEBUG:colcon.colcon_core.event_handler.log_command:Invoking command in '/home/jin/AB_Jin_Tao/simulation/simulation_ros2/src/run_simulation': PYTHONPATH=/home/jin/AB_Jin_Tao/simulation/simulation_ros2/build/run_simulation/prefix_override:/home/jin/AB_Jin_Tao/simulation/simulation_ros2/install/run_simulation/lib/python3.10/site-packages:${PYTHONPATH} /usr/bin/python3 setup.py egg_info --egg-base ../../build/run_simulation build --build-base /home/jin/AB_Jin_Tao/simulation/simulation_ros2/build/run_simulation/build install --record /home/jin/AB_Jin_Tao/simulation/simulation_ros2/build/run_simulation/install.log --single-version-externally-managed
[2.481s] DEBUG:colcon.colcon_core.event_handler.log_command:Invoking command in '/home/jin/AB_Jin_Tao/simulation/simulation_ros2/src/driving_decision': PYTHONPATH=/home/jin/AB_Jin_Tao/simulation/simulation_ros2/build/driving_decision/prefix_override:/home/jin/AB_Jin_Tao/simulation/simulation_ros2/install/driving_decision/lib/python3.10/site-packages:${PYTHONPATH} /usr/bin/python3 setup.py egg_info --egg-base ../../build/driving_decision build --build-base /home/jin/AB_Jin_Tao/simulation/simulation_ros2/build/driving_decision/build install --record /home/jin/AB_Jin_Tao/simulation/simulation_ros2/build/driving_decision/install.log --single-version-externally-managed
[2.483s] DEBUG:colcon.colcon_core.event_handler.log_command:Invoking command in '/home/jin/AB_Jin_Tao/simulation/simulation_ros2/src/simulation_launch': PYTHONPATH=/home/jin/AB_Jin_Tao/simulation/simulation_ros2/build/simulation_launch/prefix_override:/home/jin/AB_Jin_Tao/simulation/simulation_ros2/install/simulation_launch/lib/python3.10/site-packages:${PYTHONPATH} /usr/bin/python3 setup.py egg_info --egg-base ../../build/simulation_launch build --build-base /home/jin/AB_Jin_Tao/simulation/simulation_ros2/build/simulation_launch/build install --record /home/jin/AB_Jin_Tao/simulation/simulation_ros2/build/simulation_launch/install.log --single-version-externally-managed
[2.613s] DEBUG:colcon.colcon_core.event_handler.log_command:Invoking command in '/home/jin/AB_Jin_Tao/simulation/simulation_ros2/src/get_pedestrian_position_current': PYTHONPATH=/home/jin/AB_Jin_Tao/simulation/simulation_ros2/build/get_pedestrian_position_current/prefix_override:/home/jin/AB_Jin_Tao/simulation/simulation_ros2/install/get_pedestrian_position_current/lib/python3.10/site-packages:${PYTHONPATH} /usr/bin/python3 setup.py egg_info --egg-base ../../build/get_pedestrian_position_current build --build-base /home/jin/AB_Jin_Tao/simulation/simulation_ros2/build/get_pedestrian_position_current/build install --record /home/jin/AB_Jin_Tao/simulation/simulation_ros2/build/get_pedestrian_position_current/install.log --single-version-externally-managed
[2.615s] DEBUG:colcon.colcon_core.event_handler.log_command:Invoking command in '/home/jin/AB_Jin_Tao/simulation/simulation_ros2/src/update_vehicle_state': PYTHONPATH=/home/jin/AB_Jin_Tao/simulation/simulation_ros2/build/update_vehicle_state/prefix_override:/home/jin/AB_Jin_Tao/simulation/simulation_ros2/install/update_vehicle_state/lib/python3.10/site-packages:${PYTHONPATH} /usr/bin/python3 setup.py egg_info --egg-base ../../build/update_vehicle_state build --build-base /home/jin/AB_Jin_Tao/simulation/simulation_ros2/build/update_vehicle_state/build install --record /home/jin/AB_Jin_Tao/simulation/simulation_ros2/build/update_vehicle_state/install.log --single-version-externally-managed
[2.697s] DEBUG:colcon.colcon_core.event_handler.log_command:Invoked command in '/home/jin/AB_Jin_Tao/simulation/simulation_ros2/src/simulation_launch' returned '0': PYTHONPATH=/home/jin/AB_Jin_Tao/simulation/simulation_ros2/build/simulation_launch/prefix_override:/home/jin/AB_Jin_Tao/simulation/simulation_ros2/install/simulation_launch/lib/python3.10/site-packages:${PYTHONPATH} /usr/bin/python3 setup.py egg_info --egg-base ../../build/simulation_launch build --build-base /home/jin/AB_Jin_Tao/simulation/simulation_ros2/build/simulation_launch/build install --record /home/jin/AB_Jin_Tao/simulation/simulation_ros2/build/simulation_launch/install.log --single-version-externally-managed
[2.709s] Level 1:colcon.colcon_core.environment:checking '/home/jin/AB_Jin_Tao/simulation/simulation_ros2/install/simulation_launch' for CMake module files
[2.710s] Level 1:colcon.colcon_core.environment:checking '/home/jin/AB_Jin_Tao/simulation/simulation_ros2/install/simulation_launch' for CMake config files
[2.710s] Level 1:colcon.colcon_core.environment:checking '/home/jin/AB_Jin_Tao/simulation/simulation_ros2/install/simulation_launch/lib'
[2.710s] Level 1:colcon.colcon_core.environment:checking '/home/jin/AB_Jin_Tao/simulation/simulation_ros2/install/simulation_launch/bin'
[2.710s] Level 1:colcon.colcon_core.environment:checking '/home/jin/AB_Jin_Tao/simulation/simulation_ros2/install/simulation_launch/lib/pkgconfig/simulation_launch.pc'
[2.710s] Level 1:colcon.colcon_core.environment:checking '/home/jin/AB_Jin_Tao/simulation/simulation_ros2/install/simulation_launch/lib/python3.10/site-packages'
[2.710s] Level 1:colcon.colcon_core.shell:create_environment_hook('simulation_launch', 'pythonpath')
[2.721s] INFO:colcon.colcon_core.shell:Creating environment hook '/home/jin/AB_Jin_Tao/simulation/simulation_ros2/install/simulation_launch/share/simulation_launch/hook/pythonpath.ps1'
[2.721s] INFO:colcon.colcon_core.shell:Creating environment descriptor '/home/jin/AB_Jin_Tao/simulation/simulation_ros2/install/simulation_launch/share/simulation_launch/hook/pythonpath.dsv'
[2.722s] INFO:colcon.colcon_core.shell:Creating environment hook '/home/jin/AB_Jin_Tao/simulation/simulation_ros2/install/simulation_launch/share/simulation_launch/hook/pythonpath.sh'
[2.722s] Level 1:colcon.colcon_core.environment:checking '/home/jin/AB_Jin_Tao/simulation/simulation_ros2/install/simulation_launch/bin'
[2.722s] Level 1:colcon.colcon_core.environment:create_environment_scripts_only(simulation_launch)
[2.732s] INFO:colcon.colcon_core.shell:Creating package script '/home/jin/AB_Jin_Tao/simulation/simulation_ros2/install/simulation_launch/share/simulation_launch/package.ps1'
[2.733s] INFO:colcon.colcon_core.shell:Creating package descriptor '/home/jin/AB_Jin_Tao/simulation/simulation_ros2/install/simulation_launch/share/simulation_launch/package.dsv'
[2.733s] INFO:colcon.colcon_core.shell:Creating package script '/home/jin/AB_Jin_Tao/simulation/simulation_ros2/install/simulation_launch/share/simulation_launch/package.sh'
[2.734s] INFO:colcon.colcon_core.shell:Creating package script '/home/jin/AB_Jin_Tao/simulation/simulation_ros2/install/simulation_launch/share/simulation_launch/package.bash'
[2.734s] INFO:colcon.colcon_core.shell:Creating package script '/home/jin/AB_Jin_Tao/simulation/simulation_ros2/install/simulation_launch/share/simulation_launch/package.zsh'
[2.735s] Level 1:colcon.colcon_core.environment:create_file_with_runtime_dependencies(/home/jin/AB_Jin_Tao/simulation/simulation_ros2/install/simulation_launch/share/colcon-core/packages/simulation_launch)
[2.736s] DEBUG:colcon.colcon_core.event_handler.log_command:Invoked command in '/home/jin/AB_Jin_Tao/simulation/simulation_ros2/src/driving_decision' returned '0': PYTHONPATH=/home/jin/AB_Jin_Tao/simulation/simulation_ros2/build/driving_decision/prefix_override:/home/jin/AB_Jin_Tao/simulation/simulation_ros2/install/driving_decision/lib/python3.10/site-packages:${PYTHONPATH} /usr/bin/python3 setup.py egg_info --egg-base ../../build/driving_decision build --build-base /home/jin/AB_Jin_Tao/simulation/simulation_ros2/build/driving_decision/build install --record /home/jin/AB_Jin_Tao/simulation/simulation_ros2/build/driving_decision/install.log --single-version-externally-managed
[2.746s] Level 1:colcon.colcon_core.environment:checking '/home/jin/AB_Jin_Tao/simulation/simulation_ros2/install/driving_decision' for CMake module files
[2.746s] Level 1:colcon.colcon_core.environment:checking '/home/jin/AB_Jin_Tao/simulation/simulation_ros2/install/driving_decision' for CMake config files
[2.746s] Level 1:colcon.colcon_core.environment:checking '/home/jin/AB_Jin_Tao/simulation/simulation_ros2/install/driving_decision/lib'
[2.747s] Level 1:colcon.colcon_core.environment:checking '/home/jin/AB_Jin_Tao/simulation/simulation_ros2/install/driving_decision/bin'
[2.747s] Level 1:colcon.colcon_core.environment:checking '/home/jin/AB_Jin_Tao/simulation/simulation_ros2/install/driving_decision/lib/pkgconfig/driving_decision.pc'
[2.747s] Level 1:colcon.colcon_core.environment:checking '/home/jin/AB_Jin_Tao/simulation/simulation_ros2/install/driving_decision/lib/python3.10/site-packages'
[2.747s] Level 1:colcon.colcon_core.shell:create_environment_hook('driving_decision', 'pythonpath')
[2.756s] INFO:colcon.colcon_core.shell:Creating environment hook '/home/jin/AB_Jin_Tao/simulation/simulation_ros2/install/driving_decision/share/driving_decision/hook/pythonpath.ps1'
[2.756s] INFO:colcon.colcon_core.shell:Creating environment descriptor '/home/jin/AB_Jin_Tao/simulation/simulation_ros2/install/driving_decision/share/driving_decision/hook/pythonpath.dsv'
[2.756s] INFO:colcon.colcon_core.shell:Creating environment hook '/home/jin/AB_Jin_Tao/simulation/simulation_ros2/install/driving_decision/share/driving_decision/hook/pythonpath.sh'
[2.757s] Level 1:colcon.colcon_core.environment:checking '/home/jin/AB_Jin_Tao/simulation/simulation_ros2/install/driving_decision/bin'
[2.757s] Level 1:colcon.colcon_core.environment:create_environment_scripts_only(driving_decision)
[2.766s] INFO:colcon.colcon_core.shell:Creating package script '/home/jin/AB_Jin_Tao/simulation/simulation_ros2/install/driving_decision/share/driving_decision/package.ps1'
[2.767s] INFO:colcon.colcon_core.shell:Creating package descriptor '/home/jin/AB_Jin_Tao/simulation/simulation_ros2/install/driving_decision/share/driving_decision/package.dsv'
[2.767s] INFO:colcon.colcon_core.shell:Creating package script '/home/jin/AB_Jin_Tao/simulation/simulation_ros2/install/driving_decision/share/driving_decision/package.sh'
[2.767s] INFO:colcon.colcon_core.shell:Creating package script '/home/jin/AB_Jin_Tao/simulation/simulation_ros2/install/driving_decision/share/driving_decision/package.bash'
[2.767s] INFO:colcon.colcon_core.shell:Creating package script '/home/jin/AB_Jin_Tao/simulation/simulation_ros2/install/driving_decision/share/driving_decision/package.zsh'
[2.767s] Level 1:colcon.colcon_core.environment:create_file_with_runtime_dependencies(/home/jin/AB_Jin_Tao/simulation/simulation_ros2/install/driving_decision/share/colcon-core/packages/driving_decision)
[2.769s] DEBUG:colcon.colcon_core.event_handler.log_command:Invoked command in '/home/jin/AB_Jin_Tao/simulation/simulation_ros2/src/run_simulation' returned '0': PYTHONPATH=/home/jin/AB_Jin_Tao/simulation/simulation_ros2/build/run_simulation/prefix_override:/home/jin/AB_Jin_Tao/simulation/simulation_ros2/install/run_simulation/lib/python3.10/site-packages:${PYTHONPATH} /usr/bin/python3 setup.py egg_info --egg-base ../../build/run_simulation build --build-base /home/jin/AB_Jin_Tao/simulation/simulation_ros2/build/run_simulation/build install --record /home/jin/AB_Jin_Tao/simulation/simulation_ros2/build/run_simulation/install.log --single-version-externally-managed
[2.778s] Level 1:colcon.colcon_core.environment:checking '/home/jin/AB_Jin_Tao/simulation/simulation_ros2/install/run_simulation' for CMake module files
[2.779s] Level 1:colcon.colcon_core.environment:checking '/home/jin/AB_Jin_Tao/simulation/simulation_ros2/install/run_simulation' for CMake config files
[2.779s] Level 1:colcon.colcon_core.environment:checking '/home/jin/AB_Jin_Tao/simulation/simulation_ros2/install/run_simulation/lib'
[2.779s] Level 1:colcon.colcon_core.environment:checking '/home/jin/AB_Jin_Tao/simulation/simulation_ros2/install/run_simulation/bin'
[2.779s] Level 1:colcon.colcon_core.environment:checking '/home/jin/AB_Jin_Tao/simulation/simulation_ros2/install/run_simulation/lib/pkgconfig/run_simulation.pc'
[2.779s] Level 1:colcon.colcon_core.environment:checking '/home/jin/AB_Jin_Tao/simulation/simulation_ros2/install/run_simulation/lib/python3.10/site-packages'
[2.779s] Level 1:colcon.colcon_core.shell:create_environment_hook('run_simulation', 'pythonpath')
[2.789s] INFO:colcon.colcon_core.shell:Creating environment hook '/home/jin/AB_Jin_Tao/simulation/simulation_ros2/install/run_simulation/share/run_simulation/hook/pythonpath.ps1'
[2.790s] INFO:colcon.colcon_core.shell:Creating environment descriptor '/home/jin/AB_Jin_Tao/simulation/simulation_ros2/install/run_simulation/share/run_simulation/hook/pythonpath.dsv'
[2.790s] INFO:colcon.colcon_core.shell:Creating environment hook '/home/jin/AB_Jin_Tao/simulation/simulation_ros2/install/run_simulation/share/run_simulation/hook/pythonpath.sh'
[2.790s] Level 1:colcon.colcon_core.environment:checking '/home/jin/AB_Jin_Tao/simulation/simulation_ros2/install/run_simulation/bin'
[2.790s] Level 1:colcon.colcon_core.environment:create_environment_scripts_only(run_simulation)
[2.800s] INFO:colcon.colcon_core.shell:Creating package script '/home/jin/AB_Jin_Tao/simulation/simulation_ros2/install/run_simulation/share/run_simulation/package.ps1'
[2.801s] INFO:colcon.colcon_core.shell:Creating package descriptor '/home/jin/AB_Jin_Tao/simulation/simulation_ros2/install/run_simulation/share/run_simulation/package.dsv'
[2.801s] INFO:colcon.colcon_core.shell:Creating package script '/home/jin/AB_Jin_Tao/simulation/simulation_ros2/install/run_simulation/share/run_simulation/package.sh'
[2.802s] INFO:colcon.colcon_core.shell:Creating package script '/home/jin/AB_Jin_Tao/simulation/simulation_ros2/install/run_simulation/share/run_simulation/package.bash'
[2.802s] INFO:colcon.colcon_core.shell:Creating package script '/home/jin/AB_Jin_Tao/simulation/simulation_ros2/install/run_simulation/share/run_simulation/package.zsh'
[2.802s] Level 1:colcon.colcon_core.environment:create_file_with_runtime_dependencies(/home/jin/AB_Jin_Tao/simulation/simulation_ros2/install/run_simulation/share/colcon-core/packages/run_simulation)
[2.878s] DEBUG:colcon.colcon_core.event_handler.log_command:Invoked command in '/home/jin/AB_Jin_Tao/simulation/simulation_ros2/src/get_pedestrian_position_current' returned '0': PYTHONPATH=/home/jin/AB_Jin_Tao/simulation/simulation_ros2/build/get_pedestrian_position_current/prefix_override:/home/jin/AB_Jin_Tao/simulation/simulation_ros2/install/get_pedestrian_position_current/lib/python3.10/site-packages:${PYTHONPATH} /usr/bin/python3 setup.py egg_info --egg-base ../../build/get_pedestrian_position_current build --build-base /home/jin/AB_Jin_Tao/simulation/simulation_ros2/build/get_pedestrian_position_current/build install --record /home/jin/AB_Jin_Tao/simulation/simulation_ros2/build/get_pedestrian_position_current/install.log --single-version-externally-managed
[2.887s] Level 1:colcon.colcon_core.environment:checking '/home/jin/AB_Jin_Tao/simulation/simulation_ros2/install/get_pedestrian_position_current' for CMake module files
[2.888s] Level 1:colcon.colcon_core.environment:checking '/home/jin/AB_Jin_Tao/simulation/simulation_ros2/install/get_pedestrian_position_current' for CMake config files
[2.888s] Level 1:colcon.colcon_core.environment:checking '/home/jin/AB_Jin_Tao/simulation/simulation_ros2/install/get_pedestrian_position_current/lib'
[2.888s] Level 1:colcon.colcon_core.environment:checking '/home/jin/AB_Jin_Tao/simulation/simulation_ros2/install/get_pedestrian_position_current/bin'
[2.888s] Level 1:colcon.colcon_core.environment:checking '/home/jin/AB_Jin_Tao/simulation/simulation_ros2/install/get_pedestrian_position_current/lib/pkgconfig/get_pedestrian_position_current.pc'
[2.888s] Level 1:colcon.colcon_core.environment:checking '/home/jin/AB_Jin_Tao/simulation/simulation_ros2/install/get_pedestrian_position_current/lib/python3.10/site-packages'
[2.888s] Level 1:colcon.colcon_core.shell:create_environment_hook('get_pedestrian_position_current', 'pythonpath')
[2.898s] INFO:colcon.colcon_core.shell:Creating environment hook '/home/jin/AB_Jin_Tao/simulation/simulation_ros2/install/get_pedestrian_position_current/share/get_pedestrian_position_current/hook/pythonpath.ps1'
[2.899s] INFO:colcon.colcon_core.shell:Creating environment descriptor '/home/jin/AB_Jin_Tao/simulation/simulation_ros2/install/get_pedestrian_position_current/share/get_pedestrian_position_current/hook/pythonpath.dsv'
[2.899s] INFO:colcon.colcon_core.shell:Creating environment hook '/home/jin/AB_Jin_Tao/simulation/simulation_ros2/install/get_pedestrian_position_current/share/get_pedestrian_position_current/hook/pythonpath.sh'
[2.899s] Level 1:colcon.colcon_core.environment:checking '/home/jin/AB_Jin_Tao/simulation/simulation_ros2/install/get_pedestrian_position_current/bin'
[2.899s] Level 1:colcon.colcon_core.environment:create_environment_scripts_only(get_pedestrian_position_current)
[2.908s] INFO:colcon.colcon_core.shell:Creating package script '/home/jin/AB_Jin_Tao/simulation/simulation_ros2/install/get_pedestrian_position_current/share/get_pedestrian_position_current/package.ps1'
[2.908s] INFO:colcon.colcon_core.shell:Creating package descriptor '/home/jin/AB_Jin_Tao/simulation/simulation_ros2/install/get_pedestrian_position_current/share/get_pedestrian_position_current/package.dsv'
[2.909s] INFO:colcon.colcon_core.shell:Creating package script '/home/jin/AB_Jin_Tao/simulation/simulation_ros2/install/get_pedestrian_position_current/share/get_pedestrian_position_current/package.sh'
[2.909s] INFO:colcon.colcon_core.shell:Creating package script '/home/jin/AB_Jin_Tao/simulation/simulation_ros2/install/get_pedestrian_position_current/share/get_pedestrian_position_current/package.bash'
[2.909s] INFO:colcon.colcon_core.shell:Creating package script '/home/jin/AB_Jin_Tao/simulation/simulation_ros2/install/get_pedestrian_position_current/share/get_pedestrian_position_current/package.zsh'
[2.909s] Level 1:colcon.colcon_core.environment:create_file_with_runtime_dependencies(/home/jin/AB_Jin_Tao/simulation/simulation_ros2/install/get_pedestrian_position_current/share/colcon-core/packages/get_pedestrian_position_current)
[2.911s] DEBUG:colcon.colcon_core.event_handler.log_command:Invoked command in '/home/jin/AB_Jin_Tao/simulation/simulation_ros2/src/update_vehicle_state' returned '0': PYTHONPATH=/home/jin/AB_Jin_Tao/simulation/simulation_ros2/build/update_vehicle_state/prefix_override:/home/jin/AB_Jin_Tao/simulation/simulation_ros2/install/update_vehicle_state/lib/python3.10/site-packages:${PYTHONPATH} /usr/bin/python3 setup.py egg_info --egg-base ../../build/update_vehicle_state build --build-base /home/jin/AB_Jin_Tao/simulation/simulation_ros2/build/update_vehicle_state/build install --record /home/jin/AB_Jin_Tao/simulation/simulation_ros2/build/update_vehicle_state/install.log --single-version-externally-managed
[2.920s] Level 1:colcon.colcon_core.environment:checking '/home/jin/AB_Jin_Tao/simulation/simulation_ros2/install/update_vehicle_state' for CMake module files
[2.920s] Level 1:colcon.colcon_core.environment:checking '/home/jin/AB_Jin_Tao/simulation/simulation_ros2/install/update_vehicle_state' for CMake config files
[2.920s] Level 1:colcon.colcon_core.environment:checking '/home/jin/AB_Jin_Tao/simulation/simulation_ros2/install/update_vehicle_state/lib'
[2.920s] Level 1:colcon.colcon_core.environment:checking '/home/jin/AB_Jin_Tao/simulation/simulation_ros2/install/update_vehicle_state/bin'
[2.920s] Level 1:colcon.colcon_core.environment:checking '/home/jin/AB_Jin_Tao/simulation/simulation_ros2/install/update_vehicle_state/lib/pkgconfig/update_vehicle_state.pc'
[2.921s] Level 1:colcon.colcon_core.environment:checking '/home/jin/AB_Jin_Tao/simulation/simulation_ros2/install/update_vehicle_state/lib/python3.10/site-packages'
[2.921s] Level 1:colcon.colcon_core.shell:create_environment_hook('update_vehicle_state', 'pythonpath')
[2.930s] INFO:colcon.colcon_core.shell:Creating environment hook '/home/jin/AB_Jin_Tao/simulation/simulation_ros2/install/update_vehicle_state/share/update_vehicle_state/hook/pythonpath.ps1'
[2.930s] INFO:colcon.colcon_core.shell:Creating environment descriptor '/home/jin/AB_Jin_Tao/simulation/simulation_ros2/install/update_vehicle_state/share/update_vehicle_state/hook/pythonpath.dsv'
[2.930s] INFO:colcon.colcon_core.shell:Creating environment hook '/home/jin/AB_Jin_Tao/simulation/simulation_ros2/install/update_vehicle_state/share/update_vehicle_state/hook/pythonpath.sh'
[2.931s] Level 1:colcon.colcon_core.environment:checking '/home/jin/AB_Jin_Tao/simulation/simulation_ros2/install/update_vehicle_state/bin'
[2.931s] Level 1:colcon.colcon_core.environment:create_environment_scripts_only(update_vehicle_state)
[2.939s] INFO:colcon.colcon_core.shell:Creating package script '/home/jin/AB_Jin_Tao/simulation/simulation_ros2/install/update_vehicle_state/share/update_vehicle_state/package.ps1'
[2.940s] INFO:colcon.colcon_core.shell:Creating package descriptor '/home/jin/AB_Jin_Tao/simulation/simulation_ros2/install/update_vehicle_state/share/update_vehicle_state/package.dsv'
[2.940s] INFO:colcon.colcon_core.shell:Creating package script '/home/jin/AB_Jin_Tao/simulation/simulation_ros2/install/update_vehicle_state/share/update_vehicle_state/package.sh'
[2.940s] INFO:colcon.colcon_core.shell:Creating package script '/home/jin/AB_Jin_Tao/simulation/simulation_ros2/install/update_vehicle_state/share/update_vehicle_state/package.bash'
[2.940s] INFO:colcon.colcon_core.shell:Creating package script '/home/jin/AB_Jin_Tao/simulation/simulation_ros2/install/update_vehicle_state/share/update_vehicle_state/package.zsh'
[2.940s] Level 1:colcon.colcon_core.environment:create_file_with_runtime_dependencies(/home/jin/AB_Jin_Tao/simulation/simulation_ros2/install/update_vehicle_state/share/colcon-core/packages/update_vehicle_state)
[2.941s] DEBUG:colcon.colcon_parallel_executor.executor.parallel:closing loop
[2.941s] DEBUG:colcon.colcon_parallel_executor.executor.parallel:loop closed
[2.941s] DEBUG:colcon.colcon_parallel_executor.executor.parallel:run_until_complete finished with '0'
[2.941s] DEBUG:colcon.colcon_core.event_reactor:joining thread
[2.955s] INFO:colcon.colcon_core.plugin_system:Skipping extension 'colcon_notification.desktop_notification.terminal_notifier': Not used on non-Darwin systems
[2.956s] INFO:colcon.colcon_core.plugin_system:Skipping extension 'colcon_notification.desktop_notification.win32': Not used on non-Windows systems
[2.956s] INFO:colcon.colcon_notification.desktop_notification:Sending desktop notification using 'notify2'
[2.968s] DEBUG:colcon.colcon_core.event_reactor:joined thread
[2.979s] INFO:colcon.colcon_core.shell:Creating prefix script '/home/jin/AB_Jin_Tao/simulation/simulation_ros2/install/local_setup.ps1'
[2.980s] INFO:colcon.colcon_core.shell:Creating prefix util module '/home/jin/AB_Jin_Tao/simulation/simulation_ros2/install/_local_setup_util_ps1.py'
[2.981s] INFO:colcon.colcon_core.shell:Creating prefix chain script '/home/jin/AB_Jin_Tao/simulation/simulation_ros2/install/setup.ps1'
[2.991s] INFO:colcon.colcon_core.shell:Creating prefix script '/home/jin/AB_Jin_Tao/simulation/simulation_ros2/install/local_setup.sh'
[2.991s] INFO:colcon.colcon_core.shell:Creating prefix util module '/home/jin/AB_Jin_Tao/simulation/simulation_ros2/install/_local_setup_util_sh.py'
[2.991s] INFO:colcon.colcon_core.shell:Creating prefix chain script '/home/jin/AB_Jin_Tao/simulation/simulation_ros2/install/setup.sh'
[3.001s] INFO:colcon.colcon_core.shell:Creating prefix script '/home/jin/AB_Jin_Tao/simulation/simulation_ros2/install/local_setup.bash'
[3.001s] INFO:colcon.colcon_core.shell:Creating prefix chain script '/home/jin/AB_Jin_Tao/simulation/simulation_ros2/install/setup.bash'
[3.011s] INFO:colcon.colcon_core.shell:Creating prefix script '/home/jin/AB_Jin_Tao/simulation/simulation_ros2/install/local_setup.zsh'
[3.011s] INFO:colcon.colcon_core.shell:Creating prefix chain script '/home/jin/AB_Jin_Tao/simulation/simulation_ros2/install/setup.zsh'
