running egg_info
creating ../../build/get_pedestrian_position_current/get_pedestrian_position_current.egg-info
writing ../../build/get_pedestrian_position_current/get_pedestrian_position_current.egg-info/PKG-INFO
writing dependency_links to ../../build/get_pedestrian_position_current/get_pedestrian_position_current.egg-info/dependency_links.txt
writing entry points to ../../build/get_pedestrian_position_current/get_pedestrian_position_current.egg-info/entry_points.txt
writing requirements to ../../build/get_pedestrian_position_current/get_pedestrian_position_current.egg-info/requires.txt
writing top-level names to ../../build/get_pedestrian_position_current/get_pedestrian_position_current.egg-info/top_level.txt
writing manifest file '../../build/get_pedestrian_position_current/get_pedestrian_position_current.egg-info/SOURCES.txt'
reading manifest file '../../build/get_pedestrian_position_current/get_pedestrian_position_current.egg-info/SOURCES.txt'
adding license file 'LICENSE'
writing manifest file '../../build/get_pedestrian_position_current/get_pedestrian_position_current.egg-info/SOURCES.txt'
running build
running build_py
creating /home/jin/AB_Jin_Tao/simulation/simulation_ros2/build/get_pedestrian_position_current/build
creating /home/jin/AB_Jin_Tao/simulation/simulation_ros2/build/get_pedestrian_position_current/build/lib
creating /home/jin/AB_Jin_Tao/simulation/simulation_ros2/build/get_pedestrian_position_current/build/lib/get_pedestrian_position_current
copying get_pedestrian_position_current/data_extraction_pedestrians.py -> /home/jin/AB_Jin_Tao/simulation/simulation_ros2/build/get_pedestrian_position_current/build/lib/get_pedestrian_position_current
copying get_pedestrian_position_current/pedestrian_position_publisher.py -> /home/jin/AB_Jin_Tao/simulation/simulation_ros2/build/get_pedestrian_position_current/build/lib/get_pedestrian_position_current
copying get_pedestrian_position_current/__init__.py -> /home/jin/AB_Jin_Tao/simulation/simulation_ros2/build/get_pedestrian_position_current/build/lib/get_pedestrian_position_current
running install
/usr/lib/python3/dist-packages/setuptools/command/install.py:34: SetuptoolsDeprecationWarning: setup.py install is deprecated. Use build and pip and other standards-based tools.
  warnings.warn(
running install_lib
creating /home/jin/AB_Jin_Tao/simulation/simulation_ros2/install/get_pedestrian_position_current/lib/python3.10/site-packages/get_pedestrian_position_current
copying /home/jin/AB_Jin_Tao/simulation/simulation_ros2/build/get_pedestrian_position_current/build/lib/get_pedestrian_position_current/data_extraction_pedestrians.py -> /home/jin/AB_Jin_Tao/simulation/simulation_ros2/install/get_pedestrian_position_current/lib/python3.10/site-packages/get_pedestrian_position_current
copying /home/jin/AB_Jin_Tao/simulation/simulation_ros2/build/get_pedestrian_position_current/build/lib/get_pedestrian_position_current/pedestrian_position_publisher.py -> /home/jin/AB_Jin_Tao/simulation/simulation_ros2/install/get_pedestrian_position_current/lib/python3.10/site-packages/get_pedestrian_position_current
copying /home/jin/AB_Jin_Tao/simulation/simulation_ros2/build/get_pedestrian_position_current/build/lib/get_pedestrian_position_current/__init__.py -> /home/jin/AB_Jin_Tao/simulation/simulation_ros2/install/get_pedestrian_position_current/lib/python3.10/site-packages/get_pedestrian_position_current
byte-compiling /home/jin/AB_Jin_Tao/simulation/simulation_ros2/install/get_pedestrian_position_current/lib/python3.10/site-packages/get_pedestrian_position_current/data_extraction_pedestrians.py to data_extraction_pedestrians.cpython-310.pyc
byte-compiling /home/jin/AB_Jin_Tao/simulation/simulation_ros2/install/get_pedestrian_position_current/lib/python3.10/site-packages/get_pedestrian_position_current/pedestrian_position_publisher.py to pedestrian_position_publisher.cpython-310.pyc
byte-compiling /home/jin/AB_Jin_Tao/simulation/simulation_ros2/install/get_pedestrian_position_current/lib/python3.10/site-packages/get_pedestrian_position_current/__init__.py to __init__.cpython-310.pyc
running install_data
creating /home/jin/AB_Jin_Tao/simulation/simulation_ros2/install/get_pedestrian_position_current/share/ament_index
creating /home/jin/AB_Jin_Tao/simulation/simulation_ros2/install/get_pedestrian_position_current/share/ament_index/resource_index
creating /home/jin/AB_Jin_Tao/simulation/simulation_ros2/install/get_pedestrian_position_current/share/ament_index/resource_index/packages
copying resource/get_pedestrian_position_current -> /home/jin/AB_Jin_Tao/simulation/simulation_ros2/install/get_pedestrian_position_current/share/ament_index/resource_index/packages
copying package.xml -> /home/jin/AB_Jin_Tao/simulation/simulation_ros2/install/get_pedestrian_position_current/share/get_pedestrian_position_current
running install_egg_info
Copying ../../build/get_pedestrian_position_current/get_pedestrian_position_current.egg-info to /home/jin/AB_Jin_Tao/simulation/simulation_ros2/install/get_pedestrian_position_current/lib/python3.10/site-packages/get_pedestrian_position_current-0.0.0-py3.10.egg-info
running install_scripts
Installing pedestrain_pos_current script to /home/jin/AB_Jin_Tao/simulation/simulation_ros2/install/get_pedestrian_position_current/lib/get_pedestrian_position_current
writing list of installed files to '/home/jin/AB_Jin_Tao/simulation/simulation_ros2/build/get_pedestrian_position_current/install.log'
