[0.429s] Invoking command in '/home/jin/AB_Jin_Tao/simulation/simulation_ros2/src/get_pedestrian_position_current': PYTHONPATH=/home/jin/AB_Jin_Tao/simulation/simulation_ros2/build/get_pedestrian_position_current/prefix_override:/home/jin/AB_Jin_Tao/simulation/simulation_ros2/install/get_pedestrian_position_current/lib/python3.10/site-packages:${PYTHONPATH} /usr/bin/python3 setup.py egg_info --egg-base ../../build/get_pedestrian_position_current build --build-base /home/jin/AB_Jin_Tao/simulation/simulation_ros2/build/get_pedestrian_position_current/build install --record /home/jin/AB_Jin_Tao/simulation/simulation_ros2/build/get_pedestrian_position_current/install.log --single-version-externally-managed
[0.569s] running egg_info
[0.570s] creating ../../build/get_pedestrian_position_current/get_pedestrian_position_current.egg-info
[0.570s] writing ../../build/get_pedestrian_position_current/get_pedestrian_position_current.egg-info/PKG-INFO
[0.570s] writing dependency_links to ../../build/get_pedestrian_position_current/get_pedestrian_position_current.egg-info/dependency_links.txt
[0.570s] writing entry points to ../../build/get_pedestrian_position_current/get_pedestrian_position_current.egg-info/entry_points.txt
[0.570s] writing requirements to ../../build/get_pedestrian_position_current/get_pedestrian_position_current.egg-info/requires.txt
[0.570s] writing top-level names to ../../build/get_pedestrian_position_current/get_pedestrian_position_current.egg-info/top_level.txt
[0.570s] writing manifest file '../../build/get_pedestrian_position_current/get_pedestrian_position_current.egg-info/SOURCES.txt'
[0.571s] reading manifest file '../../build/get_pedestrian_position_current/get_pedestrian_position_current.egg-info/SOURCES.txt'
[0.571s] adding license file 'LICENSE'
[0.572s] writing manifest file '../../build/get_pedestrian_position_current/get_pedestrian_position_current.egg-info/SOURCES.txt'
[0.572s] running build
[0.572s] running build_py
[0.572s] creating /home/jin/AB_Jin_Tao/simulation/simulation_ros2/build/get_pedestrian_position_current/build
[0.572s] creating /home/jin/AB_Jin_Tao/simulation/simulation_ros2/build/get_pedestrian_position_current/build/lib
[0.572s] creating /home/jin/AB_Jin_Tao/simulation/simulation_ros2/build/get_pedestrian_position_current/build/lib/get_pedestrian_position_current
[0.572s] copying get_pedestrian_position_current/data_extraction_pedestrians.py -> /home/jin/AB_Jin_Tao/simulation/simulation_ros2/build/get_pedestrian_position_current/build/lib/get_pedestrian_position_current
[0.572s] copying get_pedestrian_position_current/pedestrian_position_publisher.py -> /home/jin/AB_Jin_Tao/simulation/simulation_ros2/build/get_pedestrian_position_current/build/lib/get_pedestrian_position_current
[0.572s] copying get_pedestrian_position_current/__init__.py -> /home/jin/AB_Jin_Tao/simulation/simulation_ros2/build/get_pedestrian_position_current/build/lib/get_pedestrian_position_current
[0.572s] running install
[0.573s] /usr/lib/python3/dist-packages/setuptools/command/install.py:34: SetuptoolsDeprecationWarning: setup.py install is deprecated. Use build and pip and other standards-based tools.
[0.573s]   warnings.warn(
[0.573s] running install_lib
[0.573s] creating /home/jin/AB_Jin_Tao/simulation/simulation_ros2/install/get_pedestrian_position_current/lib/python3.10/site-packages/get_pedestrian_position_current
[0.573s] copying /home/jin/AB_Jin_Tao/simulation/simulation_ros2/build/get_pedestrian_position_current/build/lib/get_pedestrian_position_current/data_extraction_pedestrians.py -> /home/jin/AB_Jin_Tao/simulation/simulation_ros2/install/get_pedestrian_position_current/lib/python3.10/site-packages/get_pedestrian_position_current
[0.573s] copying /home/jin/AB_Jin_Tao/simulation/simulation_ros2/build/get_pedestrian_position_current/build/lib/get_pedestrian_position_current/pedestrian_position_publisher.py -> /home/jin/AB_Jin_Tao/simulation/simulation_ros2/install/get_pedestrian_position_current/lib/python3.10/site-packages/get_pedestrian_position_current
[0.573s] copying /home/jin/AB_Jin_Tao/simulation/simulation_ros2/build/get_pedestrian_position_current/build/lib/get_pedestrian_position_current/__init__.py -> /home/jin/AB_Jin_Tao/simulation/simulation_ros2/install/get_pedestrian_position_current/lib/python3.10/site-packages/get_pedestrian_position_current
[0.574s] byte-compiling /home/jin/AB_Jin_Tao/simulation/simulation_ros2/install/get_pedestrian_position_current/lib/python3.10/site-packages/get_pedestrian_position_current/data_extraction_pedestrians.py to data_extraction_pedestrians.cpython-310.pyc
[0.574s] byte-compiling /home/jin/AB_Jin_Tao/simulation/simulation_ros2/install/get_pedestrian_position_current/lib/python3.10/site-packages/get_pedestrian_position_current/pedestrian_position_publisher.py to pedestrian_position_publisher.cpython-310.pyc
[0.575s] byte-compiling /home/jin/AB_Jin_Tao/simulation/simulation_ros2/install/get_pedestrian_position_current/lib/python3.10/site-packages/get_pedestrian_position_current/__init__.py to __init__.cpython-310.pyc
[0.575s] running install_data
[0.575s] creating /home/jin/AB_Jin_Tao/simulation/simulation_ros2/install/get_pedestrian_position_current/share/ament_index
[0.575s] creating /home/jin/AB_Jin_Tao/simulation/simulation_ros2/install/get_pedestrian_position_current/share/ament_index/resource_index
[0.575s] creating /home/jin/AB_Jin_Tao/simulation/simulation_ros2/install/get_pedestrian_position_current/share/ament_index/resource_index/packages
[0.575s] copying resource/get_pedestrian_position_current -> /home/jin/AB_Jin_Tao/simulation/simulation_ros2/install/get_pedestrian_position_current/share/ament_index/resource_index/packages
[0.575s] copying package.xml -> /home/jin/AB_Jin_Tao/simulation/simulation_ros2/install/get_pedestrian_position_current/share/get_pedestrian_position_current
[0.575s] running install_egg_info
[0.576s] Copying ../../build/get_pedestrian_position_current/get_pedestrian_position_current.egg-info to /home/jin/AB_Jin_Tao/simulation/simulation_ros2/install/get_pedestrian_position_current/lib/python3.10/site-packages/get_pedestrian_position_current-0.0.0-py3.10.egg-info
[0.577s] running install_scripts
[0.590s] Installing pedestrain_pos_current script to /home/jin/AB_Jin_Tao/simulation/simulation_ros2/install/get_pedestrian_position_current/lib/get_pedestrian_position_current
[0.591s] writing list of installed files to '/home/jin/AB_Jin_Tao/simulation/simulation_ros2/build/get_pedestrian_position_current/install.log'
[0.608s] Invoked command in '/home/jin/AB_Jin_Tao/simulation/simulation_ros2/src/get_pedestrian_position_current' returned '0': PYTHONPATH=/home/jin/AB_Jin_Tao/simulation/simulation_ros2/build/get_pedestrian_position_current/prefix_override:/home/jin/AB_Jin_Tao/simulation/simulation_ros2/install/get_pedestrian_position_current/lib/python3.10/site-packages:${PYTHONPATH} /usr/bin/python3 setup.py egg_info --egg-base ../../build/get_pedestrian_position_current build --build-base /home/jin/AB_Jin_Tao/simulation/simulation_ros2/build/get_pedestrian_position_current/build install --record /home/jin/AB_Jin_Tao/simulation/simulation_ros2/build/get_pedestrian_position_current/install.log --single-version-externally-managed
