[1.251s] Invoking command in '/home/jin/AB_Jin_Tao/simulation/simulation_ros2/src/driving_decision': PYTHONPATH=/home/jin/AB_Jin_Tao/simulation/simulation_ros2/build/driving_decision/prefix_override:/home/jin/AB_Jin_Tao/simulation/simulation_ros2/install/driving_decision/lib/python3.10/site-packages:${PYTHONPATH} /usr/bin/python3 setup.py egg_info --egg-base ../../build/driving_decision build --build-base /home/jin/AB_Jin_Tao/simulation/simulation_ros2/build/driving_decision/build install --record /home/jin/AB_Jin_Tao/simulation/simulation_ros2/build/driving_decision/install.log --single-version-externally-managed
[1.409s] running egg_info
[1.410s] writing ../../build/driving_decision/driving_decision.egg-info/PKG-INFO
[1.410s] writing dependency_links to ../../build/driving_decision/driving_decision.egg-info/dependency_links.txt
[1.410s] writing entry points to ../../build/driving_decision/driving_decision.egg-info/entry_points.txt
[1.410s] writing requirements to ../../build/driving_decision/driving_decision.egg-info/requires.txt
[1.410s] writing top-level names to ../../build/driving_decision/driving_decision.egg-info/top_level.txt
[1.411s] reading manifest file '../../build/driving_decision/driving_decision.egg-info/SOURCES.txt'
[1.411s] adding license file 'LICENSE'
[1.412s] writing manifest file '../../build/driving_decision/driving_decision.egg-info/SOURCES.txt'
[1.412s] running build
[1.412s] running build_py
[1.412s] running install
[1.412s] /usr/lib/python3/dist-packages/setuptools/command/install.py:34: SetuptoolsDeprecationWarning: setup.py install is deprecated. Use build and pip and other standards-based tools.
[1.412s]   warnings.warn(
[1.413s] running install_lib
[1.413s] running install_data
[1.414s] running install_egg_info
[1.415s] removing '/home/jin/AB_Jin_Tao/simulation/simulation_ros2/install/driving_decision/lib/python3.10/site-packages/driving_decision-0.0.0-py3.10.egg-info' (and everything under it)
[1.415s] Copying ../../build/driving_decision/driving_decision.egg-info to /home/jin/AB_Jin_Tao/simulation/simulation_ros2/install/driving_decision/lib/python3.10/site-packages/driving_decision-0.0.0-py3.10.egg-info
[1.416s] running install_scripts
[1.430s] Installing driving_decision_exec script to /home/jin/AB_Jin_Tao/simulation/simulation_ros2/install/driving_decision/lib/driving_decision
[1.430s] writing list of installed files to '/home/jin/AB_Jin_Tao/simulation/simulation_ros2/build/driving_decision/install.log'
[1.455s] Invoked command in '/home/jin/AB_Jin_Tao/simulation/simulation_ros2/src/driving_decision' returned '0': PYTHONPATH=/home/jin/AB_Jin_Tao/simulation/simulation_ros2/build/driving_decision/prefix_override:/home/jin/AB_Jin_Tao/simulation/simulation_ros2/install/driving_decision/lib/python3.10/site-packages:${PYTHONPATH} /usr/bin/python3 setup.py egg_info --egg-base ../../build/driving_decision build --build-base /home/jin/AB_Jin_Tao/simulation/simulation_ros2/build/driving_decision/build install --record /home/jin/AB_Jin_Tao/simulation/simulation_ros2/build/driving_decision/install.log --single-version-externally-managed
