[1.810s] Invoking command in '/home/jin/AB_Jin_Tao/simulation/simulation_ros2/src/driving_decision': PYTHONPATH=/home/jin/AB_Jin_Tao/simulation/simulation_ros2/build/driving_decision/prefix_override:/home/jin/AB_Jin_Tao/simulation/simulation_ros2/install/driving_decision/lib/python3.10/site-packages:${PYTHONPATH} /usr/bin/python3 setup.py egg_info --egg-base ../../build/driving_decision build --build-base /home/jin/AB_Jin_Tao/simulation/simulation_ros2/build/driving_decision/build install --record /home/jin/AB_Jin_Tao/simulation/simulation_ros2/build/driving_decision/install.log --single-version-externally-managed
[1.998s] running egg_info
[1.998s] writing ../../build/driving_decision/driving_decision.egg-info/PKG-INFO
[1.999s] writing dependency_links to ../../build/driving_decision/driving_decision.egg-info/dependency_links.txt
[1.999s] writing entry points to ../../build/driving_decision/driving_decision.egg-info/entry_points.txt
[1.999s] writing requirements to ../../build/driving_decision/driving_decision.egg-info/requires.txt
[1.999s] writing top-level names to ../../build/driving_decision/driving_decision.egg-info/top_level.txt
[2.001s] reading manifest file '../../build/driving_decision/driving_decision.egg-info/SOURCES.txt'
[2.002s] adding license file 'LICENSE'
[2.002s] writing manifest file '../../build/driving_decision/driving_decision.egg-info/SOURCES.txt'
[2.003s] running build
[2.003s] running build_py
[2.003s] copying driving_decision/driving_decision_node.py -> /home/jin/AB_Jin_Tao/simulation/simulation_ros2/build/driving_decision/build/lib/driving_decision
[2.003s] running install
[2.003s] /usr/lib/python3/dist-packages/setuptools/command/install.py:34: SetuptoolsDeprecationWarning: setup.py install is deprecated. Use build and pip and other standards-based tools.
[2.003s]   warnings.warn(
[2.003s] running install_lib
[2.004s] copying /home/jin/AB_Jin_Tao/simulation/simulation_ros2/build/driving_decision/build/lib/driving_decision/driving_decision_node.py -> /home/jin/AB_Jin_Tao/simulation/simulation_ros2/install/driving_decision/lib/python3.10/site-packages/driving_decision
[2.005s] byte-compiling /home/jin/AB_Jin_Tao/simulation/simulation_ros2/install/driving_decision/lib/python3.10/site-packages/driving_decision/driving_decision_node.py to driving_decision_node.cpython-310.pyc
[2.006s] running install_data
[2.007s] running install_egg_info
[2.009s] removing '/home/jin/AB_Jin_Tao/simulation/simulation_ros2/install/driving_decision/lib/python3.10/site-packages/driving_decision-0.0.0-py3.10.egg-info' (and everything under it)
[2.009s] Copying ../../build/driving_decision/driving_decision.egg-info to /home/jin/AB_Jin_Tao/simulation/simulation_ros2/install/driving_decision/lib/python3.10/site-packages/driving_decision-0.0.0-py3.10.egg-info
[2.010s] running install_scripts
[2.036s] Installing driving_decision_exec script to /home/jin/AB_Jin_Tao/simulation/simulation_ros2/install/driving_decision/lib/driving_decision
[2.036s] writing list of installed files to '/home/jin/AB_Jin_Tao/simulation/simulation_ros2/build/driving_decision/install.log'
[2.085s] Invoked command in '/home/jin/AB_Jin_Tao/simulation/simulation_ros2/src/driving_decision' returned '0': PYTHONPATH=/home/jin/AB_Jin_Tao/simulation/simulation_ros2/build/driving_decision/prefix_override:/home/jin/AB_Jin_Tao/simulation/simulation_ros2/install/driving_decision/lib/python3.10/site-packages:${PYTHONPATH} /usr/bin/python3 setup.py egg_info --egg-base ../../build/driving_decision build --build-base /home/jin/AB_Jin_Tao/simulation/simulation_ros2/build/driving_decision/build install --record /home/jin/AB_Jin_Tao/simulation/simulation_ros2/build/driving_decision/install.log --single-version-externally-managed
