running egg_info
creating ../../build/driving_decision/driving_decision.egg-info
writing ../../build/driving_decision/driving_decision.egg-info/PKG-INFO
writing dependency_links to ../../build/driving_decision/driving_decision.egg-info/dependency_links.txt
writing entry points to ../../build/driving_decision/driving_decision.egg-info/entry_points.txt
writing requirements to ../../build/driving_decision/driving_decision.egg-info/requires.txt
writing top-level names to ../../build/driving_decision/driving_decision.egg-info/top_level.txt
writing manifest file '../../build/driving_decision/driving_decision.egg-info/SOURCES.txt'
reading manifest file '../../build/driving_decision/driving_decision.egg-info/SOURCES.txt'
adding license file 'LICENSE'
writing manifest file '../../build/driving_decision/driving_decision.egg-info/SOURCES.txt'
running build
running build_py
creating /home/jin/AB_Jin_Tao/simulation/simulation_ros2/build/driving_decision/build
creating /home/jin/AB_Jin_Tao/simulation/simulation_ros2/build/driving_decision/build/lib
creating /home/jin/AB_Jin_Tao/simulation/simulation_ros2/build/driving_decision/build/lib/driving_decision
copying driving_decision/__init__.py -> /home/jin/AB_Jin_Tao/simulation/simulation_ros2/build/driving_decision/build/lib/driving_decision
copying driving_decision/driving_decision_node.py -> /home/jin/AB_Jin_Tao/simulation/simulation_ros2/build/driving_decision/build/lib/driving_decision
copying driving_decision/velocity_control.py -> /home/jin/AB_Jin_Tao/simulation/simulation_ros2/build/driving_decision/build/lib/driving_decision
running install
/usr/lib/python3/dist-packages/setuptools/command/install.py:34: SetuptoolsDeprecationWarning: setup.py install is deprecated. Use build and pip and other standards-based tools.
  warnings.warn(
running install_lib
creating /home/jin/AB_Jin_Tao/simulation/simulation_ros2/install/driving_decision/lib/python3.10/site-packages/driving_decision
copying /home/jin/AB_Jin_Tao/simulation/simulation_ros2/build/driving_decision/build/lib/driving_decision/__init__.py -> /home/jin/AB_Jin_Tao/simulation/simulation_ros2/install/driving_decision/lib/python3.10/site-packages/driving_decision
copying /home/jin/AB_Jin_Tao/simulation/simulation_ros2/build/driving_decision/build/lib/driving_decision/driving_decision_node.py -> /home/jin/AB_Jin_Tao/simulation/simulation_ros2/install/driving_decision/lib/python3.10/site-packages/driving_decision
copying /home/jin/AB_Jin_Tao/simulation/simulation_ros2/build/driving_decision/build/lib/driving_decision/velocity_control.py -> /home/jin/AB_Jin_Tao/simulation/simulation_ros2/install/driving_decision/lib/python3.10/site-packages/driving_decision
byte-compiling /home/jin/AB_Jin_Tao/simulation/simulation_ros2/install/driving_decision/lib/python3.10/site-packages/driving_decision/__init__.py to __init__.cpython-310.pyc
byte-compiling /home/jin/AB_Jin_Tao/simulation/simulation_ros2/install/driving_decision/lib/python3.10/site-packages/driving_decision/driving_decision_node.py to driving_decision_node.cpython-310.pyc
byte-compiling /home/jin/AB_Jin_Tao/simulation/simulation_ros2/install/driving_decision/lib/python3.10/site-packages/driving_decision/velocity_control.py to velocity_control.cpython-310.pyc
running install_data
creating /home/jin/AB_Jin_Tao/simulation/simulation_ros2/install/driving_decision/share/ament_index
creating /home/jin/AB_Jin_Tao/simulation/simulation_ros2/install/driving_decision/share/ament_index/resource_index
creating /home/jin/AB_Jin_Tao/simulation/simulation_ros2/install/driving_decision/share/ament_index/resource_index/packages
copying resource/driving_decision -> /home/jin/AB_Jin_Tao/simulation/simulation_ros2/install/driving_decision/share/ament_index/resource_index/packages
copying package.xml -> /home/jin/AB_Jin_Tao/simulation/simulation_ros2/install/driving_decision/share/driving_decision
running install_egg_info
Copying ../../build/driving_decision/driving_decision.egg-info to /home/jin/AB_Jin_Tao/simulation/simulation_ros2/install/driving_decision/lib/python3.10/site-packages/driving_decision-0.0.0-py3.10.egg-info
running install_scripts
Installing driving_decision_exec script to /home/jin/AB_Jin_Tao/simulation/simulation_ros2/install/driving_decision/lib/driving_decision
writing list of installed files to '/home/jin/AB_Jin_Tao/simulation/simulation_ros2/build/driving_decision/install.log'
