[0.665s] Invoking command in '/home/jin/AB_Jin_Tao/simulation/simulation_ros2/src/driving_decision': PYTHONPATH=/home/jin/AB_Jin_Tao/simulation/simulation_ros2/build/driving_decision/prefix_override:/home/jin/AB_Jin_Tao/simulation/simulation_ros2/install/driving_decision/lib/python3.10/site-packages:${PYTHONPATH} /usr/bin/python3 setup.py egg_info --egg-base ../../build/driving_decision build --build-base /home/jin/AB_Jin_Tao/simulation/simulation_ros2/build/driving_decision/build install --record /home/jin/AB_Jin_Tao/simulation/simulation_ros2/build/driving_decision/install.log --single-version-externally-managed
[0.807s] running egg_info
[0.808s] creating ../../build/driving_decision/driving_decision.egg-info
[0.808s] writing ../../build/driving_decision/driving_decision.egg-info/PKG-INFO
[0.808s] writing dependency_links to ../../build/driving_decision/driving_decision.egg-info/dependency_links.txt
[0.808s] writing entry points to ../../build/driving_decision/driving_decision.egg-info/entry_points.txt
[0.808s] writing requirements to ../../build/driving_decision/driving_decision.egg-info/requires.txt
[0.809s] writing top-level names to ../../build/driving_decision/driving_decision.egg-info/top_level.txt
[0.809s] writing manifest file '../../build/driving_decision/driving_decision.egg-info/SOURCES.txt'
[0.810s] reading manifest file '../../build/driving_decision/driving_decision.egg-info/SOURCES.txt'
[0.810s] adding license file 'LICENSE'
[0.810s] writing manifest file '../../build/driving_decision/driving_decision.egg-info/SOURCES.txt'
[0.810s] running build
[0.811s] running build_py
[0.811s] creating /home/jin/AB_Jin_Tao/simulation/simulation_ros2/build/driving_decision/build
[0.811s] creating /home/jin/AB_Jin_Tao/simulation/simulation_ros2/build/driving_decision/build/lib
[0.811s] creating /home/jin/AB_Jin_Tao/simulation/simulation_ros2/build/driving_decision/build/lib/driving_decision
[0.811s] copying driving_decision/__init__.py -> /home/jin/AB_Jin_Tao/simulation/simulation_ros2/build/driving_decision/build/lib/driving_decision
[0.811s] copying driving_decision/driving_decision_node.py -> /home/jin/AB_Jin_Tao/simulation/simulation_ros2/build/driving_decision/build/lib/driving_decision
[0.811s] copying driving_decision/velocity_control.py -> /home/jin/AB_Jin_Tao/simulation/simulation_ros2/build/driving_decision/build/lib/driving_decision
[0.811s] running install
[0.811s] /usr/lib/python3/dist-packages/setuptools/command/install.py:34: SetuptoolsDeprecationWarning: setup.py install is deprecated. Use build and pip and other standards-based tools.
[0.811s]   warnings.warn(
[0.811s] running install_lib
[0.812s] creating /home/jin/AB_Jin_Tao/simulation/simulation_ros2/install/driving_decision/lib/python3.10/site-packages/driving_decision
[0.812s] copying /home/jin/AB_Jin_Tao/simulation/simulation_ros2/build/driving_decision/build/lib/driving_decision/__init__.py -> /home/jin/AB_Jin_Tao/simulation/simulation_ros2/install/driving_decision/lib/python3.10/site-packages/driving_decision
[0.812s] copying /home/jin/AB_Jin_Tao/simulation/simulation_ros2/build/driving_decision/build/lib/driving_decision/driving_decision_node.py -> /home/jin/AB_Jin_Tao/simulation/simulation_ros2/install/driving_decision/lib/python3.10/site-packages/driving_decision
[0.812s] copying /home/jin/AB_Jin_Tao/simulation/simulation_ros2/build/driving_decision/build/lib/driving_decision/velocity_control.py -> /home/jin/AB_Jin_Tao/simulation/simulation_ros2/install/driving_decision/lib/python3.10/site-packages/driving_decision
[0.812s] byte-compiling /home/jin/AB_Jin_Tao/simulation/simulation_ros2/install/driving_decision/lib/python3.10/site-packages/driving_decision/__init__.py to __init__.cpython-310.pyc
[0.812s] byte-compiling /home/jin/AB_Jin_Tao/simulation/simulation_ros2/install/driving_decision/lib/python3.10/site-packages/driving_decision/driving_decision_node.py to driving_decision_node.cpython-310.pyc
[0.813s] byte-compiling /home/jin/AB_Jin_Tao/simulation/simulation_ros2/install/driving_decision/lib/python3.10/site-packages/driving_decision/velocity_control.py to velocity_control.cpython-310.pyc
[0.813s] running install_data
[0.813s] creating /home/jin/AB_Jin_Tao/simulation/simulation_ros2/install/driving_decision/share/ament_index
[0.813s] creating /home/jin/AB_Jin_Tao/simulation/simulation_ros2/install/driving_decision/share/ament_index/resource_index
[0.813s] creating /home/jin/AB_Jin_Tao/simulation/simulation_ros2/install/driving_decision/share/ament_index/resource_index/packages
[0.813s] copying resource/driving_decision -> /home/jin/AB_Jin_Tao/simulation/simulation_ros2/install/driving_decision/share/ament_index/resource_index/packages
[0.813s] copying package.xml -> /home/jin/AB_Jin_Tao/simulation/simulation_ros2/install/driving_decision/share/driving_decision
[0.813s] running install_egg_info
[0.814s] Copying ../../build/driving_decision/driving_decision.egg-info to /home/jin/AB_Jin_Tao/simulation/simulation_ros2/install/driving_decision/lib/python3.10/site-packages/driving_decision-0.0.0-py3.10.egg-info
[0.815s] running install_scripts
[0.828s] Installing driving_decision_exec script to /home/jin/AB_Jin_Tao/simulation/simulation_ros2/install/driving_decision/lib/driving_decision
[0.829s] writing list of installed files to '/home/jin/AB_Jin_Tao/simulation/simulation_ros2/build/driving_decision/install.log'
[0.849s] Invoked command in '/home/jin/AB_Jin_Tao/simulation/simulation_ros2/src/driving_decision' returned '0': PYTHONPATH=/home/jin/AB_Jin_Tao/simulation/simulation_ros2/build/driving_decision/prefix_override:/home/jin/AB_Jin_Tao/simulation/simulation_ros2/install/driving_decision/lib/python3.10/site-packages:${PYTHONPATH} /usr/bin/python3 setup.py egg_info --egg-base ../../build/driving_decision build --build-base /home/jin/AB_Jin_Tao/simulation/simulation_ros2/build/driving_decision/build install --record /home/jin/AB_Jin_Tao/simulation/simulation_ros2/build/driving_decision/install.log --single-version-externally-managed
