running egg_info
creating ../../build/run_simulation/run_simulation.egg-info
writing ../../build/run_simulation/run_simulation.egg-info/PKG-INFO
writing dependency_links to ../../build/run_simulation/run_simulation.egg-info/dependency_links.txt
writing entry points to ../../build/run_simulation/run_simulation.egg-info/entry_points.txt
writing requirements to ../../build/run_simulation/run_simulation.egg-info/requires.txt
writing top-level names to ../../build/run_simulation/run_simulation.egg-info/top_level.txt
writing manifest file '../../build/run_simulation/run_simulation.egg-info/SOURCES.txt'
reading manifest file '../../build/run_simulation/run_simulation.egg-info/SOURCES.txt'
adding license file 'LICENSE'
writing manifest file '../../build/run_simulation/run_simulation.egg-info/SOURCES.txt'
running build
running build_py
creating /home/jin/AB_Jin_Tao/simulation/simulation_ros2/build/run_simulation/build
creating /home/jin/AB_Jin_Tao/simulation/simulation_ros2/build/run_simulation/build/lib
creating /home/jin/AB_Jin_Tao/simulation/simulation_ros2/build/run_simulation/build/lib/run_simulation
copying run_simulation/__init__.py -> /home/jin/AB_Jin_Tao/simulation/simulation_ros2/build/run_simulation/build/lib/run_simulation
copying run_simulation/run_simulation_node.py -> /home/jin/AB_Jin_Tao/simulation/simulation_ros2/build/run_simulation/build/lib/run_simulation
running install
running install_lib
creating /home/jin/AB_Jin_Tao/simulation/simulation_ros2/install/run_simulation/lib/python3.10/site-packages/run_simulation
copying /home/jin/AB_Jin_Tao/simulation/simulation_ros2/build/run_simulation/build/lib/run_simulation/__init__.py -> /home/jin/AB_Jin_Tao/simulation/simulation_ros2/install/run_simulation/lib/python3.10/site-packages/run_simulation
copying /home/jin/AB_Jin_Tao/simulation/simulation_ros2/build/run_simulation/build/lib/run_simulation/run_simulation_node.py -> /home/jin/AB_Jin_Tao/simulation/simulation_ros2/install/run_simulation/lib/python3.10/site-packages/run_simulation
byte-compiling /home/jin/AB_Jin_Tao/simulation/simulation_ros2/install/run_simulation/lib/python3.10/site-packages/run_simulation/__init__.py to __init__.cpython-310.pyc
byte-compiling /home/jin/AB_Jin_Tao/simulation/simulation_ros2/install/run_simulation/lib/python3.10/site-packages/run_simulation/run_simulation_node.py to run_simulation_node.cpython-310.pyc
running install_data
creating /home/jin/AB_Jin_Tao/simulation/simulation_ros2/install/run_simulation/share/ament_index
creating /home/jin/AB_Jin_Tao/simulation/simulation_ros2/install/run_simulation/share/ament_index/resource_index
creating /home/jin/AB_Jin_Tao/simulation/simulation_ros2/install/run_simulation/share/ament_index/resource_index/packages
copying resource/run_simulation -> /home/jin/AB_Jin_Tao/simulation/simulation_ros2/install/run_simulation/share/ament_index/resource_index/packages
copying package.xml -> /home/jin/AB_Jin_Tao/simulation/simulation_ros2/install/run_simulation/share/run_simulation
running install_egg_info
Copying ../../build/run_simulation/run_simulation.egg-info to /home/jin/AB_Jin_Tao/simulation/simulation_ros2/install/run_simulation/lib/python3.10/site-packages/run_simulation-0.0.0-py3.10.egg-info
running install_scripts
Installing run_simulation_exec script to /home/jin/AB_Jin_Tao/simulation/simulation_ros2/install/run_simulation/lib/run_simulation
writing list of installed files to '/home/jin/AB_Jin_Tao/simulation/simulation_ros2/build/run_simulation/install.log'
