[0.580s] DEBUG:colcon:Command line arguments: ['/usr/bin/colcon', 'build']
[0.580s] DEBUG:colcon:Parsed command line arguments: Namespace(log_base=None, log_level=None, verb_name='build', build_base='build', install_base='install', merge_install=False, symlink_install=False, test_result_base=None, continue_on_error=False, executor='parallel', parallel_workers=8, event_handlers=None, ignore_user_meta=False, metas=['./colcon.meta'], base_paths=['.'], packages_ignore=None, packages_ignore_regex=None, paths=None, packages_up_to=None, packages_up_to_regex=None, packages_above=None, packages_above_and_dependencies=None, packages_above_depth=None, packages_select_by_dep=None, packages_skip_by_dep=None, packages_skip_up_to=None, packages_select_build_failed=False, packages_skip_build_finished=False, packages_select_test_failures=False, packages_skip_test_passed=False, packages_select=None, packages_skip=None, packages_select_regex=None, packages_skip_regex=None, packages_start=None, packages_end=None, allow_overriding=[], cmake_args=None, cmake_target=None, cmake_target_skip_unavailable=False, cmake_clean_cache=False, cmake_clean_first=False, cmake_force_configure=False, ament_cmake_args=None, catkin_cmake_args=None, catkin_skip_building_tests=False, verb_parser=<colcon_defaults.argument_parser.defaults.DefaultArgumentsDecorator object at 0x7fbe3d02f2b0>, verb_extension=<colcon_core.verb.build.BuildVerb object at 0x7fbe3d02eb00>, main=<bound method BuildVerb.main of <colcon_core.verb.build.BuildVerb object at 0x7fbe3d02eb00>>)
[0.609s] Level 1:colcon.colcon_core.package_discovery:discover_packages(colcon_meta) check parameters
[0.609s] Level 1:colcon.colcon_core.package_discovery:discover_packages(recursive) check parameters
[0.609s] Level 1:colcon.colcon_core.package_discovery:discover_packages(ignore) check parameters
[0.609s] Level 1:colcon.colcon_core.package_discovery:discover_packages(path) check parameters
[0.609s] Level 1:colcon.colcon_core.package_discovery:discover_packages(colcon_meta) discover
[0.609s] Level 1:colcon.colcon_core.package_discovery:discover_packages(recursive) discover
[0.609s] INFO:colcon.colcon_core.package_discovery:Crawling recursively for packages in '/home/jin/AB_Jin_Tao/simulation/simulation_ros2'
[0.609s] Level 1:colcon.colcon_core.package_identification:_identify(.) by extensions ['ignore', 'ignore_ament_install']
[0.609s] Level 1:colcon.colcon_core.package_identification:_identify(.) by extension 'ignore'
[0.609s] Level 1:colcon.colcon_core.package_identification:_identify(.) by extension 'ignore_ament_install'
[0.609s] Level 1:colcon.colcon_core.package_identification:_identify(.) by extensions ['colcon_pkg']
[0.609s] Level 1:colcon.colcon_core.package_identification:_identify(.) by extension 'colcon_pkg'
[0.609s] Level 1:colcon.colcon_core.package_identification:_identify(.) by extensions ['colcon_meta']
[0.609s] Level 1:colcon.colcon_core.package_identification:_identify(.) by extension 'colcon_meta'
[0.609s] Level 1:colcon.colcon_core.package_identification:_identify(.) by extensions ['ros']
[0.609s] Level 1:colcon.colcon_core.package_identification:_identify(.) by extension 'ros'
[0.616s] Level 1:colcon.colcon_core.package_identification:_identify(.) by extensions ['cmake', 'python']
[0.616s] Level 1:colcon.colcon_core.package_identification:_identify(.) by extension 'cmake'
[0.616s] Level 1:colcon.colcon_core.package_identification:_identify(.) by extension 'python'
[0.616s] Level 1:colcon.colcon_core.package_identification:_identify(.) by extensions ['python_setup_py']
[0.616s] Level 1:colcon.colcon_core.package_identification:_identify(.) by extension 'python_setup_py'
[0.616s] Level 1:colcon.colcon_core.package_identification:_identify(build) by extensions ['ignore', 'ignore_ament_install']
[0.616s] Level 1:colcon.colcon_core.package_identification:_identify(build) by extension 'ignore'
[0.616s] Level 1:colcon.colcon_core.package_identification:_identify(build) ignored
[0.616s] Level 1:colcon.colcon_core.package_identification:_identify(install) by extensions ['ignore', 'ignore_ament_install']
[0.616s] Level 1:colcon.colcon_core.package_identification:_identify(install) by extension 'ignore'
[0.616s] Level 1:colcon.colcon_core.package_identification:_identify(install) ignored
[0.616s] Level 1:colcon.colcon_core.package_identification:_identify(log) by extensions ['ignore', 'ignore_ament_install']
[0.616s] Level 1:colcon.colcon_core.package_identification:_identify(log) by extension 'ignore'
[0.616s] Level 1:colcon.colcon_core.package_identification:_identify(log) ignored
[0.616s] Level 1:colcon.colcon_core.package_identification:_identify(src) by extensions ['ignore', 'ignore_ament_install']
[0.616s] Level 1:colcon.colcon_core.package_identification:_identify(src) by extension 'ignore'
[0.616s] Level 1:colcon.colcon_core.package_identification:_identify(src) by extension 'ignore_ament_install'
[0.617s] Level 1:colcon.colcon_core.package_identification:_identify(src) by extensions ['colcon_pkg']
[0.617s] Level 1:colcon.colcon_core.package_identification:_identify(src) by extension 'colcon_pkg'
[0.617s] Level 1:colcon.colcon_core.package_identification:_identify(src) by extensions ['colcon_meta']
[0.617s] Level 1:colcon.colcon_core.package_identification:_identify(src) by extension 'colcon_meta'
[0.617s] Level 1:colcon.colcon_core.package_identification:_identify(src) by extensions ['ros']
[0.617s] Level 1:colcon.colcon_core.package_identification:_identify(src) by extension 'ros'
[0.617s] Level 1:colcon.colcon_core.package_identification:_identify(src) by extensions ['cmake', 'python']
[0.617s] Level 1:colcon.colcon_core.package_identification:_identify(src) by extension 'cmake'
[0.617s] Level 1:colcon.colcon_core.package_identification:_identify(src) by extension 'python'
[0.617s] Level 1:colcon.colcon_core.package_identification:_identify(src) by extensions ['python_setup_py']
[0.617s] Level 1:colcon.colcon_core.package_identification:_identify(src) by extension 'python_setup_py'
[0.617s] Level 1:colcon.colcon_core.package_identification:_identify(src/build) by extensions ['ignore', 'ignore_ament_install']
[0.617s] Level 1:colcon.colcon_core.package_identification:_identify(src/build) by extension 'ignore'
[0.617s] Level 1:colcon.colcon_core.package_identification:_identify(src/build) ignored
[0.617s] Level 1:colcon.colcon_core.package_identification:_identify(src/driving_decision) by extensions ['ignore', 'ignore_ament_install']
[0.617s] Level 1:colcon.colcon_core.package_identification:_identify(src/driving_decision) by extension 'ignore'
[0.617s] Level 1:colcon.colcon_core.package_identification:_identify(src/driving_decision) by extension 'ignore_ament_install'
[0.617s] Level 1:colcon.colcon_core.package_identification:_identify(src/driving_decision) by extensions ['colcon_pkg']
[0.617s] Level 1:colcon.colcon_core.package_identification:_identify(src/driving_decision) by extension 'colcon_pkg'
[0.617s] Level 1:colcon.colcon_core.package_identification:_identify(src/driving_decision) by extensions ['colcon_meta']
[0.617s] Level 1:colcon.colcon_core.package_identification:_identify(src/driving_decision) by extension 'colcon_meta'
[0.617s] Level 1:colcon.colcon_core.package_identification:_identify(src/driving_decision) by extensions ['ros']
[0.617s] Level 1:colcon.colcon_core.package_identification:_identify(src/driving_decision) by extension 'ros'
[0.619s] DEBUG:colcon.colcon_core.package_identification:Package 'src/driving_decision' with type 'ros.ament_python' and name 'driving_decision'
[0.619s] Level 1:colcon.colcon_core.package_identification:_identify(src/get_pedestrian_position_current) by extensions ['ignore', 'ignore_ament_install']
[0.619s] Level 1:colcon.colcon_core.package_identification:_identify(src/get_pedestrian_position_current) by extension 'ignore'
[0.619s] Level 1:colcon.colcon_core.package_identification:_identify(src/get_pedestrian_position_current) by extension 'ignore_ament_install'
[0.619s] Level 1:colcon.colcon_core.package_identification:_identify(src/get_pedestrian_position_current) by extensions ['colcon_pkg']
[0.619s] Level 1:colcon.colcon_core.package_identification:_identify(src/get_pedestrian_position_current) by extension 'colcon_pkg'
[0.619s] Level 1:colcon.colcon_core.package_identification:_identify(src/get_pedestrian_position_current) by extensions ['colcon_meta']
[0.619s] Level 1:colcon.colcon_core.package_identification:_identify(src/get_pedestrian_position_current) by extension 'colcon_meta'
[0.619s] Level 1:colcon.colcon_core.package_identification:_identify(src/get_pedestrian_position_current) by extensions ['ros']
[0.619s] Level 1:colcon.colcon_core.package_identification:_identify(src/get_pedestrian_position_current) by extension 'ros'
[0.619s] DEBUG:colcon.colcon_core.package_identification:Package 'src/get_pedestrian_position_current' with type 'ros.ament_python' and name 'get_pedestrian_position_current'
[0.620s] Level 1:colcon.colcon_core.package_identification:_identify(src/install) by extensions ['ignore', 'ignore_ament_install']
[0.620s] Level 1:colcon.colcon_core.package_identification:_identify(src/install) by extension 'ignore'
[0.620s] Level 1:colcon.colcon_core.package_identification:_identify(src/install) ignored
[0.620s] Level 1:colcon.colcon_core.package_identification:_identify(src/log) by extensions ['ignore', 'ignore_ament_install']
[0.620s] Level 1:colcon.colcon_core.package_identification:_identify(src/log) by extension 'ignore'
[0.620s] Level 1:colcon.colcon_core.package_identification:_identify(src/log) ignored
[0.620s] Level 1:colcon.colcon_core.package_identification:_identify(src/run_simulation) by extensions ['ignore', 'ignore_ament_install']
[0.620s] Level 1:colcon.colcon_core.package_identification:_identify(src/run_simulation) by extension 'ignore'
[0.620s] Level 1:colcon.colcon_core.package_identification:_identify(src/run_simulation) by extension 'ignore_ament_install'
[0.620s] Level 1:colcon.colcon_core.package_identification:_identify(src/run_simulation) by extensions ['colcon_pkg']
[0.620s] Level 1:colcon.colcon_core.package_identification:_identify(src/run_simulation) by extension 'colcon_pkg'
[0.620s] Level 1:colcon.colcon_core.package_identification:_identify(src/run_simulation) by extensions ['colcon_meta']
[0.620s] Level 1:colcon.colcon_core.package_identification:_identify(src/run_simulation) by extension 'colcon_meta'
[0.620s] Level 1:colcon.colcon_core.package_identification:_identify(src/run_simulation) by extensions ['ros']
[0.620s] Level 1:colcon.colcon_core.package_identification:_identify(src/run_simulation) by extension 'ros'
[0.621s] DEBUG:colcon.colcon_core.package_identification:Package 'src/run_simulation' with type 'ros.ament_python' and name 'run_simulation'
[0.621s] Level 1:colcon.colcon_core.package_identification:_identify(src/simulation_launch) by extensions ['ignore', 'ignore_ament_install']
[0.621s] Level 1:colcon.colcon_core.package_identification:_identify(src/simulation_launch) by extension 'ignore'
[0.621s] Level 1:colcon.colcon_core.package_identification:_identify(src/simulation_launch) by extension 'ignore_ament_install'
[0.621s] Level 1:colcon.colcon_core.package_identification:_identify(src/simulation_launch) by extensions ['colcon_pkg']
[0.621s] Level 1:colcon.colcon_core.package_identification:_identify(src/simulation_launch) by extension 'colcon_pkg'
[0.621s] Level 1:colcon.colcon_core.package_identification:_identify(src/simulation_launch) by extensions ['colcon_meta']
[0.621s] Level 1:colcon.colcon_core.package_identification:_identify(src/simulation_launch) by extension 'colcon_meta'
[0.621s] Level 1:colcon.colcon_core.package_identification:_identify(src/simulation_launch) by extensions ['ros']
[0.621s] Level 1:colcon.colcon_core.package_identification:_identify(src/simulation_launch) by extension 'ros'
[0.621s] DEBUG:colcon.colcon_core.package_identification:Package 'src/simulation_launch' with type 'ros.ament_python' and name 'simulation_launch'
[0.621s] Level 1:colcon.colcon_core.package_identification:_identify(src/update_vehicle_state) by extensions ['ignore', 'ignore_ament_install']
[0.621s] Level 1:colcon.colcon_core.package_identification:_identify(src/update_vehicle_state) by extension 'ignore'
[0.621s] Level 1:colcon.colcon_core.package_identification:_identify(src/update_vehicle_state) by extension 'ignore_ament_install'
[0.621s] Level 1:colcon.colcon_core.package_identification:_identify(src/update_vehicle_state) by extensions ['colcon_pkg']
[0.621s] Level 1:colcon.colcon_core.package_identification:_identify(src/update_vehicle_state) by extension 'colcon_pkg'
[0.621s] Level 1:colcon.colcon_core.package_identification:_identify(src/update_vehicle_state) by extensions ['colcon_meta']
[0.621s] Level 1:colcon.colcon_core.package_identification:_identify(src/update_vehicle_state) by extension 'colcon_meta'
[0.621s] Level 1:colcon.colcon_core.package_identification:_identify(src/update_vehicle_state) by extensions ['ros']
[0.621s] Level 1:colcon.colcon_core.package_identification:_identify(src/update_vehicle_state) by extension 'ros'
[0.622s] DEBUG:colcon.colcon_core.package_identification:Package 'src/update_vehicle_state' with type 'ros.ament_python' and name 'update_vehicle_state'
[0.622s] Level 1:colcon.colcon_core.package_discovery:discover_packages(recursive) using defaults
[0.622s] Level 1:colcon.colcon_core.package_discovery:discover_packages(ignore) discover
[0.622s] Level 1:colcon.colcon_core.package_discovery:discover_packages(ignore) using defaults
[0.622s] Level 1:colcon.colcon_core.package_discovery:discover_packages(path) discover
[0.622s] Level 1:colcon.colcon_core.package_discovery:discover_packages(path) using defaults
[0.677s] Level 1:colcon.colcon_core.package_discovery:discover_packages(prefix_path) check parameters
[0.678s] Level 1:colcon.colcon_core.package_discovery:discover_packages(prefix_path) discover
[0.695s] DEBUG:colcon.colcon_installed_package_information.package_discovery:Found 5 installed packages in /home/jin/AB_Jin_Tao/simulation/simulation_ros2/install
[0.703s] DEBUG:colcon.colcon_installed_package_information.package_discovery:Found 3 installed packages in /home/jin/AB_Jin_Tao/simulation/simulation_ros2/src/install
[0.712s] DEBUG:colcon.colcon_installed_package_information.package_discovery:Found 289 installed packages in /opt/ros/humble
[0.721s] Level 1:colcon.colcon_core.package_discovery:discover_packages(prefix_path) using defaults
[0.777s] Level 5:colcon.colcon_core.verb:set package 'driving_decision' build argument 'cmake_args' from command line to 'None'
[0.777s] Level 5:colcon.colcon_core.verb:set package 'driving_decision' build argument 'cmake_target' from command line to 'None'
[0.777s] Level 5:colcon.colcon_core.verb:set package 'driving_decision' build argument 'cmake_target_skip_unavailable' from command line to 'False'
[0.777s] Level 5:colcon.colcon_core.verb:set package 'driving_decision' build argument 'cmake_clean_cache' from command line to 'False'
[0.777s] Level 5:colcon.colcon_core.verb:set package 'driving_decision' build argument 'cmake_clean_first' from command line to 'False'
[0.777s] Level 5:colcon.colcon_core.verb:set package 'driving_decision' build argument 'cmake_force_configure' from command line to 'False'
[0.777s] Level 5:colcon.colcon_core.verb:set package 'driving_decision' build argument 'ament_cmake_args' from command line to 'None'
[0.777s] Level 5:colcon.colcon_core.verb:set package 'driving_decision' build argument 'catkin_cmake_args' from command line to 'None'
[0.777s] Level 5:colcon.colcon_core.verb:set package 'driving_decision' build argument 'catkin_skip_building_tests' from command line to 'False'
[0.777s] DEBUG:colcon.colcon_core.verb:Building package 'driving_decision' with the following arguments: {'ament_cmake_args': None, 'build_base': '/home/jin/AB_Jin_Tao/simulation/simulation_ros2/build/driving_decision', 'catkin_cmake_args': None, 'catkin_skip_building_tests': False, 'cmake_args': None, 'cmake_clean_cache': False, 'cmake_clean_first': False, 'cmake_force_configure': False, 'cmake_target': None, 'cmake_target_skip_unavailable': False, 'install_base': '/home/jin/AB_Jin_Tao/simulation/simulation_ros2/install/driving_decision', 'merge_install': False, 'path': '/home/jin/AB_Jin_Tao/simulation/simulation_ros2/src/driving_decision', 'symlink_install': False, 'test_result_base': None}
[0.786s] Level 5:colcon.colcon_core.verb:set package 'get_pedestrian_position_current' build argument 'cmake_args' from command line to 'None'
[0.786s] Level 5:colcon.colcon_core.verb:set package 'get_pedestrian_position_current' build argument 'cmake_target' from command line to 'None'
[0.786s] Level 5:colcon.colcon_core.verb:set package 'get_pedestrian_position_current' build argument 'cmake_target_skip_unavailable' from command line to 'False'
[0.786s] Level 5:colcon.colcon_core.verb:set package 'get_pedestrian_position_current' build argument 'cmake_clean_cache' from command line to 'False'
[0.786s] Level 5:colcon.colcon_core.verb:set package 'get_pedestrian_position_current' build argument 'cmake_clean_first' from command line to 'False'
[0.786s] Level 5:colcon.colcon_core.verb:set package 'get_pedestrian_position_current' build argument 'cmake_force_configure' from command line to 'False'
[0.786s] Level 5:colcon.colcon_core.verb:set package 'get_pedestrian_position_current' build argument 'ament_cmake_args' from command line to 'None'
[0.786s] Level 5:colcon.colcon_core.verb:set package 'get_pedestrian_position_current' build argument 'catkin_cmake_args' from command line to 'None'
[0.786s] Level 5:colcon.colcon_core.verb:set package 'get_pedestrian_position_current' build argument 'catkin_skip_building_tests' from command line to 'False'
[0.786s] DEBUG:colcon.colcon_core.verb:Building package 'get_pedestrian_position_current' with the following arguments: {'ament_cmake_args': None, 'build_base': '/home/jin/AB_Jin_Tao/simulation/simulation_ros2/build/get_pedestrian_position_current', 'catkin_cmake_args': None, 'catkin_skip_building_tests': False, 'cmake_args': None, 'cmake_clean_cache': False, 'cmake_clean_first': False, 'cmake_force_configure': False, 'cmake_target': None, 'cmake_target_skip_unavailable': False, 'install_base': '/home/jin/AB_Jin_Tao/simulation/simulation_ros2/install/get_pedestrian_position_current', 'merge_install': False, 'path': '/home/jin/AB_Jin_Tao/simulation/simulation_ros2/src/get_pedestrian_position_current', 'symlink_install': False, 'test_result_base': None}
[0.795s] Level 5:colcon.colcon_core.verb:set package 'run_simulation' build argument 'cmake_args' from command line to 'None'
[0.795s] Level 5:colcon.colcon_core.verb:set package 'run_simulation' build argument 'cmake_target' from command line to 'None'
[0.795s] Level 5:colcon.colcon_core.verb:set package 'run_simulation' build argument 'cmake_target_skip_unavailable' from command line to 'False'
[0.795s] Level 5:colcon.colcon_core.verb:set package 'run_simulation' build argument 'cmake_clean_cache' from command line to 'False'
[0.795s] Level 5:colcon.colcon_core.verb:set package 'run_simulation' build argument 'cmake_clean_first' from command line to 'False'
[0.795s] Level 5:colcon.colcon_core.verb:set package 'run_simulation' build argument 'cmake_force_configure' from command line to 'False'
[0.795s] Level 5:colcon.colcon_core.verb:set package 'run_simulation' build argument 'ament_cmake_args' from command line to 'None'
[0.795s] Level 5:colcon.colcon_core.verb:set package 'run_simulation' build argument 'catkin_cmake_args' from command line to 'None'
[0.795s] Level 5:colcon.colcon_core.verb:set package 'run_simulation' build argument 'catkin_skip_building_tests' from command line to 'False'
[0.795s] DEBUG:colcon.colcon_core.verb:Building package 'run_simulation' with the following arguments: {'ament_cmake_args': None, 'build_base': '/home/jin/AB_Jin_Tao/simulation/simulation_ros2/build/run_simulation', 'catkin_cmake_args': None, 'catkin_skip_building_tests': False, 'cmake_args': None, 'cmake_clean_cache': False, 'cmake_clean_first': False, 'cmake_force_configure': False, 'cmake_target': None, 'cmake_target_skip_unavailable': False, 'install_base': '/home/jin/AB_Jin_Tao/simulation/simulation_ros2/install/run_simulation', 'merge_install': False, 'path': '/home/jin/AB_Jin_Tao/simulation/simulation_ros2/src/run_simulation', 'symlink_install': False, 'test_result_base': None}
[0.803s] Level 5:colcon.colcon_core.verb:set package 'simulation_launch' build argument 'cmake_args' from command line to 'None'
[0.803s] Level 5:colcon.colcon_core.verb:set package 'simulation_launch' build argument 'cmake_target' from command line to 'None'
[0.803s] Level 5:colcon.colcon_core.verb:set package 'simulation_launch' build argument 'cmake_target_skip_unavailable' from command line to 'False'
[0.803s] Level 5:colcon.colcon_core.verb:set package 'simulation_launch' build argument 'cmake_clean_cache' from command line to 'False'
[0.803s] Level 5:colcon.colcon_core.verb:set package 'simulation_launch' build argument 'cmake_clean_first' from command line to 'False'
[0.803s] Level 5:colcon.colcon_core.verb:set package 'simulation_launch' build argument 'cmake_force_configure' from command line to 'False'
[0.803s] Level 5:colcon.colcon_core.verb:set package 'simulation_launch' build argument 'ament_cmake_args' from command line to 'None'
[0.803s] Level 5:colcon.colcon_core.verb:set package 'simulation_launch' build argument 'catkin_cmake_args' from command line to 'None'
[0.803s] Level 5:colcon.colcon_core.verb:set package 'simulation_launch' build argument 'catkin_skip_building_tests' from command line to 'False'
[0.803s] DEBUG:colcon.colcon_core.verb:Building package 'simulation_launch' with the following arguments: {'ament_cmake_args': None, 'build_base': '/home/jin/AB_Jin_Tao/simulation/simulation_ros2/build/simulation_launch', 'catkin_cmake_args': None, 'catkin_skip_building_tests': False, 'cmake_args': None, 'cmake_clean_cache': False, 'cmake_clean_first': False, 'cmake_force_configure': False, 'cmake_target': None, 'cmake_target_skip_unavailable': False, 'install_base': '/home/jin/AB_Jin_Tao/simulation/simulation_ros2/install/simulation_launch', 'merge_install': False, 'path': '/home/jin/AB_Jin_Tao/simulation/simulation_ros2/src/simulation_launch', 'symlink_install': False, 'test_result_base': None}
[0.812s] Level 5:colcon.colcon_core.verb:set package 'update_vehicle_state' build argument 'cmake_args' from command line to 'None'
[0.812s] Level 5:colcon.colcon_core.verb:set package 'update_vehicle_state' build argument 'cmake_target' from command line to 'None'
[0.812s] Level 5:colcon.colcon_core.verb:set package 'update_vehicle_state' build argument 'cmake_target_skip_unavailable' from command line to 'False'
[0.812s] Level 5:colcon.colcon_core.verb:set package 'update_vehicle_state' build argument 'cmake_clean_cache' from command line to 'False'
[0.812s] Level 5:colcon.colcon_core.verb:set package 'update_vehicle_state' build argument 'cmake_clean_first' from command line to 'False'
[0.812s] Level 5:colcon.colcon_core.verb:set package 'update_vehicle_state' build argument 'cmake_force_configure' from command line to 'False'
[0.812s] Level 5:colcon.colcon_core.verb:set package 'update_vehicle_state' build argument 'ament_cmake_args' from command line to 'None'
[0.812s] Level 5:colcon.colcon_core.verb:set package 'update_vehicle_state' build argument 'catkin_cmake_args' from command line to 'None'
[0.812s] Level 5:colcon.colcon_core.verb:set package 'update_vehicle_state' build argument 'catkin_skip_building_tests' from command line to 'False'
[0.812s] DEBUG:colcon.colcon_core.verb:Building package 'update_vehicle_state' with the following arguments: {'ament_cmake_args': None, 'build_base': '/home/jin/AB_Jin_Tao/simulation/simulation_ros2/build/update_vehicle_state', 'catkin_cmake_args': None, 'catkin_skip_building_tests': False, 'cmake_args': None, 'cmake_clean_cache': False, 'cmake_clean_first': False, 'cmake_force_configure': False, 'cmake_target': None, 'cmake_target_skip_unavailable': False, 'install_base': '/home/jin/AB_Jin_Tao/simulation/simulation_ros2/install/update_vehicle_state', 'merge_install': False, 'path': '/home/jin/AB_Jin_Tao/simulation/simulation_ros2/src/update_vehicle_state', 'symlink_install': False, 'test_result_base': None}
[0.820s] INFO:colcon.colcon_core.executor:Executing jobs using 'parallel' executor
[0.829s] DEBUG:colcon.colcon_parallel_executor.executor.parallel:run_until_complete
[0.829s] INFO:colcon.colcon_ros.task.ament_python.build:Building ROS package in '/home/jin/AB_Jin_Tao/simulation/simulation_ros2/src/driving_decision' with build type 'ament_python'
[0.829s] Level 1:colcon.colcon_core.shell:create_environment_hook('driving_decision', 'ament_prefix_path')
[0.838s] INFO:colcon.colcon_core.plugin_system:Skipping extension 'colcon_core.shell.bat': Not used on non-Windows systems
[0.839s] INFO:colcon.colcon_core.shell:Creating environment hook '/home/jin/AB_Jin_Tao/simulation/simulation_ros2/install/driving_decision/share/driving_decision/hook/ament_prefix_path.ps1'
[0.839s] INFO:colcon.colcon_core.shell:Creating environment descriptor '/home/jin/AB_Jin_Tao/simulation/simulation_ros2/install/driving_decision/share/driving_decision/hook/ament_prefix_path.dsv'
[0.839s] INFO:colcon.colcon_core.shell:Creating environment hook '/home/jin/AB_Jin_Tao/simulation/simulation_ros2/install/driving_decision/share/driving_decision/hook/ament_prefix_path.sh'
[0.849s] INFO:colcon.colcon_core.shell:Skip shell extension 'powershell' for command environment: Not usable outside of PowerShell
[0.849s] DEBUG:colcon.colcon_core.shell:Skip shell extension 'dsv' for command environment
[0.884s] INFO:colcon.colcon_ros.task.ament_python.build:Building ROS package in '/home/jin/AB_Jin_Tao/simulation/simulation_ros2/src/get_pedestrian_position_current' with build type 'ament_python'
[0.885s] Level 1:colcon.colcon_core.shell:create_environment_hook('get_pedestrian_position_current', 'ament_prefix_path')
[0.894s] INFO:colcon.colcon_core.shell:Creating environment hook '/home/jin/AB_Jin_Tao/simulation/simulation_ros2/install/get_pedestrian_position_current/share/get_pedestrian_position_current/hook/ament_prefix_path.ps1'
[0.894s] INFO:colcon.colcon_core.shell:Creating environment descriptor '/home/jin/AB_Jin_Tao/simulation/simulation_ros2/install/get_pedestrian_position_current/share/get_pedestrian_position_current/hook/ament_prefix_path.dsv'
[0.895s] INFO:colcon.colcon_core.shell:Creating environment hook '/home/jin/AB_Jin_Tao/simulation/simulation_ros2/install/get_pedestrian_position_current/share/get_pedestrian_position_current/hook/ament_prefix_path.sh'
[0.904s] INFO:colcon.colcon_core.shell:Skip shell extension 'powershell' for command environment: Not usable outside of PowerShell
[0.904s] DEBUG:colcon.colcon_core.shell:Skip shell extension 'dsv' for command environment
[0.939s] INFO:colcon.colcon_ros.task.ament_python.build:Building ROS package in '/home/jin/AB_Jin_Tao/simulation/simulation_ros2/src/run_simulation' with build type 'ament_python'
[0.939s] Level 1:colcon.colcon_core.shell:create_environment_hook('run_simulation', 'ament_prefix_path')
[0.948s] INFO:colcon.colcon_core.shell:Creating environment hook '/home/jin/AB_Jin_Tao/simulation/simulation_ros2/install/run_simulation/share/run_simulation/hook/ament_prefix_path.ps1'
[0.948s] INFO:colcon.colcon_core.shell:Creating environment descriptor '/home/jin/AB_Jin_Tao/simulation/simulation_ros2/install/run_simulation/share/run_simulation/hook/ament_prefix_path.dsv'
[0.948s] INFO:colcon.colcon_core.shell:Creating environment hook '/home/jin/AB_Jin_Tao/simulation/simulation_ros2/install/run_simulation/share/run_simulation/hook/ament_prefix_path.sh'
[0.957s] INFO:colcon.colcon_core.shell:Skip shell extension 'powershell' for command environment: Not usable outside of PowerShell
[0.957s] DEBUG:colcon.colcon_core.shell:Skip shell extension 'dsv' for command environment
[0.993s] INFO:colcon.colcon_ros.task.ament_python.build:Building ROS package in '/home/jin/AB_Jin_Tao/simulation/simulation_ros2/src/simulation_launch' with build type 'ament_python'
[0.993s] Level 1:colcon.colcon_core.shell:create_environment_hook('simulation_launch', 'ament_prefix_path')
[1.001s] INFO:colcon.colcon_core.shell:Creating environment hook '/home/jin/AB_Jin_Tao/simulation/simulation_ros2/install/simulation_launch/share/simulation_launch/hook/ament_prefix_path.ps1'
[1.002s] INFO:colcon.colcon_core.shell:Creating environment descriptor '/home/jin/AB_Jin_Tao/simulation/simulation_ros2/install/simulation_launch/share/simulation_launch/hook/ament_prefix_path.dsv'
[1.002s] INFO:colcon.colcon_core.shell:Creating environment hook '/home/jin/AB_Jin_Tao/simulation/simulation_ros2/install/simulation_launch/share/simulation_launch/hook/ament_prefix_path.sh'
[1.011s] INFO:colcon.colcon_core.shell:Skip shell extension 'powershell' for command environment: Not usable outside of PowerShell
[1.011s] DEBUG:colcon.colcon_core.shell:Skip shell extension 'dsv' for command environment
[1.047s] INFO:colcon.colcon_ros.task.ament_python.build:Building ROS package in '/home/jin/AB_Jin_Tao/simulation/simulation_ros2/src/update_vehicle_state' with build type 'ament_python'
[1.047s] Level 1:colcon.colcon_core.shell:create_environment_hook('update_vehicle_state', 'ament_prefix_path')
[1.056s] INFO:colcon.colcon_core.shell:Creating environment hook '/home/jin/AB_Jin_Tao/simulation/simulation_ros2/install/update_vehicle_state/share/update_vehicle_state/hook/ament_prefix_path.ps1'
[1.056s] INFO:colcon.colcon_core.shell:Creating environment descriptor '/home/jin/AB_Jin_Tao/simulation/simulation_ros2/install/update_vehicle_state/share/update_vehicle_state/hook/ament_prefix_path.dsv'
[1.057s] INFO:colcon.colcon_core.shell:Creating environment hook '/home/jin/AB_Jin_Tao/simulation/simulation_ros2/install/update_vehicle_state/share/update_vehicle_state/hook/ament_prefix_path.sh'
[1.065s] INFO:colcon.colcon_core.shell:Skip shell extension 'powershell' for command environment: Not usable outside of PowerShell
[1.065s] DEBUG:colcon.colcon_core.shell:Skip shell extension 'dsv' for command environment
[1.267s] INFO:colcon.colcon_core.task.python.build:Building Python package in '/home/jin/AB_Jin_Tao/simulation/simulation_ros2/src/driving_decision'
[1.276s] INFO:colcon.colcon_core.shell:Skip shell extension 'powershell' for command environment: Not usable outside of PowerShell
[1.276s] DEBUG:colcon.colcon_core.shell:Skip shell extension 'dsv' for command environment
[1.467s] INFO:colcon.colcon_core.task.python.build:Building Python package in '/home/jin/AB_Jin_Tao/simulation/simulation_ros2/src/get_pedestrian_position_current'
[1.476s] INFO:colcon.colcon_core.shell:Skip shell extension 'powershell' for command environment: Not usable outside of PowerShell
[1.476s] DEBUG:colcon.colcon_core.shell:Skip shell extension 'dsv' for command environment
[1.666s] INFO:colcon.colcon_core.task.python.build:Building Python package in '/home/jin/AB_Jin_Tao/simulation/simulation_ros2/src/run_simulation'
[1.675s] INFO:colcon.colcon_core.shell:Skip shell extension 'powershell' for command environment: Not usable outside of PowerShell
[1.675s] DEBUG:colcon.colcon_core.shell:Skip shell extension 'dsv' for command environment
[1.874s] INFO:colcon.colcon_core.task.python.build:Building Python package in '/home/jin/AB_Jin_Tao/simulation/simulation_ros2/src/simulation_launch'
[1.883s] INFO:colcon.colcon_core.shell:Skip shell extension 'powershell' for command environment: Not usable outside of PowerShell
[1.883s] DEBUG:colcon.colcon_core.shell:Skip shell extension 'dsv' for command environment
[2.074s] INFO:colcon.colcon_core.task.python.build:Building Python package in '/home/jin/AB_Jin_Tao/simulation/simulation_ros2/src/update_vehicle_state'
[2.083s] INFO:colcon.colcon_core.shell:Skip shell extension 'powershell' for command environment: Not usable outside of PowerShell
[2.083s] DEBUG:colcon.colcon_core.shell:Skip shell extension 'dsv' for command environment
[2.349s] DEBUG:colcon.colcon_core.event_handler.log_command:Invoking command in '/home/jin/AB_Jin_Tao/simulation/simulation_ros2/src/driving_decision': PYTHONPATH=/home/jin/AB_Jin_Tao/simulation/simulation_ros2/build/driving_decision/prefix_override:/home/jin/AB_Jin_Tao/simulation/simulation_ros2/install/driving_decision/lib/python3.10/site-packages:${PYTHONPATH} /usr/bin/python3 setup.py egg_info --egg-base ../../build/driving_decision build --build-base /home/jin/AB_Jin_Tao/simulation/simulation_ros2/build/driving_decision/build install --record /home/jin/AB_Jin_Tao/simulation/simulation_ros2/build/driving_decision/install.log --single-version-externally-managed
[2.354s] DEBUG:colcon.colcon_core.event_handler.log_command:Invoking command in '/home/jin/AB_Jin_Tao/simulation/simulation_ros2/src/run_simulation': PYTHONPATH=/home/jin/AB_Jin_Tao/simulation/simulation_ros2/build/run_simulation/prefix_override:/home/jin/AB_Jin_Tao/simulation/simulation_ros2/install/run_simulation/lib/python3.10/site-packages:${PYTHONPATH} /usr/bin/python3 setup.py egg_info --egg-base ../../build/run_simulation build --build-base /home/jin/AB_Jin_Tao/simulation/simulation_ros2/build/run_simulation/build install --record /home/jin/AB_Jin_Tao/simulation/simulation_ros2/build/run_simulation/install.log --single-version-externally-managed
[2.358s] DEBUG:colcon.colcon_core.event_handler.log_command:Invoking command in '/home/jin/AB_Jin_Tao/simulation/simulation_ros2/src/simulation_launch': PYTHONPATH=/home/jin/AB_Jin_Tao/simulation/simulation_ros2/build/simulation_launch/prefix_override:/home/jin/AB_Jin_Tao/simulation/simulation_ros2/install/simulation_launch/lib/python3.10/site-packages:${PYTHONPATH} /usr/bin/python3 setup.py egg_info --egg-base ../../build/simulation_launch build --build-base /home/jin/AB_Jin_Tao/simulation/simulation_ros2/build/simulation_launch/build install --record /home/jin/AB_Jin_Tao/simulation/simulation_ros2/build/simulation_launch/install.log --single-version-externally-managed
[2.499s] DEBUG:colcon.colcon_core.event_handler.log_command:Invoking command in '/home/jin/AB_Jin_Tao/simulation/simulation_ros2/src/get_pedestrian_position_current': PYTHONPATH=/home/jin/AB_Jin_Tao/simulation/simulation_ros2/build/get_pedestrian_position_current/prefix_override:/home/jin/AB_Jin_Tao/simulation/simulation_ros2/install/get_pedestrian_position_current/lib/python3.10/site-packages:${PYTHONPATH} /usr/bin/python3 setup.py egg_info --egg-base ../../build/get_pedestrian_position_current build --build-base /home/jin/AB_Jin_Tao/simulation/simulation_ros2/build/get_pedestrian_position_current/build install --record /home/jin/AB_Jin_Tao/simulation/simulation_ros2/build/get_pedestrian_position_current/install.log --single-version-externally-managed
[2.505s] DEBUG:colcon.colcon_core.event_handler.log_command:Invoking command in '/home/jin/AB_Jin_Tao/simulation/simulation_ros2/src/update_vehicle_state': PYTHONPATH=/home/jin/AB_Jin_Tao/simulation/simulation_ros2/build/update_vehicle_state/prefix_override:/home/jin/AB_Jin_Tao/simulation/simulation_ros2/install/update_vehicle_state/lib/python3.10/site-packages:${PYTHONPATH} /usr/bin/python3 setup.py egg_info --egg-base ../../build/update_vehicle_state build --build-base /home/jin/AB_Jin_Tao/simulation/simulation_ros2/build/update_vehicle_state/build install --record /home/jin/AB_Jin_Tao/simulation/simulation_ros2/build/update_vehicle_state/install.log --single-version-externally-managed
[2.565s] DEBUG:colcon.colcon_core.event_handler.log_command:Invoked command in '/home/jin/AB_Jin_Tao/simulation/simulation_ros2/src/driving_decision' returned '0': PYTHONPATH=/home/jin/AB_Jin_Tao/simulation/simulation_ros2/build/driving_decision/prefix_override:/home/jin/AB_Jin_Tao/simulation/simulation_ros2/install/driving_decision/lib/python3.10/site-packages:${PYTHONPATH} /usr/bin/python3 setup.py egg_info --egg-base ../../build/driving_decision build --build-base /home/jin/AB_Jin_Tao/simulation/simulation_ros2/build/driving_decision/build install --record /home/jin/AB_Jin_Tao/simulation/simulation_ros2/build/driving_decision/install.log --single-version-externally-managed
[2.576s] Level 1:colcon.colcon_core.environment:checking '/home/jin/AB_Jin_Tao/simulation/simulation_ros2/install/driving_decision' for CMake module files
[2.577s] Level 1:colcon.colcon_core.environment:checking '/home/jin/AB_Jin_Tao/simulation/simulation_ros2/install/driving_decision' for CMake config files
[2.577s] Level 1:colcon.colcon_core.environment:checking '/home/jin/AB_Jin_Tao/simulation/simulation_ros2/install/driving_decision/lib'
[2.577s] Level 1:colcon.colcon_core.environment:checking '/home/jin/AB_Jin_Tao/simulation/simulation_ros2/install/driving_decision/bin'
[2.577s] Level 1:colcon.colcon_core.environment:checking '/home/jin/AB_Jin_Tao/simulation/simulation_ros2/install/driving_decision/lib/pkgconfig/driving_decision.pc'
[2.577s] Level 1:colcon.colcon_core.environment:checking '/home/jin/AB_Jin_Tao/simulation/simulation_ros2/install/driving_decision/lib/python3.10/site-packages'
[2.577s] Level 1:colcon.colcon_core.shell:create_environment_hook('driving_decision', 'pythonpath')
[2.587s] INFO:colcon.colcon_core.shell:Creating environment hook '/home/jin/AB_Jin_Tao/simulation/simulation_ros2/install/driving_decision/share/driving_decision/hook/pythonpath.ps1'
[2.587s] INFO:colcon.colcon_core.shell:Creating environment descriptor '/home/jin/AB_Jin_Tao/simulation/simulation_ros2/install/driving_decision/share/driving_decision/hook/pythonpath.dsv'
[2.587s] INFO:colcon.colcon_core.shell:Creating environment hook '/home/jin/AB_Jin_Tao/simulation/simulation_ros2/install/driving_decision/share/driving_decision/hook/pythonpath.sh'
[2.588s] Level 1:colcon.colcon_core.environment:checking '/home/jin/AB_Jin_Tao/simulation/simulation_ros2/install/driving_decision/bin'
[2.588s] Level 1:colcon.colcon_core.environment:create_environment_scripts_only(driving_decision)
[2.597s] INFO:colcon.colcon_core.shell:Creating package script '/home/jin/AB_Jin_Tao/simulation/simulation_ros2/install/driving_decision/share/driving_decision/package.ps1'
[2.598s] INFO:colcon.colcon_core.shell:Creating package descriptor '/home/jin/AB_Jin_Tao/simulation/simulation_ros2/install/driving_decision/share/driving_decision/package.dsv'
[2.598s] INFO:colcon.colcon_core.shell:Creating package script '/home/jin/AB_Jin_Tao/simulation/simulation_ros2/install/driving_decision/share/driving_decision/package.sh'
[2.599s] INFO:colcon.colcon_core.shell:Creating package script '/home/jin/AB_Jin_Tao/simulation/simulation_ros2/install/driving_decision/share/driving_decision/package.bash'
[2.599s] INFO:colcon.colcon_core.shell:Creating package script '/home/jin/AB_Jin_Tao/simulation/simulation_ros2/install/driving_decision/share/driving_decision/package.zsh'
[2.599s] Level 1:colcon.colcon_core.environment:create_file_with_runtime_dependencies(/home/jin/AB_Jin_Tao/simulation/simulation_ros2/install/driving_decision/share/colcon-core/packages/driving_decision)
[2.601s] DEBUG:colcon.colcon_core.event_handler.log_command:Invoked command in '/home/jin/AB_Jin_Tao/simulation/simulation_ros2/src/simulation_launch' returned '0': PYTHONPATH=/home/jin/AB_Jin_Tao/simulation/simulation_ros2/build/simulation_launch/prefix_override:/home/jin/AB_Jin_Tao/simulation/simulation_ros2/install/simulation_launch/lib/python3.10/site-packages:${PYTHONPATH} /usr/bin/python3 setup.py egg_info --egg-base ../../build/simulation_launch build --build-base /home/jin/AB_Jin_Tao/simulation/simulation_ros2/build/simulation_launch/build install --record /home/jin/AB_Jin_Tao/simulation/simulation_ros2/build/simulation_launch/install.log --single-version-externally-managed
[2.611s] Level 1:colcon.colcon_core.environment:checking '/home/jin/AB_Jin_Tao/simulation/simulation_ros2/install/simulation_launch' for CMake module files
[2.611s] Level 1:colcon.colcon_core.environment:checking '/home/jin/AB_Jin_Tao/simulation/simulation_ros2/install/simulation_launch' for CMake config files
[2.611s] Level 1:colcon.colcon_core.environment:checking '/home/jin/AB_Jin_Tao/simulation/simulation_ros2/install/simulation_launch/lib'
[2.612s] Level 1:colcon.colcon_core.environment:checking '/home/jin/AB_Jin_Tao/simulation/simulation_ros2/install/simulation_launch/bin'
[2.612s] Level 1:colcon.colcon_core.environment:checking '/home/jin/AB_Jin_Tao/simulation/simulation_ros2/install/simulation_launch/lib/pkgconfig/simulation_launch.pc'
[2.612s] Level 1:colcon.colcon_core.environment:checking '/home/jin/AB_Jin_Tao/simulation/simulation_ros2/install/simulation_launch/lib/python3.10/site-packages'
[2.612s] Level 1:colcon.colcon_core.shell:create_environment_hook('simulation_launch', 'pythonpath')
[2.621s] INFO:colcon.colcon_core.shell:Creating environment hook '/home/jin/AB_Jin_Tao/simulation/simulation_ros2/install/simulation_launch/share/simulation_launch/hook/pythonpath.ps1'
[2.622s] INFO:colcon.colcon_core.shell:Creating environment descriptor '/home/jin/AB_Jin_Tao/simulation/simulation_ros2/install/simulation_launch/share/simulation_launch/hook/pythonpath.dsv'
[2.622s] INFO:colcon.colcon_core.shell:Creating environment hook '/home/jin/AB_Jin_Tao/simulation/simulation_ros2/install/simulation_launch/share/simulation_launch/hook/pythonpath.sh'
[2.622s] Level 1:colcon.colcon_core.environment:checking '/home/jin/AB_Jin_Tao/simulation/simulation_ros2/install/simulation_launch/bin'
[2.622s] Level 1:colcon.colcon_core.environment:create_environment_scripts_only(simulation_launch)
[2.632s] INFO:colcon.colcon_core.shell:Creating package script '/home/jin/AB_Jin_Tao/simulation/simulation_ros2/install/simulation_launch/share/simulation_launch/package.ps1'
[2.632s] INFO:colcon.colcon_core.shell:Creating package descriptor '/home/jin/AB_Jin_Tao/simulation/simulation_ros2/install/simulation_launch/share/simulation_launch/package.dsv'
[2.633s] INFO:colcon.colcon_core.shell:Creating package script '/home/jin/AB_Jin_Tao/simulation/simulation_ros2/install/simulation_launch/share/simulation_launch/package.sh'
[2.633s] INFO:colcon.colcon_core.shell:Creating package script '/home/jin/AB_Jin_Tao/simulation/simulation_ros2/install/simulation_launch/share/simulation_launch/package.bash'
[2.633s] INFO:colcon.colcon_core.shell:Creating package script '/home/jin/AB_Jin_Tao/simulation/simulation_ros2/install/simulation_launch/share/simulation_launch/package.zsh'
[2.633s] Level 1:colcon.colcon_core.environment:create_file_with_runtime_dependencies(/home/jin/AB_Jin_Tao/simulation/simulation_ros2/install/simulation_launch/share/colcon-core/packages/simulation_launch)
[2.635s] DEBUG:colcon.colcon_core.event_handler.log_command:Invoked command in '/home/jin/AB_Jin_Tao/simulation/simulation_ros2/src/run_simulation' returned '0': PYTHONPATH=/home/jin/AB_Jin_Tao/simulation/simulation_ros2/build/run_simulation/prefix_override:/home/jin/AB_Jin_Tao/simulation/simulation_ros2/install/run_simulation/lib/python3.10/site-packages:${PYTHONPATH} /usr/bin/python3 setup.py egg_info --egg-base ../../build/run_simulation build --build-base /home/jin/AB_Jin_Tao/simulation/simulation_ros2/build/run_simulation/build install --record /home/jin/AB_Jin_Tao/simulation/simulation_ros2/build/run_simulation/install.log --single-version-externally-managed
[2.644s] Level 1:colcon.colcon_core.environment:checking '/home/jin/AB_Jin_Tao/simulation/simulation_ros2/install/run_simulation' for CMake module files
[2.644s] Level 1:colcon.colcon_core.environment:checking '/home/jin/AB_Jin_Tao/simulation/simulation_ros2/install/run_simulation' for CMake config files
[2.645s] Level 1:colcon.colcon_core.environment:checking '/home/jin/AB_Jin_Tao/simulation/simulation_ros2/install/run_simulation/lib'
[2.645s] Level 1:colcon.colcon_core.environment:checking '/home/jin/AB_Jin_Tao/simulation/simulation_ros2/install/run_simulation/bin'
[2.645s] Level 1:colcon.colcon_core.environment:checking '/home/jin/AB_Jin_Tao/simulation/simulation_ros2/install/run_simulation/lib/pkgconfig/run_simulation.pc'
[2.645s] Level 1:colcon.colcon_core.environment:checking '/home/jin/AB_Jin_Tao/simulation/simulation_ros2/install/run_simulation/lib/python3.10/site-packages'
[2.645s] Level 1:colcon.colcon_core.shell:create_environment_hook('run_simulation', 'pythonpath')
[2.654s] INFO:colcon.colcon_core.shell:Creating environment hook '/home/jin/AB_Jin_Tao/simulation/simulation_ros2/install/run_simulation/share/run_simulation/hook/pythonpath.ps1'
[2.654s] INFO:colcon.colcon_core.shell:Creating environment descriptor '/home/jin/AB_Jin_Tao/simulation/simulation_ros2/install/run_simulation/share/run_simulation/hook/pythonpath.dsv'
[2.654s] INFO:colcon.colcon_core.shell:Creating environment hook '/home/jin/AB_Jin_Tao/simulation/simulation_ros2/install/run_simulation/share/run_simulation/hook/pythonpath.sh'
[2.655s] Level 1:colcon.colcon_core.environment:checking '/home/jin/AB_Jin_Tao/simulation/simulation_ros2/install/run_simulation/bin'
[2.655s] Level 1:colcon.colcon_core.environment:create_environment_scripts_only(run_simulation)
[2.665s] INFO:colcon.colcon_core.shell:Creating package script '/home/jin/AB_Jin_Tao/simulation/simulation_ros2/install/run_simulation/share/run_simulation/package.ps1'
[2.665s] INFO:colcon.colcon_core.shell:Creating package descriptor '/home/jin/AB_Jin_Tao/simulation/simulation_ros2/install/run_simulation/share/run_simulation/package.dsv'
[2.665s] INFO:colcon.colcon_core.shell:Creating package script '/home/jin/AB_Jin_Tao/simulation/simulation_ros2/install/run_simulation/share/run_simulation/package.sh'
[2.666s] INFO:colcon.colcon_core.shell:Creating package script '/home/jin/AB_Jin_Tao/simulation/simulation_ros2/install/run_simulation/share/run_simulation/package.bash'
[2.666s] INFO:colcon.colcon_core.shell:Creating package script '/home/jin/AB_Jin_Tao/simulation/simulation_ros2/install/run_simulation/share/run_simulation/package.zsh'
[2.666s] Level 1:colcon.colcon_core.environment:create_file_with_runtime_dependencies(/home/jin/AB_Jin_Tao/simulation/simulation_ros2/install/run_simulation/share/colcon-core/packages/run_simulation)
[2.714s] DEBUG:colcon.colcon_core.event_handler.log_command:Invoked command in '/home/jin/AB_Jin_Tao/simulation/simulation_ros2/src/get_pedestrian_position_current' returned '0': PYTHONPATH=/home/jin/AB_Jin_Tao/simulation/simulation_ros2/build/get_pedestrian_position_current/prefix_override:/home/jin/AB_Jin_Tao/simulation/simulation_ros2/install/get_pedestrian_position_current/lib/python3.10/site-packages:${PYTHONPATH} /usr/bin/python3 setup.py egg_info --egg-base ../../build/get_pedestrian_position_current build --build-base /home/jin/AB_Jin_Tao/simulation/simulation_ros2/build/get_pedestrian_position_current/build install --record /home/jin/AB_Jin_Tao/simulation/simulation_ros2/build/get_pedestrian_position_current/install.log --single-version-externally-managed
[2.724s] Level 1:colcon.colcon_core.environment:checking '/home/jin/AB_Jin_Tao/simulation/simulation_ros2/install/get_pedestrian_position_current' for CMake module files
[2.725s] Level 1:colcon.colcon_core.environment:checking '/home/jin/AB_Jin_Tao/simulation/simulation_ros2/install/get_pedestrian_position_current' for CMake config files
[2.725s] Level 1:colcon.colcon_core.environment:checking '/home/jin/AB_Jin_Tao/simulation/simulation_ros2/install/get_pedestrian_position_current/lib'
[2.725s] Level 1:colcon.colcon_core.environment:checking '/home/jin/AB_Jin_Tao/simulation/simulation_ros2/install/get_pedestrian_position_current/bin'
[2.725s] Level 1:colcon.colcon_core.environment:checking '/home/jin/AB_Jin_Tao/simulation/simulation_ros2/install/get_pedestrian_position_current/lib/pkgconfig/get_pedestrian_position_current.pc'
[2.725s] Level 1:colcon.colcon_core.environment:checking '/home/jin/AB_Jin_Tao/simulation/simulation_ros2/install/get_pedestrian_position_current/lib/python3.10/site-packages'
[2.725s] Level 1:colcon.colcon_core.shell:create_environment_hook('get_pedestrian_position_current', 'pythonpath')
[2.735s] INFO:colcon.colcon_core.shell:Creating environment hook '/home/jin/AB_Jin_Tao/simulation/simulation_ros2/install/get_pedestrian_position_current/share/get_pedestrian_position_current/hook/pythonpath.ps1'
[2.735s] INFO:colcon.colcon_core.shell:Creating environment descriptor '/home/jin/AB_Jin_Tao/simulation/simulation_ros2/install/get_pedestrian_position_current/share/get_pedestrian_position_current/hook/pythonpath.dsv'
[2.735s] INFO:colcon.colcon_core.shell:Creating environment hook '/home/jin/AB_Jin_Tao/simulation/simulation_ros2/install/get_pedestrian_position_current/share/get_pedestrian_position_current/hook/pythonpath.sh'
[2.736s] Level 1:colcon.colcon_core.environment:checking '/home/jin/AB_Jin_Tao/simulation/simulation_ros2/install/get_pedestrian_position_current/bin'
[2.736s] Level 1:colcon.colcon_core.environment:create_environment_scripts_only(get_pedestrian_position_current)
[2.745s] INFO:colcon.colcon_core.shell:Creating package script '/home/jin/AB_Jin_Tao/simulation/simulation_ros2/install/get_pedestrian_position_current/share/get_pedestrian_position_current/package.ps1'
[2.745s] INFO:colcon.colcon_core.shell:Creating package descriptor '/home/jin/AB_Jin_Tao/simulation/simulation_ros2/install/get_pedestrian_position_current/share/get_pedestrian_position_current/package.dsv'
[2.745s] INFO:colcon.colcon_core.shell:Creating package script '/home/jin/AB_Jin_Tao/simulation/simulation_ros2/install/get_pedestrian_position_current/share/get_pedestrian_position_current/package.sh'
[2.746s] INFO:colcon.colcon_core.shell:Creating package script '/home/jin/AB_Jin_Tao/simulation/simulation_ros2/install/get_pedestrian_position_current/share/get_pedestrian_position_current/package.bash'
[2.746s] INFO:colcon.colcon_core.shell:Creating package script '/home/jin/AB_Jin_Tao/simulation/simulation_ros2/install/get_pedestrian_position_current/share/get_pedestrian_position_current/package.zsh'
[2.746s] Level 1:colcon.colcon_core.environment:create_file_with_runtime_dependencies(/home/jin/AB_Jin_Tao/simulation/simulation_ros2/install/get_pedestrian_position_current/share/colcon-core/packages/get_pedestrian_position_current)
[2.747s] DEBUG:colcon.colcon_core.event_handler.log_command:Invoked command in '/home/jin/AB_Jin_Tao/simulation/simulation_ros2/src/update_vehicle_state' returned '0': PYTHONPATH=/home/jin/AB_Jin_Tao/simulation/simulation_ros2/build/update_vehicle_state/prefix_override:/home/jin/AB_Jin_Tao/simulation/simulation_ros2/install/update_vehicle_state/lib/python3.10/site-packages:${PYTHONPATH} /usr/bin/python3 setup.py egg_info --egg-base ../../build/update_vehicle_state build --build-base /home/jin/AB_Jin_Tao/simulation/simulation_ros2/build/update_vehicle_state/build install --record /home/jin/AB_Jin_Tao/simulation/simulation_ros2/build/update_vehicle_state/install.log --single-version-externally-managed
[2.756s] Level 1:colcon.colcon_core.environment:checking '/home/jin/AB_Jin_Tao/simulation/simulation_ros2/install/update_vehicle_state' for CMake module files
[2.756s] Level 1:colcon.colcon_core.environment:checking '/home/jin/AB_Jin_Tao/simulation/simulation_ros2/install/update_vehicle_state' for CMake config files
[2.757s] Level 1:colcon.colcon_core.environment:checking '/home/jin/AB_Jin_Tao/simulation/simulation_ros2/install/update_vehicle_state/lib'
[2.757s] Level 1:colcon.colcon_core.environment:checking '/home/jin/AB_Jin_Tao/simulation/simulation_ros2/install/update_vehicle_state/bin'
[2.757s] Level 1:colcon.colcon_core.environment:checking '/home/jin/AB_Jin_Tao/simulation/simulation_ros2/install/update_vehicle_state/lib/pkgconfig/update_vehicle_state.pc'
[2.757s] Level 1:colcon.colcon_core.environment:checking '/home/jin/AB_Jin_Tao/simulation/simulation_ros2/install/update_vehicle_state/lib/python3.10/site-packages'
[2.757s] Level 1:colcon.colcon_core.shell:create_environment_hook('update_vehicle_state', 'pythonpath')
[2.765s] INFO:colcon.colcon_core.shell:Creating environment hook '/home/jin/AB_Jin_Tao/simulation/simulation_ros2/install/update_vehicle_state/share/update_vehicle_state/hook/pythonpath.ps1'
[2.766s] INFO:colcon.colcon_core.shell:Creating environment descriptor '/home/jin/AB_Jin_Tao/simulation/simulation_ros2/install/update_vehicle_state/share/update_vehicle_state/hook/pythonpath.dsv'
[2.766s] INFO:colcon.colcon_core.shell:Creating environment hook '/home/jin/AB_Jin_Tao/simulation/simulation_ros2/install/update_vehicle_state/share/update_vehicle_state/hook/pythonpath.sh'
[2.766s] Level 1:colcon.colcon_core.environment:checking '/home/jin/AB_Jin_Tao/simulation/simulation_ros2/install/update_vehicle_state/bin'
[2.766s] Level 1:colcon.colcon_core.environment:create_environment_scripts_only(update_vehicle_state)
[2.775s] INFO:colcon.colcon_core.shell:Creating package script '/home/jin/AB_Jin_Tao/simulation/simulation_ros2/install/update_vehicle_state/share/update_vehicle_state/package.ps1'
[2.775s] INFO:colcon.colcon_core.shell:Creating package descriptor '/home/jin/AB_Jin_Tao/simulation/simulation_ros2/install/update_vehicle_state/share/update_vehicle_state/package.dsv'
[2.775s] INFO:colcon.colcon_core.shell:Creating package script '/home/jin/AB_Jin_Tao/simulation/simulation_ros2/install/update_vehicle_state/share/update_vehicle_state/package.sh'
[2.776s] INFO:colcon.colcon_core.shell:Creating package script '/home/jin/AB_Jin_Tao/simulation/simulation_ros2/install/update_vehicle_state/share/update_vehicle_state/package.bash'
[2.776s] INFO:colcon.colcon_core.shell:Creating package script '/home/jin/AB_Jin_Tao/simulation/simulation_ros2/install/update_vehicle_state/share/update_vehicle_state/package.zsh'
[2.776s] Level 1:colcon.colcon_core.environment:create_file_with_runtime_dependencies(/home/jin/AB_Jin_Tao/simulation/simulation_ros2/install/update_vehicle_state/share/colcon-core/packages/update_vehicle_state)
[2.776s] DEBUG:colcon.colcon_parallel_executor.executor.parallel:closing loop
[2.776s] DEBUG:colcon.colcon_parallel_executor.executor.parallel:loop closed
[2.777s] DEBUG:colcon.colcon_parallel_executor.executor.parallel:run_until_complete finished with '0'
[2.777s] DEBUG:colcon.colcon_core.event_reactor:joining thread
[2.789s] INFO:colcon.colcon_core.plugin_system:Skipping extension 'colcon_notification.desktop_notification.terminal_notifier': Not used on non-Darwin systems
[2.790s] INFO:colcon.colcon_core.plugin_system:Skipping extension 'colcon_notification.desktop_notification.win32': Not used on non-Windows systems
[2.790s] INFO:colcon.colcon_notification.desktop_notification:Sending desktop notification using 'notify2'
[2.798s] DEBUG:colcon.colcon_core.event_reactor:joined thread
[2.807s] INFO:colcon.colcon_core.shell:Creating prefix script '/home/jin/AB_Jin_Tao/simulation/simulation_ros2/install/local_setup.ps1'
[2.808s] INFO:colcon.colcon_core.shell:Creating prefix util module '/home/jin/AB_Jin_Tao/simulation/simulation_ros2/install/_local_setup_util_ps1.py'
[2.809s] INFO:colcon.colcon_core.shell:Creating prefix chain script '/home/jin/AB_Jin_Tao/simulation/simulation_ros2/install/setup.ps1'
[2.820s] INFO:colcon.colcon_core.shell:Creating prefix script '/home/jin/AB_Jin_Tao/simulation/simulation_ros2/install/local_setup.sh'
[2.820s] INFO:colcon.colcon_core.shell:Creating prefix util module '/home/jin/AB_Jin_Tao/simulation/simulation_ros2/install/_local_setup_util_sh.py'
[2.820s] INFO:colcon.colcon_core.shell:Creating prefix chain script '/home/jin/AB_Jin_Tao/simulation/simulation_ros2/install/setup.sh'
[2.829s] INFO:colcon.colcon_core.shell:Creating prefix script '/home/jin/AB_Jin_Tao/simulation/simulation_ros2/install/local_setup.bash'
[2.830s] INFO:colcon.colcon_core.shell:Creating prefix chain script '/home/jin/AB_Jin_Tao/simulation/simulation_ros2/install/setup.bash'
[2.841s] INFO:colcon.colcon_core.shell:Creating prefix script '/home/jin/AB_Jin_Tao/simulation/simulation_ros2/install/local_setup.zsh'
[2.841s] INFO:colcon.colcon_core.shell:Creating prefix chain script '/home/jin/AB_Jin_Tao/simulation/simulation_ros2/install/setup.zsh'
