[1.752s] Invoking command in '/home/jin/AB_Jin_Tao/simulation/simulation_ros2/src/driving_decision': PYTHONPATH=/home/jin/AB_Jin_Tao/simulation/simulation_ros2/build/driving_decision/prefix_override:/home/jin/AB_Jin_Tao/simulation/simulation_ros2/install/driving_decision/lib/python3.10/site-packages:${PYTHONPATH} /usr/bin/python3 setup.py egg_info --egg-base ../../build/driving_decision build --build-base /home/jin/AB_Jin_Tao/simulation/simulation_ros2/build/driving_decision/build install --record /home/jin/AB_Jin_Tao/simulation/simulation_ros2/build/driving_decision/install.log --single-version-externally-managed
[1.922s] running egg_info
[1.923s] writing ../../build/driving_decision/driving_decision.egg-info/PKG-INFO
[1.923s] writing dependency_links to ../../build/driving_decision/driving_decision.egg-info/dependency_links.txt
[1.923s] writing entry points to ../../build/driving_decision/driving_decision.egg-info/entry_points.txt
[1.923s] writing requirements to ../../build/driving_decision/driving_decision.egg-info/requires.txt
[1.923s] writing top-level names to ../../build/driving_decision/driving_decision.egg-info/top_level.txt
[1.924s] reading manifest file '../../build/driving_decision/driving_decision.egg-info/SOURCES.txt'
[1.924s] adding license file 'LICENSE'
[1.925s] writing manifest file '../../build/driving_decision/driving_decision.egg-info/SOURCES.txt'
[1.925s] running build
[1.925s] running build_py
[1.925s] running install
[1.925s] /usr/lib/python3/dist-packages/setuptools/command/install.py:34: SetuptoolsDeprecationWarning: setup.py install is deprecated. Use build and pip and other standards-based tools.
[1.925s]   warnings.warn(
[1.925s] running install_lib
[1.926s] running install_data
[1.927s] running install_egg_info
[1.928s] removing '/home/jin/AB_Jin_Tao/simulation/simulation_ros2/install/driving_decision/lib/python3.10/site-packages/driving_decision-0.0.0-py3.10.egg-info' (and everything under it)
[1.928s] Copying ../../build/driving_decision/driving_decision.egg-info to /home/jin/AB_Jin_Tao/simulation/simulation_ros2/install/driving_decision/lib/python3.10/site-packages/driving_decision-0.0.0-py3.10.egg-info
[1.928s] running install_scripts
[1.945s] Installing driving_decision_exec script to /home/jin/AB_Jin_Tao/simulation/simulation_ros2/install/driving_decision/lib/driving_decision
[1.945s] writing list of installed files to '/home/jin/AB_Jin_Tao/simulation/simulation_ros2/build/driving_decision/install.log'
[1.968s] Invoked command in '/home/jin/AB_Jin_Tao/simulation/simulation_ros2/src/driving_decision' returned '0': PYTHONPATH=/home/jin/AB_Jin_Tao/simulation/simulation_ros2/build/driving_decision/prefix_override:/home/jin/AB_Jin_Tao/simulation/simulation_ros2/install/driving_decision/lib/python3.10/site-packages:${PYTHONPATH} /usr/bin/python3 setup.py egg_info --egg-base ../../build/driving_decision build --build-base /home/jin/AB_Jin_Tao/simulation/simulation_ros2/build/driving_decision/build install --record /home/jin/AB_Jin_Tao/simulation/simulation_ros2/build/driving_decision/install.log --single-version-externally-managed
