[1.661s] Invoking command in '/home/jin/AB_Jin_Tao/simulation/simulation_ros2/src/update_vehicle_state': PYTHONPATH=/home/jin/AB_Jin_Tao/simulation/simulation_ros2/build/update_vehicle_state/prefix_override:/home/jin/AB_Jin_Tao/simulation/simulation_ros2/install/update_vehicle_state/lib/python3.10/site-packages:${PYTHONPATH} /usr/bin/python3 setup.py egg_info --egg-base ../../build/update_vehicle_state build --build-base /home/jin/AB_Jin_Tao/simulation/simulation_ros2/build/update_vehicle_state/build install --record /home/jin/AB_Jin_Tao/simulation/simulation_ros2/build/update_vehicle_state/install.log --single-version-externally-managed
[1.854s] running egg_info
[1.854s] writing ../../build/update_vehicle_state/update_vehicle_state.egg-info/PKG-INFO
[1.854s] writing dependency_links to ../../build/update_vehicle_state/update_vehicle_state.egg-info/dependency_links.txt
[1.854s] writing entry points to ../../build/update_vehicle_state/update_vehicle_state.egg-info/entry_points.txt
[1.854s] writing requirements to ../../build/update_vehicle_state/update_vehicle_state.egg-info/requires.txt
[1.854s] writing top-level names to ../../build/update_vehicle_state/update_vehicle_state.egg-info/top_level.txt
[1.854s] reading manifest file '../../build/update_vehicle_state/update_vehicle_state.egg-info/SOURCES.txt'
[1.855s] adding license file 'LICENSE'
[1.855s] writing manifest file '../../build/update_vehicle_state/update_vehicle_state.egg-info/SOURCES.txt'
[1.855s] running build
[1.855s] running build_py
[1.855s] copying update_vehicle_state/update_vehicle_state_node.py -> /home/jin/AB_Jin_Tao/simulation/simulation_ros2/build/update_vehicle_state/build/lib/update_vehicle_state
[1.856s] running install
[1.856s] /usr/lib/python3/dist-packages/setuptools/command/install.py:34: SetuptoolsDeprecationWarning: setup.py install is deprecated. Use build and pip and other standards-based tools.
[1.856s]   warnings.warn(
[1.856s] running install_lib
[1.856s] copying /home/jin/AB_Jin_Tao/simulation/simulation_ros2/build/update_vehicle_state/build/lib/update_vehicle_state/update_vehicle_state_node.py -> /home/jin/AB_Jin_Tao/simulation/simulation_ros2/install/update_vehicle_state/lib/python3.10/site-packages/update_vehicle_state
[1.857s] byte-compiling /home/jin/AB_Jin_Tao/simulation/simulation_ros2/install/update_vehicle_state/lib/python3.10/site-packages/update_vehicle_state/update_vehicle_state_node.py to update_vehicle_state_node.cpython-310.pyc
[1.857s] running install_data
[1.857s] running install_egg_info
[1.859s] removing '/home/jin/AB_Jin_Tao/simulation/simulation_ros2/install/update_vehicle_state/lib/python3.10/site-packages/update_vehicle_state-0.0.0-py3.10.egg-info' (and everything under it)
[1.859s] Copying ../../build/update_vehicle_state/update_vehicle_state.egg-info to /home/jin/AB_Jin_Tao/simulation/simulation_ros2/install/update_vehicle_state/lib/python3.10/site-packages/update_vehicle_state-0.0.0-py3.10.egg-info
[1.859s] running install_scripts
[1.874s] Installing update_vehicle_state_exec script to /home/jin/AB_Jin_Tao/simulation/simulation_ros2/install/update_vehicle_state/lib/update_vehicle_state
[1.874s] writing list of installed files to '/home/jin/AB_Jin_Tao/simulation/simulation_ros2/build/update_vehicle_state/install.log'
[1.893s] Invoked command in '/home/jin/AB_Jin_Tao/simulation/simulation_ros2/src/update_vehicle_state' returned '0': PYTHONPATH=/home/jin/AB_Jin_Tao/simulation/simulation_ros2/build/update_vehicle_state/prefix_override:/home/jin/AB_Jin_Tao/simulation/simulation_ros2/install/update_vehicle_state/lib/python3.10/site-packages:${PYTHONPATH} /usr/bin/python3 setup.py egg_info --egg-base ../../build/update_vehicle_state build --build-base /home/jin/AB_Jin_Tao/simulation/simulation_ros2/build/update_vehicle_state/build install --record /home/jin/AB_Jin_Tao/simulation/simulation_ros2/build/update_vehicle_state/install.log --single-version-externally-managed
