[1.357s] Invoking command in '/home/jin/AB_Jin_Tao/simulation/simulation_ros2/src/simulation_launch': PYTHONPATH=/home/jin/AB_Jin_Tao/simulation/simulation_ros2/build/simulation_launch/prefix_override:/home/jin/AB_Jin_Tao/simulation/simulation_ros2/install/simulation_launch/lib/python3.10/site-packages:${PYTHONPATH} /usr/bin/python3 setup.py egg_info --egg-base ../../build/simulation_launch build --build-base /home/jin/AB_Jin_Tao/simulation/simulation_ros2/build/simulation_launch/build install --record /home/jin/AB_Jin_Tao/simulation/simulation_ros2/build/simulation_launch/install.log --single-version-externally-managed
[1.519s] running egg_info
[1.519s] writing ../../build/simulation_launch/simulation_launch.egg-info/PKG-INFO
[1.520s] writing dependency_links to ../../build/simulation_launch/simulation_launch.egg-info/dependency_links.txt
[1.521s] writing entry points to ../../build/simulation_launch/simulation_launch.egg-info/entry_points.txt
[1.521s] writing requirements to ../../build/simulation_launch/simulation_launch.egg-info/requires.txt
[1.521s] writing top-level names to ../../build/simulation_launch/simulation_launch.egg-info/top_level.txt
[1.521s] reading manifest file '../../build/simulation_launch/simulation_launch.egg-info/SOURCES.txt'
[1.522s] writing manifest file '../../build/simulation_launch/simulation_launch.egg-info/SOURCES.txt'
[1.522s] running build
[1.522s] running build_py
[1.522s] running install
[1.522s] /usr/lib/python3/dist-packages/setuptools/command/install.py:34: SetuptoolsDeprecationWarning: setup.py install is deprecated. Use build and pip and other standards-based tools.
[1.522s]   warnings.warn(
[1.523s] running install_lib
[1.524s] running install_data
[1.524s] running install_egg_info
[1.525s] removing '/home/jin/AB_Jin_Tao/simulation/simulation_ros2/install/simulation_launch/lib/python3.10/site-packages/simulation_launch-0.0.0-py3.10.egg-info' (and everything under it)
[1.526s] Copying ../../build/simulation_launch/simulation_launch.egg-info to /home/jin/AB_Jin_Tao/simulation/simulation_ros2/install/simulation_launch/lib/python3.10/site-packages/simulation_launch-0.0.0-py3.10.egg-info
[1.526s] running install_scripts
[1.541s] writing list of installed files to '/home/jin/AB_Jin_Tao/simulation/simulation_ros2/build/simulation_launch/install.log'
[1.562s] Invoked command in '/home/jin/AB_Jin_Tao/simulation/simulation_ros2/src/simulation_launch' returned '0': PYTHONPATH=/home/jin/AB_Jin_Tao/simulation/simulation_ros2/build/simulation_launch/prefix_override:/home/jin/AB_Jin_Tao/simulation/simulation_ros2/install/simulation_launch/lib/python3.10/site-packages:${PYTHONPATH} /usr/bin/python3 setup.py egg_info --egg-base ../../build/simulation_launch build --build-base /home/jin/AB_Jin_Tao/simulation/simulation_ros2/build/simulation_launch/build install --record /home/jin/AB_Jin_Tao/simulation/simulation_ros2/build/simulation_launch/install.log --single-version-externally-managed
