[1.264s] Invoking command in '/home/jin/AB_Jin_Tao/simulation/simulation_ros2/src/driving_decision': PYTHONPATH=/home/jin/AB_Jin_Tao/simulation/simulation_ros2/build/driving_decision/prefix_override:/home/jin/AB_Jin_Tao/simulation/simulation_ros2/install/driving_decision/lib/python3.10/site-packages:${PYTHONPATH} /usr/bin/python3 setup.py egg_info --egg-base ../../build/driving_decision build --build-base /home/jin/AB_Jin_Tao/simulation/simulation_ros2/build/driving_decision/build install --record /home/jin/AB_Jin_Tao/simulation/simulation_ros2/build/driving_decision/install.log --single-version-externally-managed
[1.423s] running egg_info
[1.424s] writing ../../build/driving_decision/driving_decision.egg-info/PKG-INFO
[1.424s] writing dependency_links to ../../build/driving_decision/driving_decision.egg-info/dependency_links.txt
[1.424s] writing entry points to ../../build/driving_decision/driving_decision.egg-info/entry_points.txt
[1.426s] writing requirements to ../../build/driving_decision/driving_decision.egg-info/requires.txt
[1.426s] writing top-level names to ../../build/driving_decision/driving_decision.egg-info/top_level.txt
[1.427s] reading manifest file '../../build/driving_decision/driving_decision.egg-info/SOURCES.txt'
[1.427s] adding license file 'LICENSE'
[1.427s] writing manifest file '../../build/driving_decision/driving_decision.egg-info/SOURCES.txt'
[1.427s] running build
[1.427s] running build_py
[1.428s] /usr/lib/python3/dist-packages/setuptools/command/install.py:34: SetuptoolsDeprecationWarning: setup.py install is deprecated. Use build and pip and other standards-based tools.
[1.428s]   warnings.warn(
[1.428s] running install
[1.428s] running install_lib
[1.429s] running install_data
[1.429s] running install_egg_info
[1.430s] removing '/home/jin/AB_Jin_Tao/simulation/simulation_ros2/install/driving_decision/lib/python3.10/site-packages/driving_decision-0.0.0-py3.10.egg-info' (and everything under it)
[1.430s] Copying ../../build/driving_decision/driving_decision.egg-info to /home/jin/AB_Jin_Tao/simulation/simulation_ros2/install/driving_decision/lib/python3.10/site-packages/driving_decision-0.0.0-py3.10.egg-info
[1.431s] running install_scripts
[1.448s] Installing driving_decision_exec script to /home/jin/AB_Jin_Tao/simulation/simulation_ros2/install/driving_decision/lib/driving_decision
[1.448s] writing list of installed files to '/home/jin/AB_Jin_Tao/simulation/simulation_ros2/build/driving_decision/install.log'
[1.574s] Invoked command in '/home/jin/AB_Jin_Tao/simulation/simulation_ros2/src/driving_decision' returned '0': PYTHONPATH=/home/jin/AB_Jin_Tao/simulation/simulation_ros2/build/driving_decision/prefix_override:/home/jin/AB_Jin_Tao/simulation/simulation_ros2/install/driving_decision/lib/python3.10/site-packages:${PYTHONPATH} /usr/bin/python3 setup.py egg_info --egg-base ../../build/driving_decision build --build-base /home/jin/AB_Jin_Tao/simulation/simulation_ros2/build/driving_decision/build install --record /home/jin/AB_Jin_Tao/simulation/simulation_ros2/build/driving_decision/install.log --single-version-externally-managed
