running egg_info
creating ../../build/update_vehicle_state/update_vehicle_state.egg-info
writing ../../build/update_vehicle_state/update_vehicle_state.egg-info/PKG-INFO
writing dependency_links to ../../build/update_vehicle_state/update_vehicle_state.egg-info/dependency_links.txt
writing entry points to ../../build/update_vehicle_state/update_vehicle_state.egg-info/entry_points.txt
writing requirements to ../../build/update_vehicle_state/update_vehicle_state.egg-info/requires.txt
writing top-level names to ../../build/update_vehicle_state/update_vehicle_state.egg-info/top_level.txt
writing manifest file '../../build/update_vehicle_state/update_vehicle_state.egg-info/SOURCES.txt'
reading manifest file '../../build/update_vehicle_state/update_vehicle_state.egg-info/SOURCES.txt'
adding license file 'LICENSE'
writing manifest file '../../build/update_vehicle_state/update_vehicle_state.egg-info/SOURCES.txt'
running build
running build_py
creating /home/jin/AB_Jin_Tao/simulation/simulation_ros2/build/update_vehicle_state/build
creating /home/jin/AB_Jin_Tao/simulation/simulation_ros2/build/update_vehicle_state/build/lib
creating /home/jin/AB_Jin_Tao/simulation/simulation_ros2/build/update_vehicle_state/build/lib/update_vehicle_state
copying update_vehicle_state/update_vehicle_state_node.py -> /home/jin/AB_Jin_Tao/simulation/simulation_ros2/build/update_vehicle_state/build/lib/update_vehicle_state
copying update_vehicle_state/__init__.py -> /home/jin/AB_Jin_Tao/simulation/simulation_ros2/build/update_vehicle_state/build/lib/update_vehicle_state
running install
running install_lib
creating /home/jin/AB_Jin_Tao/simulation/simulation_ros2/install/update_vehicle_state/lib/python3.10/site-packages/update_vehicle_state
copying /home/jin/AB_Jin_Tao/simulation/simulation_ros2/build/update_vehicle_state/build/lib/update_vehicle_state/update_vehicle_state_node.py -> /home/jin/AB_Jin_Tao/simulation/simulation_ros2/install/update_vehicle_state/lib/python3.10/site-packages/update_vehicle_state
copying /home/jin/AB_Jin_Tao/simulation/simulation_ros2/build/update_vehicle_state/build/lib/update_vehicle_state/__init__.py -> /home/jin/AB_Jin_Tao/simulation/simulation_ros2/install/update_vehicle_state/lib/python3.10/site-packages/update_vehicle_state
byte-compiling /home/jin/AB_Jin_Tao/simulation/simulation_ros2/install/update_vehicle_state/lib/python3.10/site-packages/update_vehicle_state/update_vehicle_state_node.py to update_vehicle_state_node.cpython-310.pyc
byte-compiling /home/jin/AB_Jin_Tao/simulation/simulation_ros2/install/update_vehicle_state/lib/python3.10/site-packages/update_vehicle_state/__init__.py to __init__.cpython-310.pyc
running install_data
creating /home/jin/AB_Jin_Tao/simulation/simulation_ros2/install/update_vehicle_state/share/ament_index
creating /home/jin/AB_Jin_Tao/simulation/simulation_ros2/install/update_vehicle_state/share/ament_index/resource_index
creating /home/jin/AB_Jin_Tao/simulation/simulation_ros2/install/update_vehicle_state/share/ament_index/resource_index/packages
copying resource/update_vehicle_state -> /home/jin/AB_Jin_Tao/simulation/simulation_ros2/install/update_vehicle_state/share/ament_index/resource_index/packages
copying package.xml -> /home/jin/AB_Jin_Tao/simulation/simulation_ros2/install/update_vehicle_state/share/update_vehicle_state
running install_egg_info
Copying ../../build/update_vehicle_state/update_vehicle_state.egg-info to /home/jin/AB_Jin_Tao/simulation/simulation_ros2/install/update_vehicle_state/lib/python3.10/site-packages/update_vehicle_state-0.0.0-py3.10.egg-info
running install_scripts
Installing update_vehicle_state_exec script to /home/jin/AB_Jin_Tao/simulation/simulation_ros2/install/update_vehicle_state/lib/update_vehicle_state
writing list of installed files to '/home/jin/AB_Jin_Tao/simulation/simulation_ros2/build/update_vehicle_state/install.log'
