[0.666s] Invoking command in '/home/jin/AB_Jin_Tao/simulation/simulation_ros2/src/driving_decision': PYTHONPATH=/home/jin/AB_Jin_Tao/simulation/simulation_ros2/build/driving_decision/prefix_override:/home/jin/AB_Jin_Tao/simulation/simulation_ros2/install/driving_decision/lib/python3.10/site-packages:${PYTHONPATH} /usr/bin/python3 setup.py egg_info --egg-base ../../build/driving_decision build --build-base /home/jin/AB_Jin_Tao/simulation/simulation_ros2/build/driving_decision/build install --record /home/jin/AB_Jin_Tao/simulation/simulation_ros2/build/driving_decision/install.log --single-version-externally-managed
[0.806s] running egg_info
[0.806s] writing ../../build/driving_decision/driving_decision.egg-info/PKG-INFO
[0.807s] writing dependency_links to ../../build/driving_decision/driving_decision.egg-info/dependency_links.txt
[0.807s] writing entry points to ../../build/driving_decision/driving_decision.egg-info/entry_points.txt
[0.807s] writing requirements to ../../build/driving_decision/driving_decision.egg-info/requires.txt
[0.807s] writing top-level names to ../../build/driving_decision/driving_decision.egg-info/top_level.txt
[0.808s] reading manifest file '../../build/driving_decision/driving_decision.egg-info/SOURCES.txt'
[0.808s] adding license file 'LICENSE'
[0.808s] writing manifest file '../../build/driving_decision/driving_decision.egg-info/SOURCES.txt'
[0.809s] running build
[0.809s] running build_py
[0.809s] copying driving_decision/driving_decision_node.py -> /home/jin/AB_Jin_Tao/simulation/simulation_ros2/build/driving_decision/build/lib/driving_decision
[0.809s] running install
[0.809s] /usr/lib/python3/dist-packages/setuptools/command/install.py:34: SetuptoolsDeprecationWarning: setup.py install is deprecated. Use build and pip and other standards-based tools.
[0.809s]   warnings.warn(
[0.809s] running install_lib
[0.810s] copying /home/jin/AB_Jin_Tao/simulation/simulation_ros2/build/driving_decision/build/lib/driving_decision/driving_decision_node.py -> /home/jin/AB_Jin_Tao/simulation/simulation_ros2/install/driving_decision/lib/python3.10/site-packages/driving_decision
[0.810s] byte-compiling /home/jin/AB_Jin_Tao/simulation/simulation_ros2/install/driving_decision/lib/python3.10/site-packages/driving_decision/driving_decision_node.py to driving_decision_node.cpython-310.pyc
[0.810s] running install_data
[0.811s] running install_egg_info
[0.812s] removing '/home/jin/AB_Jin_Tao/simulation/simulation_ros2/install/driving_decision/lib/python3.10/site-packages/driving_decision-0.0.0-py3.10.egg-info' (and everything under it)
[0.812s] Copying ../../build/driving_decision/driving_decision.egg-info to /home/jin/AB_Jin_Tao/simulation/simulation_ros2/install/driving_decision/lib/python3.10/site-packages/driving_decision-0.0.0-py3.10.egg-info
[0.812s] running install_scripts
[0.825s] Installing driving_decision_exec script to /home/jin/AB_Jin_Tao/simulation/simulation_ros2/install/driving_decision/lib/driving_decision
[0.826s] writing list of installed files to '/home/jin/AB_Jin_Tao/simulation/simulation_ros2/build/driving_decision/install.log'
[0.846s] Invoked command in '/home/jin/AB_Jin_Tao/simulation/simulation_ros2/src/driving_decision' returned '0': PYTHONPATH=/home/jin/AB_Jin_Tao/simulation/simulation_ros2/build/driving_decision/prefix_override:/home/jin/AB_Jin_Tao/simulation/simulation_ros2/install/driving_decision/lib/python3.10/site-packages:${PYTHONPATH} /usr/bin/python3 setup.py egg_info --egg-base ../../build/driving_decision build --build-base /home/jin/AB_Jin_Tao/simulation/simulation_ros2/build/driving_decision/build install --record /home/jin/AB_Jin_Tao/simulation/simulation_ros2/build/driving_decision/install.log --single-version-externally-managed
